2024-03-16 21:16:12.776 [info] Extension host with pid 609 started
2024-03-16 21:16:12.784 [info] Lock '/home/spence8/.vscode-server/data/User/workspaceStorage/b63c153fe75fde838fd4a584bbbd26ef/vscode.lock': Lock acquired.
2024-03-16 21:16:12.987 [info] ExtensionService#_doActivateExtension vscode.tunnel-forwarding, startup: false, activationEvent: 'onTunnel'
2024-03-16 21:16:12.989 [info] ExtensionService#_doActivateExtension vscode.emmet, startup: false, activationEvent: 'onLanguage'
2024-03-16 21:16:12.989 [info] ExtensionService#_doActivateExtension vscode.html-language-features, startup: false, activationEvent: 'onLanguage:html'
2024-03-16 21:16:13.274 [info] ExtensionService#_doActivateExtension vscode.git-base, startup: true, activationEvent: '*', root cause: vscode.git
2024-03-16 21:16:13.283 [info] ExtensionService#_doActivateExtension vscode.git, startup: true, activationEvent: '*'
2024-03-16 21:16:13.283 [info] ExtensionService#_doActivateExtension vscode.github, startup: true, activationEvent: '*'
2024-03-16 21:16:13.362 [info] Eager extensions activated
2024-03-16 21:16:13.362 [info] ExtensionService#_doActivateExtension vscode.debug-auto-launch, startup: false, activationEvent: 'onStartupFinished'
2024-03-16 21:16:13.362 [info] ExtensionService#_doActivateExtension vscode.merge-conflict, startup: false, activationEvent: 'onStartupFinished'
2024-03-16 21:16:13.363 [info] ExtensionService#_doActivateExtension ritwickdey.LiveServer, startup: false, activationEvent: 'onStartupFinished'
2024-03-16 21:16:13.591 [warning] [Decorations] CAPPING events from decorations provider vscode.git 8753
2024-03-16 21:16:14.121 [info] ExtensionService#_doActivateExtension vscode.json-language-features, startup: false, activationEvent: 'onLanguage:jsonc'
2024-03-16 21:16:14.121 [info] ExtensionService#_doActivateExtension vscode.typescript-language-features, startup: false, activationEvent: 'onLanguage:jsonc'
2024-03-16 21:16:18.363 [warning] [Decorations] CAPPING events from decorations provider vscode.git 8755
2024-03-16 21:16:24.349 [warning] [Decorations] CAPPING events from decorations provider vscode.git 8761
2024-03-16 21:16:52.571 [warning] [Decorations] CAPPING events from decorations provider vscode.git 8761
2024-03-16 21:16:52.661 [warning] [Decorations] CAPPING events from decorations provider vscode.git 8761
2024-03-16 21:16:57.752 [warning] [Decorations] CAPPING events from decorations provider vscode.git 8761
2024-03-16 21:16:58.940 [warning] [Decorations] CAPPING events from decorations provider vscode.git 8761
2024-03-16 21:16:59.241 [warning] [Decorations] CAPPING events from decorations provider vscode.git 3569
2024-03-16 21:17:03.581 [warning] [Decorations] CAPPING events from decorations provider vscode.git 3569
2024-03-16 21:17:10.097 [warning] [Decorations] CAPPING events from decorations provider vscode.git 3569
