2024-01-10 08:47:46.312 [info] Log level: Info
2024-01-10 08:47:46.312 [info] Validating found git in: "git"
2024-01-10 08:47:46.312 [info] Using git "2.34.1" from "git"
2024-01-10 08:47:46.312 [info] > git rev-parse --show-toplevel [2ms]
2024-01-10 08:47:46.312 [info] > git rev-parse --git-dir --git-common-dir [2ms]
2024-01-10 08:47:46.312 [info] Open repository: /home/spence8/member-spencer-odin-recipes
2024-01-10 08:47:46.312 [info] > git rev-parse --show-toplevel [3ms]
2024-01-10 08:47:46.313 [info] > git config --get commit.template [5ms]
2024-01-10 08:47:46.318 [info] > git rev-parse --show-toplevel [3ms]
2024-01-10 08:47:46.320 [info] > git for-each-ref --format=%(refname)%00%(upstream:short)%00%(objectname)%00%(upstream:track)%00%(upstream:remotename)%00%(upstream:remoteref) refs/heads/main refs/remotes/main [3ms]
2024-01-10 08:47:46.324 [info] > git status -z -uall [1ms]
2024-01-10 08:47:46.332 [info] > git config --get commit.template [2ms]
2024-01-10 08:47:46.335 [info] > git for-each-ref --format=%(refname)%00%(upstream:short)%00%(objectname)%00%(upstream:track)%00%(upstream:remotename)%00%(upstream:remoteref) refs/heads/main refs/remotes/main [1ms]
2024-01-10 08:47:46.338 [info] > git status -z -uall [1ms]
2024-01-10 08:47:46.835 [info] > git check-ignore -v -z --stdin [0ms]
2024-01-10 08:47:52.901 [info] > git show --textconv :style.css [3ms]
2024-01-10 08:47:52.901 [info] > git ls-files --stage -- /home/spence8/member-spencer-odin-recipes/style.css [1ms]
2024-01-10 08:47:52.903 [info] > git cat-file -s 327bf2f5e9b9bd4b20bf4f1fe5cb72f5f1ac5acd [0ms]
2024-01-10 08:47:55.408 [info] > git show --textconv :index.html [2ms]
2024-01-10 08:47:55.409 [info] > git ls-files --stage -- /home/spence8/member-spencer-odin-recipes/index.html [0ms]
2024-01-10 08:47:55.411 [info] > git cat-file -s d55f0ba68075898f974ccceb2ce1812d34821777 [0ms]
2024-01-10 08:47:57.317 [info] > git show --textconv :recipes/hamburgers.html [4ms]
2024-01-10 08:47:57.317 [info] > git ls-files --stage -- /home/spence8/member-spencer-odin-recipes/recipes/hamburgers.html [1ms]
2024-01-10 08:47:57.320 [info] > git cat-file -s adc6a2297868c302a61b97c456e0842f4e59110c [1ms]
2024-01-10 08:48:01.780 [info] > git show --textconv :recipes/burger.css [3ms]
2024-01-10 08:48:01.780 [info] > git ls-files --stage -- /home/spence8/member-spencer-odin-recipes/recipes/burger.css [1ms]
2024-01-10 08:48:01.783 [info] > git cat-file -s 5dd3d551c69697ddd2fb2e4dafa10f5e07c68c3b [1ms]
2024-01-10 08:48:11.978 [info] > git show --textconv :recipes/hamburgers.html [3ms]
2024-01-10 08:48:11.979 [info] > git ls-files --stage -- /home/spence8/member-spencer-odin-recipes/recipes/hamburgers.html [1ms]
2024-01-10 08:48:11.981 [info] > git cat-file -s adc6a2297868c302a61b97c456e0842f4e59110c [1ms]
2024-01-10 08:49:17.086 [info] > git show --textconv :index.html [2ms]
2024-01-10 08:49:17.086 [info] > git ls-files --stage -- /home/spence8/member-spencer-odin-recipes/index.html [0ms]
2024-01-10 08:49:17.089 [info] > git cat-file -s d55f0ba68075898f974ccceb2ce1812d34821777 [1ms]
2024-01-10 08:49:18.080 [info] > git show --textconv :recipes/hamburgers.html [4ms]
2024-01-10 08:49:18.080 [info] > git ls-files --stage -- /home/spence8/member-spencer-odin-recipes/recipes/hamburgers.html [1ms]
2024-01-10 08:49:18.083 [info] > git cat-file -s adc6a2297868c302a61b97c456e0842f4e59110c [1ms]
2024-01-10 08:49:20.483 [info] > git show --textconv :index.html [3ms]
2024-01-10 08:49:20.483 [info] > git ls-files --stage -- /home/spence8/member-spencer-odin-recipes/index.html [1ms]
2024-01-10 08:49:20.486 [info] > git cat-file -s d55f0ba68075898f974ccceb2ce1812d34821777 [1ms]
2024-01-10 08:49:21.146 [info] > git show --textconv :recipes/hamburgers.html [3ms]
2024-01-10 08:49:21.146 [info] > git ls-files --stage -- /home/spence8/member-spencer-odin-recipes/recipes/hamburgers.html [1ms]
2024-01-10 08:49:21.148 [info] > git cat-file -s adc6a2297868c302a61b97c456e0842f4e59110c [0ms]
2024-01-10 08:49:37.341 [info] > git show --textconv :recipes/burger.css [3ms]
2024-01-10 08:49:37.341 [info] > git ls-files --stage -- /home/spence8/member-spencer-odin-recipes/recipes/burger.css [1ms]
2024-01-10 08:49:37.344 [info] > git cat-file -s 5dd3d551c69697ddd2fb2e4dafa10f5e07c68c3b [1ms]
2024-01-10 08:50:50.978 [info] > git config --get commit.template [3ms]
2024-01-10 08:50:50.979 [info] > git for-each-ref --format=%(refname)%00%(upstream:short)%00%(objectname)%00%(upstream:track)%00%(upstream:remotename)%00%(upstream:remoteref) refs/heads/main refs/remotes/main [1ms]
2024-01-10 08:50:50.982 [info] > git status -z -uall [1ms]
2024-01-10 08:51:16.190 [info] > git config --get commit.template [1ms]
2024-01-10 08:51:16.194 [info] > git for-each-ref --format=%(refname)%00%(upstream:short)%00%(objectname)%00%(upstream:track)%00%(upstream:remotename)%00%(upstream:remoteref) refs/heads/main refs/remotes/main [1ms]
2024-01-10 08:51:16.198 [info] > git status -z -uall [1ms]
2024-01-10 08:51:18.274 [info] > git show --textconv :recipes/hamburgers.html [2ms]
2024-01-10 08:51:18.274 [info] > git ls-files --stage -- /home/spence8/member-spencer-odin-recipes/recipes/hamburgers.html [1ms]
2024-01-10 08:51:18.276 [info] > git cat-file -s adc6a2297868c302a61b97c456e0842f4e59110c [0ms]
2024-01-10 08:51:21.077 [info] > git show --textconv :recipes/burger.css [3ms]
2024-01-10 08:51:21.078 [info] > git ls-files --stage -- /home/spence8/member-spencer-odin-recipes/recipes/burger.css [1ms]
2024-01-10 08:51:21.080 [info] > git cat-file -s 5dd3d551c69697ddd2fb2e4dafa10f5e07c68c3b [0ms]
2024-01-10 08:52:36.573 [info] > git config --get commit.template [3ms]
2024-01-10 08:52:36.574 [info] > git for-each-ref --format=%(refname)%00%(upstream:short)%00%(objectname)%00%(upstream:track)%00%(upstream:remotename)%00%(upstream:remoteref) refs/heads/main refs/remotes/main [1ms]
2024-01-10 08:52:36.577 [info] > git status -z -uall [1ms]
2024-01-10 08:53:04.500 [info] > git config --get commit.template [0ms]
2024-01-10 08:53:04.503 [info] > git for-each-ref --format=%(refname)%00%(upstream:short)%00%(objectname)%00%(upstream:track)%00%(upstream:remotename)%00%(upstream:remoteref) refs/heads/main refs/remotes/main [1ms]
2024-01-10 08:53:04.506 [info] > git status -z -uall [1ms]
2024-01-10 08:53:17.087 [info] > git config --get commit.template [1ms]
2024-01-10 08:53:17.091 [info] > git for-each-ref --format=%(refname)%00%(upstream:short)%00%(objectname)%00%(upstream:track)%00%(upstream:remotename)%00%(upstream:remoteref) refs/heads/main refs/remotes/main [1ms]
2024-01-10 08:53:17.095 [info] > git status -z -uall [1ms]
2024-01-10 08:53:26.632 [info] > git config --get commit.template [1ms]
2024-01-10 08:53:26.635 [info] > git for-each-ref --format=%(refname)%00%(upstream:short)%00%(objectname)%00%(upstream:track)%00%(upstream:remotename)%00%(upstream:remoteref) refs/heads/main refs/remotes/main [1ms]
2024-01-10 08:53:26.638 [info] > git status -z -uall [0ms]
2024-01-10 08:53:36.119 [info] > git config --get commit.template [4ms]
2024-01-10 08:53:36.120 [info] > git for-each-ref --format=%(refname)%00%(upstream:short)%00%(objectname)%00%(upstream:track)%00%(upstream:remotename)%00%(upstream:remoteref) refs/heads/main refs/remotes/main [1ms]
2024-01-10 08:53:36.123 [info] > git status -z -uall [1ms]
2024-01-10 08:53:46.065 [info] > git config --get commit.template [1ms]
2024-01-10 08:53:46.068 [info] > git for-each-ref --format=%(refname)%00%(upstream:short)%00%(objectname)%00%(upstream:track)%00%(upstream:remotename)%00%(upstream:remoteref) refs/heads/main refs/remotes/main [1ms]
2024-01-10 08:53:46.071 [info] > git status -z -uall [1ms]
2024-01-10 08:54:08.590 [info] > git config --get commit.template [1ms]
2024-01-10 08:54:08.593 [info] > git for-each-ref --format=%(refname)%00%(upstream:short)%00%(objectname)%00%(upstream:track)%00%(upstream:remotename)%00%(upstream:remoteref) refs/heads/main refs/remotes/main [1ms]
2024-01-10 08:54:08.595 [info] > git status -z -uall [0ms]
2024-01-10 08:54:22.970 [info] > git config --get commit.template [0ms]
2024-01-10 08:54:22.974 [info] > git for-each-ref --format=%(refname)%00%(upstream:short)%00%(objectname)%00%(upstream:track)%00%(upstream:remotename)%00%(upstream:remoteref) refs/heads/main refs/remotes/main [1ms]
2024-01-10 08:54:22.978 [info] > git status -z -uall [1ms]
2024-01-10 08:54:39.057 [info] > git show --textconv :recipes/hamburgers.html [3ms]
2024-01-10 08:54:39.057 [info] > git ls-files --stage -- /home/spence8/member-spencer-odin-recipes/recipes/hamburgers.html [1ms]
2024-01-10 08:54:39.059 [info] > git cat-file -s adc6a2297868c302a61b97c456e0842f4e59110c [0ms]
2024-01-10 08:54:42.285 [info] > git show --textconv :recipes/burger.css [2ms]
2024-01-10 08:54:42.286 [info] > git ls-files --stage -- /home/spence8/member-spencer-odin-recipes/recipes/burger.css [1ms]
2024-01-10 08:54:42.288 [info] > git cat-file -s 5dd3d551c69697ddd2fb2e4dafa10f5e07c68c3b [1ms]
2024-01-10 08:55:03.751 [info] > git config --get commit.template [0ms]
2024-01-10 08:55:03.755 [info] > git for-each-ref --format=%(refname)%00%(upstream:short)%00%(objectname)%00%(upstream:track)%00%(upstream:remotename)%00%(upstream:remoteref) refs/heads/main refs/remotes/main [1ms]
2024-01-10 08:55:03.758 [info] > git status -z -uall [0ms]
2024-01-10 08:55:10.131 [info] > git config --get commit.template [3ms]
2024-01-10 08:55:10.131 [info] > git for-each-ref --format=%(refname)%00%(upstream:short)%00%(objectname)%00%(upstream:track)%00%(upstream:remotename)%00%(upstream:remoteref) refs/heads/main refs/remotes/main [0ms]
2024-01-10 08:55:10.134 [info] > git status -z -uall [0ms]
2024-01-10 08:55:38.126 [info] > git config --get commit.template [0ms]
2024-01-10 08:55:38.129 [info] > git for-each-ref --format=%(refname)%00%(upstream:short)%00%(objectname)%00%(upstream:track)%00%(upstream:remotename)%00%(upstream:remoteref) refs/heads/main refs/remotes/main [1ms]
2024-01-10 08:55:38.132 [info] > git status -z -uall [0ms]
2024-01-10 08:55:48.267 [info] > git config --get commit.template [0ms]
2024-01-10 08:55:48.270 [info] > git for-each-ref --format=%(refname)%00%(upstream:short)%00%(objectname)%00%(upstream:track)%00%(upstream:remotename)%00%(upstream:remoteref) refs/heads/main refs/remotes/main [1ms]
2024-01-10 08:55:48.274 [info] > git status -z -uall [1ms]
2024-01-10 08:56:04.747 [info] > git config --get commit.template [4ms]
2024-01-10 08:56:04.747 [info] > git for-each-ref --format=%(refname)%00%(upstream:short)%00%(objectname)%00%(upstream:track)%00%(upstream:remotename)%00%(upstream:remoteref) refs/heads/main refs/remotes/main [0ms]
2024-01-10 08:56:04.750 [info] > git status -z -uall [0ms]
2024-01-10 08:56:17.044 [info] > git show --textconv :recipes/hamburgers.html [3ms]
2024-01-10 08:56:17.044 [info] > git ls-files --stage -- /home/spence8/member-spencer-odin-recipes/recipes/hamburgers.html [1ms]
2024-01-10 08:56:17.047 [info] > git cat-file -s adc6a2297868c302a61b97c456e0842f4e59110c [1ms]
2024-01-10 08:58:03.665 [info] > git config --get commit.template [0ms]
2024-01-10 08:58:03.668 [info] > git for-each-ref --format=%(refname)%00%(upstream:short)%00%(objectname)%00%(upstream:track)%00%(upstream:remotename)%00%(upstream:remoteref) refs/heads/main refs/remotes/main [1ms]
2024-01-10 08:58:03.671 [info] > git status -z -uall [0ms]
2024-01-10 08:58:35.648 [info] > git config --get commit.template [2ms]
2024-01-10 08:58:35.649 [info] > git for-each-ref --format=%(refname)%00%(upstream:short)%00%(objectname)%00%(upstream:track)%00%(upstream:remotename)%00%(upstream:remoteref) refs/heads/main refs/remotes/main [1ms]
2024-01-10 08:58:35.653 [info] > git status -z -uall [1ms]
2024-01-10 08:58:39.149 [info] > git show --textconv :recipes/burger.css [3ms]
2024-01-10 08:58:39.149 [info] > git ls-files --stage -- /home/spence8/member-spencer-odin-recipes/recipes/burger.css [0ms]
2024-01-10 08:58:39.152 [info] > git cat-file -s 5dd3d551c69697ddd2fb2e4dafa10f5e07c68c3b [0ms]
2024-01-10 08:59:27.057 [info] > git config --get commit.template [3ms]
2024-01-10 08:59:27.058 [info] > git for-each-ref --format=%(refname)%00%(upstream:short)%00%(objectname)%00%(upstream:track)%00%(upstream:remotename)%00%(upstream:remoteref) refs/heads/main refs/remotes/main [1ms]
2024-01-10 08:59:27.061 [info] > git status -z -uall [1ms]
2024-01-10 08:59:51.474 [info] > git config --get commit.template [1ms]
2024-01-10 08:59:51.477 [info] > git for-each-ref --format=%(refname)%00%(upstream:short)%00%(objectname)%00%(upstream:track)%00%(upstream:remotename)%00%(upstream:remoteref) refs/heads/main refs/remotes/main [1ms]
2024-01-10 08:59:51.479 [info] > git status -z -uall [0ms]
2024-01-10 09:00:58.002 [info] > git config --get commit.template [4ms]
2024-01-10 09:00:58.002 [info] > git for-each-ref --format=%(refname)%00%(upstream:short)%00%(objectname)%00%(upstream:track)%00%(upstream:remotename)%00%(upstream:remoteref) refs/heads/main refs/remotes/main [0ms]
2024-01-10 09:00:58.005 [info] > git status -z -uall [0ms]
2024-01-10 09:01:24.736 [info] > git config --get commit.template [1ms]
2024-01-10 09:01:24.739 [info] > git for-each-ref --format=%(refname)%00%(upstream:short)%00%(objectname)%00%(upstream:track)%00%(upstream:remotename)%00%(upstream:remoteref) refs/heads/main refs/remotes/main [1ms]
2024-01-10 09:01:24.742 [info] > git status -z -uall [1ms]
2024-01-10 09:01:40.367 [info] > git config --get commit.template [4ms]
2024-01-10 09:01:40.367 [info] > git for-each-ref --format=%(refname)%00%(upstream:short)%00%(objectname)%00%(upstream:track)%00%(upstream:remotename)%00%(upstream:remoteref) refs/heads/main refs/remotes/main [0ms]
2024-01-10 09:01:40.370 [info] > git status -z -uall [1ms]
2024-01-10 09:01:47.723 [info] > git config --get commit.template [3ms]
2024-01-10 09:01:47.724 [info] > git for-each-ref --format=%(refname)%00%(upstream:short)%00%(objectname)%00%(upstream:track)%00%(upstream:remotename)%00%(upstream:remoteref) refs/heads/main refs/remotes/main [1ms]
2024-01-10 09:01:47.726 [info] > git status -z -uall [0ms]
2024-01-10 09:01:52.732 [info] > git config --get commit.template [1ms]
2024-01-10 09:01:52.735 [info] > git for-each-ref --format=%(refname)%00%(upstream:short)%00%(objectname)%00%(upstream:track)%00%(upstream:remotename)%00%(upstream:remoteref) refs/heads/main refs/remotes/main [1ms]
2024-01-10 09:01:52.738 [info] > git status -z -uall [1ms]
2024-01-10 09:01:59.609 [info] > git config --get commit.template [4ms]
2024-01-10 09:01:59.609 [info] > git for-each-ref --format=%(refname)%00%(upstream:short)%00%(objectname)%00%(upstream:track)%00%(upstream:remotename)%00%(upstream:remoteref) refs/heads/main refs/remotes/main [1ms]
2024-01-10 09:01:59.612 [info] > git status -z -uall [0ms]
2024-01-10 09:02:09.621 [info] > git config --get commit.template [3ms]
2024-01-10 09:02:09.622 [info] > git for-each-ref --format=%(refname)%00%(upstream:short)%00%(objectname)%00%(upstream:track)%00%(upstream:remotename)%00%(upstream:remoteref) refs/heads/main refs/remotes/main [1ms]
2024-01-10 09:02:09.624 [info] > git status -z -uall [0ms]
2024-01-10 09:02:23.343 [info] > git show --textconv :recipes/hamburgers.html [2ms]
2024-01-10 09:02:23.344 [info] > git ls-files --stage -- /home/spence8/member-spencer-odin-recipes/recipes/hamburgers.html [1ms]
2024-01-10 09:02:23.347 [info] > git cat-file -s adc6a2297868c302a61b97c456e0842f4e59110c [1ms]
2024-01-10 09:02:52.029 [info] > git show --textconv :recipes/burger.css [2ms]
2024-01-10 09:02:52.029 [info] > git ls-files --stage -- /home/spence8/member-spencer-odin-recipes/recipes/burger.css [1ms]
2024-01-10 09:02:52.031 [info] > git cat-file -s 5dd3d551c69697ddd2fb2e4dafa10f5e07c68c3b [0ms]
2024-01-10 09:02:55.990 [info] > git show --textconv :recipes/hamburgers.html [3ms]
2024-01-10 09:02:55.990 [info] > git ls-files --stage -- /home/spence8/member-spencer-odin-recipes/recipes/hamburgers.html [1ms]
2024-01-10 09:02:55.993 [info] > git cat-file -s adc6a2297868c302a61b97c456e0842f4e59110c [1ms]
2024-01-10 09:04:07.177 [info] > git show --textconv :recipes/burger.css [4ms]
2024-01-10 09:04:07.178 [info] > git ls-files --stage -- /home/spence8/member-spencer-odin-recipes/recipes/burger.css [1ms]
2024-01-10 09:04:07.181 [info] > git cat-file -s 5dd3d551c69697ddd2fb2e4dafa10f5e07c68c3b [0ms]
2024-01-10 09:05:17.300 [info] > git config --get commit.template [3ms]
2024-01-10 09:05:17.301 [info] > git for-each-ref --format=%(refname)%00%(upstream:short)%00%(objectname)%00%(upstream:track)%00%(upstream:remotename)%00%(upstream:remoteref) refs/heads/main refs/remotes/main [1ms]
2024-01-10 09:05:17.303 [info] > git status -z -uall [0ms]
2024-01-10 09:05:50.631 [info] > git config --get commit.template [1ms]
2024-01-10 09:05:50.634 [info] > git for-each-ref --format=%(refname)%00%(upstream:short)%00%(objectname)%00%(upstream:track)%00%(upstream:remotename)%00%(upstream:remoteref) refs/heads/main refs/remotes/main [0ms]
2024-01-10 09:05:50.638 [info] > git status -z -uall [0ms]
2024-01-10 09:06:43.363 [info] > git config --get commit.template [1ms]
2024-01-10 09:06:43.367 [info] > git for-each-ref --format=%(refname)%00%(upstream:short)%00%(objectname)%00%(upstream:track)%00%(upstream:remotename)%00%(upstream:remoteref) refs/heads/main refs/remotes/main [1ms]
2024-01-10 09:06:43.371 [info] > git status -z -uall [1ms]
2024-01-10 09:07:41.811 [info] > git config --get commit.template [1ms]
2024-01-10 09:07:41.815 [info] > git for-each-ref --format=%(refname)%00%(upstream:short)%00%(objectname)%00%(upstream:track)%00%(upstream:remotename)%00%(upstream:remoteref) refs/heads/main refs/remotes/main [1ms]
2024-01-10 09:07:41.819 [info] > git status -z -uall [1ms]
2024-01-10 09:08:03.095 [info] > git config --get commit.template [3ms]
2024-01-10 09:08:03.095 [info] > git for-each-ref --format=%(refname)%00%(upstream:short)%00%(objectname)%00%(upstream:track)%00%(upstream:remotename)%00%(upstream:remoteref) refs/heads/main refs/remotes/main [1ms]
2024-01-10 09:08:03.098 [info] > git status -z -uall [1ms]
2024-01-10 09:08:18.260 [info] > git config --get commit.template [3ms]
2024-01-10 09:08:18.260 [info] > git for-each-ref --format=%(refname)%00%(upstream:short)%00%(objectname)%00%(upstream:track)%00%(upstream:remotename)%00%(upstream:remoteref) refs/heads/main refs/remotes/main [0ms]
2024-01-10 09:08:18.263 [info] > git status -z -uall [0ms]
2024-01-10 09:08:53.804 [info] > git config --get commit.template [0ms]
2024-01-10 09:08:53.806 [info] > git for-each-ref --format=%(refname)%00%(upstream:short)%00%(objectname)%00%(upstream:track)%00%(upstream:remotename)%00%(upstream:remoteref) refs/heads/main refs/remotes/main [0ms]
2024-01-10 09:08:53.809 [info] > git status -z -uall [0ms]
2024-01-10 09:09:01.397 [info] > git config --get commit.template [3ms]
2024-01-10 09:09:01.397 [info] > git for-each-ref --format=%(refname)%00%(upstream:short)%00%(objectname)%00%(upstream:track)%00%(upstream:remotename)%00%(upstream:remoteref) refs/heads/main refs/remotes/main [1ms]
2024-01-10 09:09:01.401 [info] > git status -z -uall [1ms]
2024-01-10 09:09:15.560 [info] > git config --get commit.template [3ms]
2024-01-10 09:09:15.560 [info] > git for-each-ref --format=%(refname)%00%(upstream:short)%00%(objectname)%00%(upstream:track)%00%(upstream:remotename)%00%(upstream:remoteref) refs/heads/main refs/remotes/main [0ms]
2024-01-10 09:09:15.563 [info] > git status -z -uall [1ms]
2024-01-10 09:09:28.461 [info] > git config --get commit.template [4ms]
2024-01-10 09:09:28.462 [info] > git for-each-ref --format=%(refname)%00%(upstream:short)%00%(objectname)%00%(upstream:track)%00%(upstream:remotename)%00%(upstream:remoteref) refs/heads/main refs/remotes/main [1ms]
2024-01-10 09:09:28.466 [info] > git status -z -uall [1ms]
2024-01-10 09:09:40.220 [info] > git config --get commit.template [4ms]
2024-01-10 09:09:40.220 [info] > git for-each-ref --format=%(refname)%00%(upstream:short)%00%(objectname)%00%(upstream:track)%00%(upstream:remotename)%00%(upstream:remoteref) refs/heads/main refs/remotes/main [1ms]
2024-01-10 09:09:40.223 [info] > git status -z -uall [0ms]
2024-01-10 09:09:59.151 [info] > git config --get commit.template [3ms]
2024-01-10 09:09:59.152 [info] > git for-each-ref --format=%(refname)%00%(upstream:short)%00%(objectname)%00%(upstream:track)%00%(upstream:remotename)%00%(upstream:remoteref) refs/heads/main refs/remotes/main [1ms]
2024-01-10 09:09:59.155 [info] > git status -z -uall [1ms]
2024-01-10 09:10:05.232 [info] > git config --get commit.template [4ms]
2024-01-10 09:10:05.233 [info] > git for-each-ref --format=%(refname)%00%(upstream:short)%00%(objectname)%00%(upstream:track)%00%(upstream:remotename)%00%(upstream:remoteref) refs/heads/main refs/remotes/main [1ms]
2024-01-10 09:10:05.236 [info] > git status -z -uall [1ms]
2024-01-10 09:10:33.451 [info] > git config --get commit.template [3ms]
2024-01-10 09:10:33.451 [info] > git for-each-ref --format=%(refname)%00%(upstream:short)%00%(objectname)%00%(upstream:track)%00%(upstream:remotename)%00%(upstream:remoteref) refs/heads/main refs/remotes/main [1ms]
2024-01-10 09:10:33.454 [info] > git status -z -uall [0ms]
2024-01-10 09:11:30.381 [info] > git show --textconv :recipes/hamburgers.html [3ms]
2024-01-10 09:11:30.382 [info] > git ls-files --stage -- /home/spence8/member-spencer-odin-recipes/recipes/hamburgers.html [1ms]
2024-01-10 09:11:30.384 [info] > git cat-file -s adc6a2297868c302a61b97c456e0842f4e59110c [0ms]
2024-01-10 09:11:34.132 [info] > git show --textconv :recipes/burger.css [4ms]
2024-01-10 09:11:34.132 [info] > git ls-files --stage -- /home/spence8/member-spencer-odin-recipes/recipes/burger.css [1ms]
2024-01-10 09:11:34.135 [info] > git cat-file -s 5dd3d551c69697ddd2fb2e4dafa10f5e07c68c3b [1ms]
2024-01-10 09:11:54.145 [info] > git config --get commit.template [3ms]
2024-01-10 09:11:54.146 [info] > git for-each-ref --format=%(refname)%00%(upstream:short)%00%(objectname)%00%(upstream:track)%00%(upstream:remotename)%00%(upstream:remoteref) refs/heads/main refs/remotes/main [1ms]
2024-01-10 09:11:54.149 [info] > git status -z -uall [1ms]
2024-01-10 09:12:01.884 [info] > git config --get commit.template [1ms]
2024-01-10 09:12:01.887 [info] > git for-each-ref --format=%(refname)%00%(upstream:short)%00%(objectname)%00%(upstream:track)%00%(upstream:remotename)%00%(upstream:remoteref) refs/heads/main refs/remotes/main [1ms]
2024-01-10 09:12:01.890 [info] > git status -z -uall [1ms]
2024-01-10 09:12:24.910 [info] > git config --get commit.template [3ms]
2024-01-10 09:12:24.910 [info] > git for-each-ref --format=%(refname)%00%(upstream:short)%00%(objectname)%00%(upstream:track)%00%(upstream:remotename)%00%(upstream:remoteref) refs/heads/main refs/remotes/main [0ms]
2024-01-10 09:12:24.913 [info] > git status -z -uall [0ms]
2024-01-10 09:12:31.438 [info] > git config --get commit.template [0ms]
2024-01-10 09:12:31.441 [info] > git for-each-ref --format=%(refname)%00%(upstream:short)%00%(objectname)%00%(upstream:track)%00%(upstream:remotename)%00%(upstream:remoteref) refs/heads/main refs/remotes/main [0ms]
2024-01-10 09:12:31.444 [info] > git status -z -uall [0ms]
2024-01-10 09:12:32.467 [info] > git show --textconv :recipes/hamburgers.html [3ms]
2024-01-10 09:12:32.467 [info] > git ls-files --stage -- /home/spence8/member-spencer-odin-recipes/recipes/hamburgers.html [1ms]
2024-01-10 09:12:32.470 [info] > git cat-file -s adc6a2297868c302a61b97c456e0842f4e59110c [1ms]
2024-01-10 09:12:40.330 [info] > git show --textconv :recipes/burger.css [3ms]
2024-01-10 09:12:40.331 [info] > git ls-files --stage -- /home/spence8/member-spencer-odin-recipes/recipes/burger.css [2ms]
2024-01-10 09:12:40.334 [info] > git cat-file -s 5dd3d551c69697ddd2fb2e4dafa10f5e07c68c3b [1ms]
2024-01-10 09:12:55.132 [info] > git show --textconv :recipes/hamburgers.html [3ms]
2024-01-10 09:12:55.132 [info] > git ls-files --stage -- /home/spence8/member-spencer-odin-recipes/recipes/hamburgers.html [0ms]
2024-01-10 09:12:55.135 [info] > git cat-file -s adc6a2297868c302a61b97c456e0842f4e59110c [1ms]
2024-01-10 09:13:01.748 [info] > git show --textconv :index.html [3ms]
2024-01-10 09:13:01.749 [info] > git ls-files --stage -- /home/spence8/member-spencer-odin-recipes/index.html [1ms]
2024-01-10 09:13:01.752 [info] > git cat-file -s d55f0ba68075898f974ccceb2ce1812d34821777 [1ms]
2024-01-10 09:13:07.679 [info] > git show --textconv :style.css [2ms]
2024-01-10 09:13:07.680 [info] > git ls-files --stage -- /home/spence8/member-spencer-odin-recipes/style.css [1ms]
2024-01-10 09:13:07.682 [info] > git cat-file -s 327bf2f5e9b9bd4b20bf4f1fe5cb72f5f1ac5acd [0ms]
2024-01-10 09:13:13.858 [info] > git show --textconv :recipes/burger.css [4ms]
2024-01-10 09:13:13.859 [info] > git ls-files --stage -- /home/spence8/member-spencer-odin-recipes/recipes/burger.css [1ms]
2024-01-10 09:13:13.861 [info] > git cat-file -s 5dd3d551c69697ddd2fb2e4dafa10f5e07c68c3b [0ms]
2024-01-10 09:13:21.292 [info] > git config --get commit.template [3ms]
2024-01-10 09:13:21.293 [info] > git for-each-ref --format=%(refname)%00%(upstream:short)%00%(objectname)%00%(upstream:track)%00%(upstream:remotename)%00%(upstream:remoteref) refs/heads/main refs/remotes/main [1ms]
2024-01-10 09:13:21.296 [info] > git status -z -uall [1ms]
2024-01-10 09:13:24.977 [info] > git show --textconv :recipes/hamburgers.html [2ms]
2024-01-10 09:13:24.977 [info] > git ls-files --stage -- /home/spence8/member-spencer-odin-recipes/recipes/hamburgers.html [0ms]
2024-01-10 09:13:24.980 [info] > git cat-file -s adc6a2297868c302a61b97c456e0842f4e59110c [1ms]
2024-01-10 09:13:29.624 [info] > git show --textconv :recipes/burger.css [3ms]
2024-01-10 09:13:29.626 [info] > git ls-files --stage -- /home/spence8/member-spencer-odin-recipes/recipes/burger.css [1ms]
2024-01-10 09:13:29.629 [info] > git cat-file -s 5dd3d551c69697ddd2fb2e4dafa10f5e07c68c3b [0ms]
2024-01-10 09:13:37.768 [info] > git config --get commit.template [4ms]
2024-01-10 09:13:37.768 [info] > git for-each-ref --format=%(refname)%00%(upstream:short)%00%(objectname)%00%(upstream:track)%00%(upstream:remotename)%00%(upstream:remoteref) refs/heads/main refs/remotes/main [1ms]
2024-01-10 09:13:37.772 [info] > git status -z -uall [0ms]
2024-01-10 09:14:03.124 [info] > git config --get commit.template [4ms]
2024-01-10 09:14:03.124 [info] > git for-each-ref --format=%(refname)%00%(upstream:short)%00%(objectname)%00%(upstream:track)%00%(upstream:remotename)%00%(upstream:remoteref) refs/heads/main refs/remotes/main [0ms]
2024-01-10 09:14:03.127 [info] > git status -z -uall [1ms]
2024-01-10 09:14:12.512 [info] > git config --get commit.template [0ms]
2024-01-10 09:14:12.516 [info] > git for-each-ref --format=%(refname)%00%(upstream:short)%00%(objectname)%00%(upstream:track)%00%(upstream:remotename)%00%(upstream:remoteref) refs/heads/main refs/remotes/main [1ms]
2024-01-10 09:14:12.519 [info] > git status -z -uall [1ms]
2024-01-10 09:14:18.778 [info] > git show --textconv :recipes/hamburgers.html [3ms]
2024-01-10 09:14:18.778 [info] > git ls-files --stage -- /home/spence8/member-spencer-odin-recipes/recipes/hamburgers.html [0ms]
2024-01-10 09:14:18.781 [info] > git cat-file -s adc6a2297868c302a61b97c456e0842f4e59110c [1ms]
2024-01-10 09:14:25.056 [info] > git show --textconv :recipes/burger.css [3ms]
2024-01-10 09:14:25.056 [info] > git ls-files --stage -- /home/spence8/member-spencer-odin-recipes/recipes/burger.css [1ms]
2024-01-10 09:14:25.059 [info] > git cat-file -s 5dd3d551c69697ddd2fb2e4dafa10f5e07c68c3b [1ms]
2024-01-10 09:14:26.408 [info] > git show --textconv :style.css [5ms]
2024-01-10 09:14:26.409 [info] > git ls-files --stage -- /home/spence8/member-spencer-odin-recipes/style.css [0ms]
2024-01-10 09:14:26.411 [info] > git cat-file -s 327bf2f5e9b9bd4b20bf4f1fe5cb72f5f1ac5acd [1ms]
2024-01-10 09:14:33.319 [info] > git show --textconv :index.html [3ms]
2024-01-10 09:14:33.320 [info] > git ls-files --stage -- /home/spence8/member-spencer-odin-recipes/index.html [0ms]
2024-01-10 09:14:33.322 [info] > git cat-file -s d55f0ba68075898f974ccceb2ce1812d34821777 [0ms]
2024-01-10 09:14:34.757 [info] > git show --textconv :recipes/hamburgers.html [4ms]
2024-01-10 09:14:34.757 [info] > git ls-files --stage -- /home/spence8/member-spencer-odin-recipes/recipes/hamburgers.html [1ms]
2024-01-10 09:14:34.760 [info] > git cat-file -s adc6a2297868c302a61b97c456e0842f4e59110c [0ms]
2024-01-10 09:14:35.592 [info] > git show --textconv :recipes/burger.css [4ms]
2024-01-10 09:14:35.592 [info] > git ls-files --stage -- /home/spence8/member-spencer-odin-recipes/recipes/burger.css [1ms]
2024-01-10 09:14:35.596 [info] > git cat-file -s 5dd3d551c69697ddd2fb2e4dafa10f5e07c68c3b [2ms]
2024-01-10 09:15:04.578 [info] > git config --get commit.template [3ms]
2024-01-10 09:15:04.578 [info] > git for-each-ref --format=%(refname)%00%(upstream:short)%00%(objectname)%00%(upstream:track)%00%(upstream:remotename)%00%(upstream:remoteref) refs/heads/main refs/remotes/main [1ms]
2024-01-10 09:15:04.581 [info] > git status -z -uall [1ms]
2024-01-10 09:15:09.593 [info] > git config --get commit.template [3ms]
2024-01-10 09:15:09.594 [info] > git for-each-ref --format=%(refname)%00%(upstream:short)%00%(objectname)%00%(upstream:track)%00%(upstream:remotename)%00%(upstream:remoteref) refs/heads/main refs/remotes/main [1ms]
2024-01-10 09:15:09.596 [info] > git status -z -uall [0ms]
2024-01-10 09:15:25.200 [info] > git show --textconv :recipes/hamburgers.html [4ms]
2024-01-10 09:15:25.200 [info] > git ls-files --stage -- /home/spence8/member-spencer-odin-recipes/recipes/hamburgers.html [1ms]
2024-01-10 09:15:25.203 [info] > git cat-file -s adc6a2297868c302a61b97c456e0842f4e59110c [1ms]
2024-01-10 09:15:41.490 [info] > git config --get commit.template [3ms]
2024-01-10 09:15:41.490 [info] > git for-each-ref --format=%(refname)%00%(upstream:short)%00%(objectname)%00%(upstream:track)%00%(upstream:remotename)%00%(upstream:remoteref) refs/heads/main refs/remotes/main [0ms]
2024-01-10 09:15:41.493 [info] > git status -z -uall [1ms]
2024-01-10 09:16:02.325 [info] > git show --textconv :recipes/burger.css [3ms]
2024-01-10 09:16:02.326 [info] > git ls-files --stage -- /home/spence8/member-spencer-odin-recipes/recipes/burger.css [1ms]
2024-01-10 09:16:02.328 [info] > git cat-file -s 5dd3d551c69697ddd2fb2e4dafa10f5e07c68c3b [0ms]
2024-01-10 09:16:29.493 [info] > git config --get commit.template [1ms]
2024-01-10 09:16:29.496 [info] > git for-each-ref --format=%(refname)%00%(upstream:short)%00%(objectname)%00%(upstream:track)%00%(upstream:remotename)%00%(upstream:remoteref) refs/heads/main refs/remotes/main [1ms]
2024-01-10 09:16:29.499 [info] > git status -z -uall [0ms]
2024-01-10 09:16:34.507 [info] > git config --get commit.template [2ms]
2024-01-10 09:16:34.508 [info] > git for-each-ref --format=%(refname)%00%(upstream:short)%00%(objectname)%00%(upstream:track)%00%(upstream:remotename)%00%(upstream:remoteref) refs/heads/main refs/remotes/main [1ms]
2024-01-10 09:16:34.512 [info] > git status -z -uall [1ms]
2024-01-10 09:16:39.520 [info] > git config --get commit.template [0ms]
2024-01-10 09:16:39.523 [info] > git for-each-ref --format=%(refname)%00%(upstream:short)%00%(objectname)%00%(upstream:track)%00%(upstream:remotename)%00%(upstream:remoteref) refs/heads/main refs/remotes/main [0ms]
2024-01-10 09:16:39.525 [info] > git status -z -uall [0ms]
2024-01-10 09:16:57.612 [info] > git config --get commit.template [1ms]
2024-01-10 09:16:57.615 [info] > git for-each-ref --format=%(refname)%00%(upstream:short)%00%(objectname)%00%(upstream:track)%00%(upstream:remotename)%00%(upstream:remoteref) refs/heads/main refs/remotes/main [1ms]
2024-01-10 09:16:57.618 [info] > git status -z -uall [0ms]
2024-01-10 09:16:58.511 [info] > git show --textconv :recipes/hamburgers.html [3ms]
2024-01-10 09:16:58.512 [info] > git ls-files --stage -- /home/spence8/member-spencer-odin-recipes/recipes/hamburgers.html [0ms]
2024-01-10 09:16:58.514 [info] > git cat-file -s adc6a2297868c302a61b97c456e0842f4e59110c [1ms]
2024-01-10 09:17:02.469 [info] > git show --textconv :recipes/burger.css [3ms]
2024-01-10 09:17:02.470 [info] > git ls-files --stage -- /home/spence8/member-spencer-odin-recipes/recipes/burger.css [1ms]
2024-01-10 09:17:02.473 [info] > git cat-file -s 5dd3d551c69697ddd2fb2e4dafa10f5e07c68c3b [1ms]
2024-01-10 09:17:09.139 [info] > git config --get commit.template [4ms]
2024-01-10 09:17:09.140 [info] > git for-each-ref --format=%(refname)%00%(upstream:short)%00%(objectname)%00%(upstream:track)%00%(upstream:remotename)%00%(upstream:remoteref) refs/heads/main refs/remotes/main [1ms]
2024-01-10 09:17:09.143 [info] > git status -z -uall [1ms]
2024-01-10 09:17:18.163 [info] > git config --get commit.template [3ms]
2024-01-10 09:17:18.164 [info] > git for-each-ref --format=%(refname)%00%(upstream:short)%00%(objectname)%00%(upstream:track)%00%(upstream:remotename)%00%(upstream:remoteref) refs/heads/main refs/remotes/main [1ms]
2024-01-10 09:17:18.167 [info] > git status -z -uall [0ms]
2024-01-10 09:17:24.240 [info] > git config --get commit.template [4ms]
2024-01-10 09:17:24.241 [info] > git for-each-ref --format=%(refname)%00%(upstream:short)%00%(objectname)%00%(upstream:track)%00%(upstream:remotename)%00%(upstream:remoteref) refs/heads/main refs/remotes/main [2ms]
2024-01-10 09:17:24.243 [info] > git status -z -uall [0ms]
2024-01-10 09:18:26.588 [info] > git show --textconv :recipes/hamburgers.html [5ms]
2024-01-10 09:18:26.588 [info] > git ls-files --stage -- /home/spence8/member-spencer-odin-recipes/recipes/hamburgers.html [1ms]
2024-01-10 09:18:26.590 [info] > git cat-file -s adc6a2297868c302a61b97c456e0842f4e59110c [0ms]
2024-01-10 09:18:30.500 [info] > git show --textconv :recipes/burger.css [3ms]
2024-01-10 09:18:30.501 [info] > git ls-files --stage -- /home/spence8/member-spencer-odin-recipes/recipes/burger.css [1ms]
2024-01-10 09:18:30.504 [info] > git cat-file -s 5dd3d551c69697ddd2fb2e4dafa10f5e07c68c3b [0ms]
2024-01-10 09:18:50.205 [info] > git show --textconv :recipes/hamburgers.html [3ms]
2024-01-10 09:18:50.205 [info] > git ls-files --stage -- /home/spence8/member-spencer-odin-recipes/recipes/hamburgers.html [1ms]
2024-01-10 09:18:50.208 [info] > git cat-file -s adc6a2297868c302a61b97c456e0842f4e59110c [1ms]
2024-01-10 09:18:51.262 [info] > git show --textconv :recipes/burger.css [2ms]
2024-01-10 09:18:51.263 [info] > git ls-files --stage -- /home/spence8/member-spencer-odin-recipes/recipes/burger.css [1ms]
2024-01-10 09:18:51.265 [info] > git cat-file -s 5dd3d551c69697ddd2fb2e4dafa10f5e07c68c3b [0ms]
2024-01-10 09:19:39.041 [info] > git config --get commit.template [3ms]
2024-01-10 09:19:39.042 [info] > git for-each-ref --format=%(refname)%00%(upstream:short)%00%(objectname)%00%(upstream:track)%00%(upstream:remotename)%00%(upstream:remoteref) refs/heads/main refs/remotes/main [1ms]
2024-01-10 09:19:39.045 [info] > git status -z -uall [1ms]
2024-01-10 09:19:53.685 [info] > git config --get commit.template [1ms]
2024-01-10 09:19:53.689 [info] > git for-each-ref --format=%(refname)%00%(upstream:short)%00%(objectname)%00%(upstream:track)%00%(upstream:remotename)%00%(upstream:remoteref) refs/heads/main refs/remotes/main [1ms]
2024-01-10 09:19:53.693 [info] > git status -z -uall [1ms]
2024-01-10 09:20:12.880 [info] > git config --get commit.template [2ms]
2024-01-10 09:20:12.880 [info] > git for-each-ref --format=%(refname)%00%(upstream:short)%00%(objectname)%00%(upstream:track)%00%(upstream:remotename)%00%(upstream:remoteref) refs/heads/main refs/remotes/main [1ms]
2024-01-10 09:20:12.884 [info] > git status -z -uall [0ms]
2024-01-10 09:20:14.640 [info] > git show --textconv :recipes/hamburgers.html [3ms]
2024-01-10 09:20:14.641 [info] > git ls-files --stage -- /home/spence8/member-spencer-odin-recipes/recipes/hamburgers.html [1ms]
2024-01-10 09:20:14.644 [info] > git cat-file -s adc6a2297868c302a61b97c456e0842f4e59110c [1ms]
2024-01-10 09:20:31.511 [info] > git config --get commit.template [4ms]
2024-01-10 09:20:31.511 [info] > git for-each-ref --format=%(refname)%00%(upstream:short)%00%(objectname)%00%(upstream:track)%00%(upstream:remotename)%00%(upstream:remoteref) refs/heads/main refs/remotes/main [0ms]
2024-01-10 09:20:31.514 [info] > git status -z -uall [0ms]
2024-01-10 09:20:35.382 [info] > git show --textconv :recipes/burger.css [4ms]
2024-01-10 09:20:35.382 [info] > git ls-files --stage -- /home/spence8/member-spencer-odin-recipes/recipes/burger.css [1ms]
2024-01-10 09:20:35.385 [info] > git cat-file -s 5dd3d551c69697ddd2fb2e4dafa10f5e07c68c3b [1ms]
2024-01-10 09:22:34.516 [info] > git config --get commit.template [7ms]
2024-01-10 09:22:34.516 [info] > git for-each-ref --format=%(refname)%00%(upstream:short)%00%(objectname)%00%(upstream:track)%00%(upstream:remotename)%00%(upstream:remoteref) refs/heads/main refs/remotes/main [1ms]
2024-01-10 09:22:34.521 [info] > git status -z -uall [1ms]
2024-01-10 09:22:36.308 [info] > git show --textconv :recipes/hamburgers.html [3ms]
2024-01-10 09:22:36.308 [info] > git ls-files --stage -- /home/spence8/member-spencer-odin-recipes/recipes/hamburgers.html [0ms]
2024-01-10 09:22:36.311 [info] > git cat-file -s adc6a2297868c302a61b97c456e0842f4e59110c [0ms]
2024-01-10 09:24:37.755 [info] > git config --get commit.template [0ms]
2024-01-10 09:24:37.758 [info] > git for-each-ref --format=%(refname)%00%(upstream:short)%00%(objectname)%00%(upstream:track)%00%(upstream:remotename)%00%(upstream:remoteref) refs/heads/main refs/remotes/main [1ms]
2024-01-10 09:24:37.760 [info] > git status -z -uall [0ms]
2024-01-10 09:26:21.004 [info] > git show --textconv :index.html [5ms]
2024-01-10 09:26:21.004 [info] > git ls-files --stage -- /home/spence8/member-spencer-odin-recipes/index.html [1ms]
2024-01-10 09:26:21.007 [info] > git cat-file -s d55f0ba68075898f974ccceb2ce1812d34821777 [1ms]
2024-01-10 09:26:22.402 [info] > git show --textconv :recipes/burger.css [3ms]
2024-01-10 09:26:22.403 [info] > git ls-files --stage -- /home/spence8/member-spencer-odin-recipes/recipes/burger.css [1ms]
2024-01-10 09:26:22.405 [info] > git cat-file -s 5dd3d551c69697ddd2fb2e4dafa10f5e07c68c3b [0ms]
2024-01-10 09:26:40.274 [info] > git config --get commit.template [0ms]
2024-01-10 09:26:40.277 [info] > git for-each-ref --format=%(refname)%00%(upstream:short)%00%(objectname)%00%(upstream:track)%00%(upstream:remotename)%00%(upstream:remoteref) refs/heads/main refs/remotes/main [1ms]
2024-01-10 09:26:40.280 [info] > git status -z -uall [0ms]
2024-01-10 09:26:45.290 [info] > git show --textconv :recipes/hamburgers.html [3ms]
2024-01-10 09:26:45.290 [info] > git ls-files --stage -- /home/spence8/member-spencer-odin-recipes/recipes/hamburgers.html [0ms]
2024-01-10 09:26:45.294 [info] > git cat-file -s adc6a2297868c302a61b97c456e0842f4e59110c [2ms]
2024-01-10 09:26:48.701 [info] > git show --textconv :index.html [5ms]
2024-01-10 09:26:48.701 [info] > git ls-files --stage -- /home/spence8/member-spencer-odin-recipes/index.html [1ms]
2024-01-10 09:26:48.704 [info] > git cat-file -s d55f0ba68075898f974ccceb2ce1812d34821777 [1ms]
2024-01-10 09:26:49.909 [info] > git show --textconv :recipes/hamburgers.html [4ms]
2024-01-10 09:26:49.910 [info] > git ls-files --stage -- /home/spence8/member-spencer-odin-recipes/recipes/hamburgers.html [1ms]
2024-01-10 09:26:49.913 [info] > git cat-file -s adc6a2297868c302a61b97c456e0842f4e59110c [1ms]
2024-01-10 09:26:53.626 [info] > git config --get commit.template [1ms]
2024-01-10 09:26:53.629 [info] > git for-each-ref --format=%(refname)%00%(upstream:short)%00%(objectname)%00%(upstream:track)%00%(upstream:remotename)%00%(upstream:remoteref) refs/heads/main refs/remotes/main [0ms]
2024-01-10 09:26:53.632 [info] > git status -z -uall [0ms]
2024-01-10 09:27:16.210 [info] > git show --textconv :recipes/burger.css [3ms]
2024-01-10 09:27:16.210 [info] > git ls-files --stage -- /home/spence8/member-spencer-odin-recipes/recipes/burger.css [0ms]
2024-01-10 09:27:16.213 [info] > git cat-file -s 5dd3d551c69697ddd2fb2e4dafa10f5e07c68c3b [0ms]
2024-01-10 09:28:01.776 [info] > git config --get commit.template [3ms]
2024-01-10 09:28:01.777 [info] > git for-each-ref --format=%(refname)%00%(upstream:short)%00%(objectname)%00%(upstream:track)%00%(upstream:remotename)%00%(upstream:remoteref) refs/heads/main refs/remotes/main [1ms]
2024-01-10 09:28:01.779 [info] > git status -z -uall [0ms]
2024-01-10 09:28:18.295 [info] > git config --get commit.template [4ms]
2024-01-10 09:28:18.296 [info] > git for-each-ref --format=%(refname)%00%(upstream:short)%00%(objectname)%00%(upstream:track)%00%(upstream:remotename)%00%(upstream:remoteref) refs/heads/main refs/remotes/main [1ms]
2024-01-10 09:28:18.298 [info] > git status -z -uall [0ms]
2024-01-10 09:28:43.655 [info] > git config --get commit.template [0ms]
2024-01-10 09:28:43.658 [info] > git for-each-ref --format=%(refname)%00%(upstream:short)%00%(objectname)%00%(upstream:track)%00%(upstream:remotename)%00%(upstream:remoteref) refs/heads/main refs/remotes/main [0ms]
2024-01-10 09:28:43.662 [info] > git status -z -uall [0ms]
2024-01-10 09:28:58.121 [info] > git show --textconv :recipes/hamburgers.html [3ms]
2024-01-10 09:28:58.122 [info] > git ls-files --stage -- /home/spence8/member-spencer-odin-recipes/recipes/hamburgers.html [1ms]
2024-01-10 09:28:58.125 [info] > git cat-file -s adc6a2297868c302a61b97c456e0842f4e59110c [0ms]
2024-01-10 09:29:06.770 [info] > git config --get commit.template [2ms]
2024-01-10 09:29:06.773 [info] > git for-each-ref --format=%(refname)%00%(upstream:short)%00%(objectname)%00%(upstream:track)%00%(upstream:remotename)%00%(upstream:remoteref) refs/heads/main refs/remotes/main [0ms]
2024-01-10 09:29:06.776 [info] > git status -z -uall [0ms]
2024-01-10 09:29:11.784 [info] > git config --get commit.template [0ms]
2024-01-10 09:29:11.786 [info] > git for-each-ref --format=%(refname)%00%(upstream:short)%00%(objectname)%00%(upstream:track)%00%(upstream:remotename)%00%(upstream:remoteref) refs/heads/main refs/remotes/main [0ms]
2024-01-10 09:29:11.789 [info] > git status -z -uall [0ms]
2024-01-10 09:29:28.871 [info] > git config --get commit.template [1ms]
2024-01-10 09:29:28.875 [info] > git for-each-ref --format=%(refname)%00%(upstream:short)%00%(objectname)%00%(upstream:track)%00%(upstream:remotename)%00%(upstream:remoteref) refs/heads/main refs/remotes/main [1ms]
2024-01-10 09:29:28.879 [info] > git status -z -uall [0ms]
2024-01-10 09:29:41.272 [info] > git show --textconv :recipes/burger.css [3ms]
2024-01-10 09:29:41.272 [info] > git ls-files --stage -- /home/spence8/member-spencer-odin-recipes/recipes/burger.css [1ms]
2024-01-10 09:29:41.275 [info] > git cat-file -s 5dd3d551c69697ddd2fb2e4dafa10f5e07c68c3b [0ms]
2024-01-10 09:29:53.106 [info] > git config --get commit.template [1ms]
2024-01-10 09:29:53.109 [info] > git for-each-ref --format=%(refname)%00%(upstream:short)%00%(objectname)%00%(upstream:track)%00%(upstream:remotename)%00%(upstream:remoteref) refs/heads/main refs/remotes/main [1ms]
2024-01-10 09:29:53.112 [info] > git status -z -uall [0ms]
2024-01-10 09:30:02.632 [info] > git merge-base refs/heads/main refs/remotes/origin/main [1ms]
2024-01-10 09:30:02.635 [info] > git rev-list --count --left-right refs/heads/main...refs/remotes/origin/main [0ms]
2024-01-10 09:30:23.723 [info] > git add -A -- . [2ms]
2024-01-10 09:30:23.730 [info] > git -c user.useConfigOnly=true commit --quiet --allow-empty-message --file - [5ms]
2024-01-10 09:30:23.733 [info] > git config --get commit.template [0ms]
2024-01-10 09:30:23.740 [info] > git config --get commit.template [1ms]
2024-01-10 09:30:23.743 [info] > git for-each-ref --format=%(refname)%00%(upstream:short)%00%(objectname)%00%(upstream:track)%00%(upstream:remotename)%00%(upstream:remoteref) refs/heads/main refs/remotes/main [1ms]
2024-01-10 09:30:23.746 [info] > git status -z -uall [1ms]
2024-01-10 09:30:23.763 [info] > git merge-base refs/heads/main refs/remotes/origin/main [3ms]
2024-01-10 09:30:23.766 [info] > git config --get commit.template [4ms]
2024-01-10 09:30:23.769 [info] > git rev-list --count --left-right refs/heads/main...refs/remotes/origin/main [4ms]
2024-01-10 09:30:23.769 [info] > git for-each-ref --format=%(refname)%00%(upstream:short)%00%(objectname)%00%(upstream:track)%00%(upstream:remotename)%00%(upstream:remoteref) refs/heads/main refs/remotes/main [1ms]
2024-01-10 09:30:23.772 [info] > git status -z -uall [0ms]
2024-01-10 09:30:24.837 [info] > git config --get commit.template [5ms]
2024-01-10 09:30:24.837 [info] > git for-each-ref --format=%(refname)%00%(upstream:short)%00%(objectname)%00%(upstream:track)%00%(upstream:remotename)%00%(upstream:remoteref) refs/heads/main refs/remotes/main [1ms]
2024-01-10 09:30:24.841 [info] > git status -z -uall [1ms]
2024-01-10 09:30:24.929 [info] > git ls-files --stage -- /home/spence8/member-spencer-odin-recipes/recipes/burger.css [1ms]
2024-01-10 09:30:24.932 [info] > git cat-file -s 053c66c7617c58e50f1407a370f2a358e7dbda3f [1ms]
2024-01-10 09:30:24.938 [info] > git show --textconv :recipes/burger.css [1ms]
2024-01-10 09:30:28.977 [info] > git log --oneline --cherry main...main@{upstream} -- [1ms]
2024-01-10 09:30:29.946 [info] > git pull --tags origin main [967ms]
2024-01-10 09:30:29.946 [info] From github.com:agile-learning-institute/member-spencer-odin-recipes
 * branch            main       -> FETCH_HEAD
2024-01-10 09:30:31.143 [info] > git push origin main:main [1194ms]
2024-01-10 09:30:31.143 [info] To github.com:agile-learning-institute/member-spencer-odin-recipes.git
   073630b..4eb913a  main -> main
2024-01-10 09:30:31.148 [info] > git config --get commit.template [1ms]
2024-01-10 09:30:31.152 [info] > git for-each-ref --format=%(refname)%00%(upstream:short)%00%(objectname)%00%(upstream:track)%00%(upstream:remotename)%00%(upstream:remoteref) refs/heads/main refs/remotes/main [0ms]
2024-01-10 09:30:31.155 [info] > git status -z -uall [1ms]
2024-01-10 09:30:31.169 [info] > git merge-base refs/heads/main refs/remotes/origin/main [1ms]
2024-01-10 09:30:31.173 [info] > git rev-list --count --left-right refs/heads/main...refs/remotes/origin/main [0ms]
2024-01-10 09:30:31.185 [info] > git ls-files --stage -- /home/spence8/member-spencer-odin-recipes/recipes/burger.css [1ms]
2024-01-10 09:30:31.188 [info] > git cat-file -s 053c66c7617c58e50f1407a370f2a358e7dbda3f [1ms]
2024-01-10 09:30:31.194 [info] > git show --textconv :recipes/burger.css [1ms]
2024-01-10 09:30:32.329 [info] > git config --get commit.template [3ms]
2024-01-10 09:30:32.329 [info] > git for-each-ref --format=%(refname)%00%(upstream:short)%00%(objectname)%00%(upstream:track)%00%(upstream:remotename)%00%(upstream:remoteref) refs/heads/main refs/remotes/main [1ms]
2024-01-10 09:30:32.333 [info] > git status -z -uall [0ms]
2024-01-10 09:30:32.429 [info] > git ls-files --stage -- /home/spence8/member-spencer-odin-recipes/recipes/burger.css [1ms]
2024-01-10 09:30:32.433 [info] > git cat-file -s 053c66c7617c58e50f1407a370f2a358e7dbda3f [1ms]
2024-01-10 09:30:32.439 [info] > git show --textconv :recipes/burger.css [1ms]
2024-01-10 09:30:38.277 [info] > git show --textconv :recipes/hamburgers.html [2ms]
2024-01-10 09:30:38.277 [info] > git ls-files --stage -- /home/spence8/member-spencer-odin-recipes/recipes/hamburgers.html [0ms]
2024-01-10 09:30:38.280 [info] > git cat-file -s 2c8d716201c2acd8ca0dd16db1e136db27d898c0 [1ms]
2024-01-10 09:30:39.513 [info] > git show --textconv :index.html [4ms]
2024-01-10 09:30:39.513 [info] > git ls-files --stage -- /home/spence8/member-spencer-odin-recipes/index.html [1ms]
2024-01-10 09:30:39.516 [info] > git cat-file -s d55f0ba68075898f974ccceb2ce1812d34821777 [1ms]
2024-01-10 09:30:43.213 [info] > git config --get commit.template [5ms]
2024-01-10 09:30:43.214 [info] > git for-each-ref --format=%(refname)%00%(upstream:short)%00%(objectname)%00%(upstream:track)%00%(upstream:remotename)%00%(upstream:remoteref) refs/heads/main refs/remotes/main [1ms]
2024-01-10 09:30:43.218 [info] > git status -z -uall [1ms]
