2024-03-19 14:14:26.503 [info] Log level: Info
2024-03-19 14:14:26.503 [info] Validating found git in: "git"
2024-03-19 14:14:26.503 [info] Using git "2.34.1" from "git"
2024-03-19 14:14:26.503 [info] > git rev-parse --show-toplevel [2ms]
2024-03-19 14:14:26.503 [info] > git rev-parse --git-dir --git-common-dir [1ms]
2024-03-19 14:14:26.503 [info] Open repository: /home/spence8
2024-03-19 14:14:26.503 [info] > git rev-parse --show-toplevel [22ms]
2024-03-19 14:14:26.503 [info] > git config --get commit.template [26ms]
2024-03-19 14:14:26.513 [info] > git for-each-ref --format=%(refname)%00%(upstream:short)%00%(objectname)%00%(upstream:track)%00%(upstream:remotename)%00%(upstream:remoteref) refs/heads/home refs/remotes/home [6ms]
2024-03-19 14:14:26.513 [info] > git rev-parse --git-dir --git-common-dir [1ms]
2024-03-19 14:14:26.518 [info] Open repository: /home/spence8/rock-paper-scissors/rock-paper-scissors
2024-03-19 14:14:26.524 [info] > git config --get commit.template [1ms]
2024-03-19 14:14:26.531 [info] > git for-each-ref --format=%(refname)%00%(upstream:short)%00%(objectname)%00%(upstream:track)%00%(upstream:remotename)%00%(upstream:remoteref) refs/heads/home refs/remotes/home [0ms]
2024-03-19 14:14:26.533 [warning] ENOENT: no such file or directory, open '/home/spence8/rock-paper-scissors/rock-paper-scissors/.git/refs/remotes/origin/home'
2024-03-19 14:14:26.533 [info] > git rev-parse refs/remotes/origin/home [0ms]
2024-03-19 14:14:26.536 [info] > git status -z -uall [0ms]
2024-03-19 14:14:26.543 [info] > git status -z -uall [16ms]
2024-03-19 14:14:26.549 [info] > git config --get commit.template [7ms]
2024-03-19 14:14:26.553 [info] > git config --get commit.template [3ms]
2024-03-19 14:14:26.553 [info] > git for-each-ref --format=%(refname)%00%(upstream:short)%00%(objectname)%00%(upstream:track)%00%(upstream:remotename)%00%(upstream:remoteref) refs/heads/home refs/remotes/home [1ms]
2024-03-19 14:14:26.558 [warning] ENOENT: no such file or directory, open '/home/spence8/rock-paper-scissors/rock-paper-scissors/.git/refs/remotes/origin/home'
2024-03-19 14:14:26.558 [info] > git rev-parse refs/remotes/origin/home [1ms]
2024-03-19 14:14:26.560 [info] > git for-each-ref --format=%(refname)%00%(upstream:short)%00%(objectname)%00%(upstream:track)%00%(upstream:remotename)%00%(upstream:remoteref) refs/heads/home refs/remotes/home [5ms]
2024-03-19 14:14:26.568 [info] > git status -z -uall [8ms]
2024-03-19 14:14:26.589 [info] > git status -z -uall [15ms]
2024-03-19 14:14:26.781 [info] > git fetch [313ms]
2024-03-19 14:14:26.786 [info] > git config --get commit.template [2ms]
2024-03-19 14:14:26.787 [info] > git for-each-ref --format=%(refname)%00%(upstream:short)%00%(objectname)%00%(upstream:track)%00%(upstream:remotename)%00%(upstream:remoteref) refs/heads/home refs/remotes/home [1ms]
2024-03-19 14:14:26.804 [info] > git status -z -uall [15ms]
2024-03-19 14:14:27.085 [info] > git check-ignore -v -z --stdin [8ms]
2024-03-19 14:14:27.086 [info] > git check-ignore -v -z --stdin [4ms]
2024-03-19 14:14:27.232 [info] > git fetch [714ms]
2024-03-19 14:14:27.238 [info] > git config --get commit.template [2ms]
2024-03-19 14:14:27.238 [info] > git for-each-ref --format=%(refname)%00%(upstream:short)%00%(objectname)%00%(upstream:track)%00%(upstream:remotename)%00%(upstream:remoteref) refs/heads/home refs/remotes/home [0ms]
2024-03-19 14:14:27.240 [warning] ENOENT: no such file or directory, open '/home/spence8/rock-paper-scissors/rock-paper-scissors/.git/refs/remotes/origin/home'
2024-03-19 14:14:27.241 [info] > git rev-parse refs/remotes/origin/home [1ms]
2024-03-19 14:14:27.243 [info] > git status -z -uall [1ms]
2024-03-19 14:14:28.422 [info] > git config --get commit.template [1ms]
2024-03-19 14:14:28.424 [info] > git for-each-ref --format=%(refname)%00%(upstream:short)%00%(objectname)%00%(upstream:track)%00%(upstream:remotename)%00%(upstream:remoteref) refs/heads/home refs/remotes/home [0ms]
2024-03-19 14:14:28.427 [warning] ENOENT: no such file or directory, open '/home/spence8/rock-paper-scissors/rock-paper-scissors/.git/refs/remotes/origin/home'
2024-03-19 14:14:28.427 [info] > git rev-parse refs/remotes/origin/home [1ms]
2024-03-19 14:14:28.430 [info] > git status -z -uall [1ms]
2024-03-19 14:14:29.474 [info] > git merge-base refs/heads/home refs/remotes/number-guessing-game/home [3ms]
2024-03-19 14:14:29.477 [info] > git merge-base refs/heads/home refs/remotes/origin/home [3ms]
2024-03-19 14:14:29.480 [info] > git rev-list --count --left-right refs/heads/home...refs/remotes/number-guessing-game/home [3ms]
2024-03-19 14:14:29.480 [info] > git rev-list --count --left-right refs/heads/home...refs/remotes/origin/home [1ms]
2024-03-19 14:14:30.089 [info] > git check-ignore -v -z --stdin [3ms]
2024-03-19 14:14:34.371 [info] > git config --get commit.template [1ms]
2024-03-19 14:14:34.374 [info] > git for-each-ref --format=%(refname)%00%(upstream:short)%00%(objectname)%00%(upstream:track)%00%(upstream:remotename)%00%(upstream:remoteref) refs/heads/home refs/remotes/home [0ms]
2024-03-19 14:14:34.391 [info] > git status -z -uall [14ms]
2024-03-19 14:14:39.403 [info] > git config --get commit.template [4ms]
2024-03-19 14:14:39.403 [info] > git for-each-ref --format=%(refname)%00%(upstream:short)%00%(objectname)%00%(upstream:track)%00%(upstream:remotename)%00%(upstream:remoteref) refs/heads/home refs/remotes/home [1ms]
2024-03-19 14:14:39.421 [info] > git status -z -uall [15ms]
2024-03-19 14:14:44.436 [info] > git config --get commit.template [5ms]
2024-03-19 14:14:44.436 [info] > git for-each-ref --format=%(refname)%00%(upstream:short)%00%(objectname)%00%(upstream:track)%00%(upstream:remotename)%00%(upstream:remoteref) refs/heads/home refs/remotes/home [1ms]
2024-03-19 14:14:44.454 [info] > git status -z -uall [14ms]
