2024-03-13 12:36:53.419 [info] Log level: Info
2024-03-13 12:36:53.419 [info] Validating found git in: "git"
2024-03-13 12:36:53.419 [info] Using git "2.34.1" from "git"
2024-03-13 12:36:53.419 [info] > git rev-parse --show-toplevel [3ms]
2024-03-13 12:36:53.420 [info] > git rev-parse --git-dir --git-common-dir [17ms]
2024-03-13 12:36:53.428 [info] Open repository: /home/spence8
2024-03-13 12:36:53.436 [info] > git config --get commit.template [1ms]
2024-03-13 12:36:53.441 [info] No remotes found in the git config file.
2024-03-13 12:36:53.441 [info] > git for-each-ref --format=%(refname)%00%(upstream:short)%00%(objectname)%00%(upstream:track)%00%(upstream:remotename)%00%(upstream:remoteref) refs/heads/home refs/remotes/home [2ms]
2024-03-13 12:36:53.441 [warning] No such branch: home.
2024-03-13 12:36:53.445 [info] > git fetch [18ms]
2024-03-13 12:36:53.452 [info] > git status -z -uall [8ms] (cancelled)
2024-03-13 12:36:53.454 [info] > git config --get commit.template [2ms]
2024-03-13 12:36:53.454 [info] > git config --get commit.template [4ms]
2024-03-13 12:36:53.456 [info] No remotes found in the git config file.
2024-03-13 12:36:53.458 [info] No remotes found in the git config file.
2024-03-13 12:36:53.458 [info] > git for-each-ref --format=%(refname)%00%(upstream:short)%00%(objectname)%00%(upstream:track)%00%(upstream:remotename)%00%(upstream:remoteref) refs/heads/home refs/remotes/home [2ms]
2024-03-13 12:36:53.458 [warning] No such branch: home.
2024-03-13 12:36:53.459 [info] > git for-each-ref --format=%(refname)%00%(upstream:short)%00%(objectname)%00%(upstream:track)%00%(upstream:remotename)%00%(upstream:remoteref) refs/heads/home refs/remotes/home [1ms]
2024-03-13 12:36:53.459 [warning] No such branch: home.
2024-03-13 12:36:53.524 [info] > git status -z -uall [63ms]
2024-03-13 12:36:54.340 [info] > git check-ignore -v -z --stdin [11ms]
2024-03-13 12:36:56.209 [info] > git show --textconv :function-scope/function-scope.html [4ms]
2024-03-13 12:36:56.210 [info] > git ls-files --stage -- /home/spence8/function-scope/function-scope.html [2ms]
2024-03-13 12:36:56.415 [info] > git config --get commit.template [1ms]
2024-03-13 12:36:56.418 [info] No remotes found in the git config file.
2024-03-13 12:36:56.419 [info] > git for-each-ref --format=%(refname)%00%(upstream:short)%00%(objectname)%00%(upstream:track)%00%(upstream:remotename)%00%(upstream:remoteref) refs/heads/home refs/remotes/home [0ms]
2024-03-13 12:36:56.419 [warning] No such branch: home.
2024-03-13 12:36:56.440 [info] > git status -z -uall [19ms]
2024-03-13 12:37:01.516 [info] > git config --get commit.template [0ms]
2024-03-13 12:37:01.519 [info] No remotes found in the git config file.
2024-03-13 12:37:01.520 [info] > git for-each-ref --format=%(refname)%00%(upstream:short)%00%(objectname)%00%(upstream:track)%00%(upstream:remotename)%00%(upstream:remoteref) refs/heads/home refs/remotes/home [1ms]
2024-03-13 12:37:01.520 [warning] No such branch: home.
2024-03-13 12:37:01.541 [info] > git status -z -uall [18ms]
2024-03-13 12:37:06.605 [info] > git config --get commit.template [1ms]
2024-03-13 12:37:06.610 [info] No remotes found in the git config file.
2024-03-13 12:37:06.610 [info] > git for-each-ref --format=%(refname)%00%(upstream:short)%00%(objectname)%00%(upstream:track)%00%(upstream:remotename)%00%(upstream:remoteref) refs/heads/home refs/remotes/home [1ms]
2024-03-13 12:37:06.610 [warning] No such branch: home.
2024-03-13 12:37:06.632 [info] > git status -z -uall [18ms]
2024-03-13 12:37:11.696 [info] > git config --get commit.template [1ms]
2024-03-13 12:37:11.700 [info] No remotes found in the git config file.
2024-03-13 12:37:11.700 [info] > git for-each-ref --format=%(refname)%00%(upstream:short)%00%(objectname)%00%(upstream:track)%00%(upstream:remotename)%00%(upstream:remoteref) refs/heads/home refs/remotes/home [0ms]
2024-03-13 12:37:11.701 [warning] No such branch: home.
2024-03-13 12:37:11.721 [info] > git status -z -uall [17ms]
2024-03-13 12:37:16.777 [info] > git config --get commit.template [1ms]
2024-03-13 12:37:16.781 [info] No remotes found in the git config file.
2024-03-13 12:37:16.781 [info] > git for-each-ref --format=%(refname)%00%(upstream:short)%00%(objectname)%00%(upstream:track)%00%(upstream:remotename)%00%(upstream:remoteref) refs/heads/home refs/remotes/home [0ms]
2024-03-13 12:37:16.781 [warning] No such branch: home.
2024-03-13 12:37:16.801 [info] > git status -z -uall [17ms]
2024-03-13 12:37:21.858 [info] > git config --get commit.template [1ms]
2024-03-13 12:37:21.862 [info] No remotes found in the git config file.
2024-03-13 12:37:21.862 [info] > git for-each-ref --format=%(refname)%00%(upstream:short)%00%(objectname)%00%(upstream:track)%00%(upstream:remotename)%00%(upstream:remoteref) refs/heads/home refs/remotes/home [1ms]
2024-03-13 12:37:21.862 [warning] No such branch: home.
2024-03-13 12:37:21.882 [info] > git status -z -uall [17ms]
2024-03-13 12:37:26.942 [info] > git config --get commit.template [1ms]
2024-03-13 12:37:26.946 [info] No remotes found in the git config file.
2024-03-13 12:37:26.947 [info] > git for-each-ref --format=%(refname)%00%(upstream:short)%00%(objectname)%00%(upstream:track)%00%(upstream:remotename)%00%(upstream:remoteref) refs/heads/home refs/remotes/home [0ms]
2024-03-13 12:37:26.947 [warning] No such branch: home.
2024-03-13 12:37:26.966 [info] > git status -z -uall [16ms]
2024-03-13 12:37:44.244 [info] > git config --get commit.template [0ms]
2024-03-13 12:37:44.249 [info] No remotes found in the git config file.
2024-03-13 12:37:44.249 [info] > git for-each-ref --format=%(refname)%00%(upstream:short)%00%(objectname)%00%(upstream:track)%00%(upstream:remotename)%00%(upstream:remoteref) refs/heads/home refs/remotes/home [1ms]
2024-03-13 12:37:44.249 [warning] No such branch: home.
2024-03-13 12:37:44.272 [info] > git status -z -uall [19ms]
2024-03-13 12:37:49.343 [info] > git config --get commit.template [0ms]
2024-03-13 12:37:49.347 [info] No remotes found in the git config file.
2024-03-13 12:37:49.347 [info] > git for-each-ref --format=%(refname)%00%(upstream:short)%00%(objectname)%00%(upstream:track)%00%(upstream:remotename)%00%(upstream:remoteref) refs/heads/home refs/remotes/home [0ms]
2024-03-13 12:37:49.347 [warning] No such branch: home.
2024-03-13 12:37:49.368 [info] > git status -z -uall [17ms]
2024-03-13 12:37:54.432 [info] > git config --get commit.template [1ms]
2024-03-13 12:37:54.436 [info] No remotes found in the git config file.
2024-03-13 12:37:54.437 [info] > git for-each-ref --format=%(refname)%00%(upstream:short)%00%(objectname)%00%(upstream:track)%00%(upstream:remotename)%00%(upstream:remoteref) refs/heads/home refs/remotes/home [1ms]
2024-03-13 12:37:54.437 [warning] No such branch: home.
2024-03-13 12:37:54.456 [info] > git status -z -uall [16ms]
2024-03-13 12:37:59.517 [info] > git config --get commit.template [0ms]
2024-03-13 12:37:59.520 [info] No remotes found in the git config file.
2024-03-13 12:37:59.521 [info] > git for-each-ref --format=%(refname)%00%(upstream:short)%00%(objectname)%00%(upstream:track)%00%(upstream:remotename)%00%(upstream:remoteref) refs/heads/home refs/remotes/home [0ms]
2024-03-13 12:37:59.521 [warning] No such branch: home.
2024-03-13 12:37:59.541 [info] > git status -z -uall [16ms]
2024-03-13 12:38:29.294 [info] > git config --get commit.template [1ms]
2024-03-13 12:38:29.297 [info] No remotes found in the git config file.
2024-03-13 12:38:29.298 [info] > git for-each-ref --format=%(refname)%00%(upstream:short)%00%(objectname)%00%(upstream:track)%00%(upstream:remotename)%00%(upstream:remoteref) refs/heads/home refs/remotes/home [1ms]
2024-03-13 12:38:29.298 [warning] No such branch: home.
2024-03-13 12:38:29.320 [info] > git status -z -uall [19ms]
2024-03-13 12:38:34.392 [info] > git config --get commit.template [1ms]
2024-03-13 12:38:34.396 [info] No remotes found in the git config file.
2024-03-13 12:38:34.397 [info] > git for-each-ref --format=%(refname)%00%(upstream:short)%00%(objectname)%00%(upstream:track)%00%(upstream:remotename)%00%(upstream:remoteref) refs/heads/home refs/remotes/home [1ms]
2024-03-13 12:38:34.397 [warning] No such branch: home.
2024-03-13 12:38:34.418 [info] > git status -z -uall [18ms]
2024-03-13 12:38:39.480 [info] > git config --get commit.template [1ms]
2024-03-13 12:38:39.483 [info] No remotes found in the git config file.
2024-03-13 12:38:39.484 [info] > git for-each-ref --format=%(refname)%00%(upstream:short)%00%(objectname)%00%(upstream:track)%00%(upstream:remotename)%00%(upstream:remoteref) refs/heads/home refs/remotes/home [1ms]
2024-03-13 12:38:39.484 [warning] No such branch: home.
2024-03-13 12:38:39.504 [info] > git status -z -uall [17ms]
2024-03-13 12:38:44.571 [info] No remotes found in the git config file.
2024-03-13 12:38:44.571 [info] > git config --get commit.template [5ms]
2024-03-13 12:38:44.571 [info] > git for-each-ref --format=%(refname)%00%(upstream:short)%00%(objectname)%00%(upstream:track)%00%(upstream:remotename)%00%(upstream:remoteref) refs/heads/home refs/remotes/home [0ms]
2024-03-13 12:38:44.571 [warning] No such branch: home.
2024-03-13 12:38:44.592 [info] > git status -z -uall [17ms]
2024-03-13 12:38:49.654 [info] > git config --get commit.template [1ms]
2024-03-13 12:38:49.659 [info] No remotes found in the git config file.
2024-03-13 12:38:49.659 [info] > git for-each-ref --format=%(refname)%00%(upstream:short)%00%(objectname)%00%(upstream:track)%00%(upstream:remotename)%00%(upstream:remoteref) refs/heads/home refs/remotes/home [1ms]
2024-03-13 12:38:49.659 [warning] No such branch: home.
2024-03-13 12:38:49.682 [info] > git status -z -uall [19ms]
2024-03-13 12:39:40.244 [info] > git config --get commit.template [1ms]
2024-03-13 12:39:40.248 [info] No remotes found in the git config file.
2024-03-13 12:39:40.249 [info] > git for-each-ref --format=%(refname)%00%(upstream:short)%00%(objectname)%00%(upstream:track)%00%(upstream:remotename)%00%(upstream:remoteref) refs/heads/home refs/remotes/home [0ms]
2024-03-13 12:39:40.249 [warning] No such branch: home.
2024-03-13 12:39:40.272 [info] > git status -z -uall [20ms]
2024-03-13 12:39:45.356 [info] > git config --get commit.template [1ms]
2024-03-13 12:39:45.362 [info] No remotes found in the git config file.
2024-03-13 12:39:45.363 [info] > git for-each-ref --format=%(refname)%00%(upstream:short)%00%(objectname)%00%(upstream:track)%00%(upstream:remotename)%00%(upstream:remoteref) refs/heads/home refs/remotes/home [0ms]
2024-03-13 12:39:45.363 [warning] No such branch: home.
2024-03-13 12:39:45.383 [info] > git status -z -uall [17ms]
2024-03-13 12:39:50.448 [info] > git config --get commit.template [1ms]
2024-03-13 12:39:50.451 [info] No remotes found in the git config file.
2024-03-13 12:39:50.452 [info] > git for-each-ref --format=%(refname)%00%(upstream:short)%00%(objectname)%00%(upstream:track)%00%(upstream:remotename)%00%(upstream:remoteref) refs/heads/home refs/remotes/home [1ms]
2024-03-13 12:39:50.452 [warning] No such branch: home.
2024-03-13 12:39:50.472 [info] > git status -z -uall [17ms]
2024-03-13 12:39:53.467 [info] > git fetch [3ms]
2024-03-13 12:39:53.475 [info] No remotes found in the git config file.
2024-03-13 12:39:53.475 [info] > git for-each-ref --format=%(refname)%00%(upstream:short)%00%(objectname)%00%(upstream:track)%00%(upstream:remotename)%00%(upstream:remoteref) refs/heads/home refs/remotes/home [1ms]
2024-03-13 12:39:53.475 [warning] No such branch: home.
2024-03-13 12:39:53.475 [info] > git config --get commit.template [4ms]
2024-03-13 12:39:53.495 [info] > git status -z -uall [17ms]
2024-03-13 12:39:55.209 [info] > git ls-files --stage -- /home/spence8/function-scope/function-scope.html [3ms]
2024-03-13 12:39:55.217 [info] > git show --textconv :function-scope/function-scope.html [1ms]
2024-03-13 12:39:55.529 [info] > git config --get commit.template [0ms]
2024-03-13 12:39:55.534 [info] No remotes found in the git config file.
2024-03-13 12:39:55.534 [info] > git for-each-ref --format=%(refname)%00%(upstream:short)%00%(objectname)%00%(upstream:track)%00%(upstream:remotename)%00%(upstream:remoteref) refs/heads/home refs/remotes/home [0ms]
2024-03-13 12:39:55.534 [warning] No such branch: home.
2024-03-13 12:39:55.557 [info] > git status -z -uall [19ms]
2024-03-13 12:40:00.617 [info] > git config --get commit.template [0ms]
2024-03-13 12:40:00.621 [info] No remotes found in the git config file.
2024-03-13 12:40:00.621 [info] > git for-each-ref --format=%(refname)%00%(upstream:short)%00%(objectname)%00%(upstream:track)%00%(upstream:remotename)%00%(upstream:remoteref) refs/heads/home refs/remotes/home [0ms]
2024-03-13 12:40:00.621 [warning] No such branch: home.
2024-03-13 12:40:00.643 [info] > git status -z -uall [18ms]
2024-03-13 12:40:05.707 [info] > git config --get commit.template [1ms]
2024-03-13 12:40:05.711 [info] No remotes found in the git config file.
2024-03-13 12:40:05.711 [info] > git for-each-ref --format=%(refname)%00%(upstream:short)%00%(objectname)%00%(upstream:track)%00%(upstream:remotename)%00%(upstream:remoteref) refs/heads/home refs/remotes/home [1ms]
2024-03-13 12:40:05.711 [warning] No such branch: home.
2024-03-13 12:40:05.733 [info] > git status -z -uall [19ms]
2024-03-13 12:40:14.245 [info] > git config --get commit.template [1ms]
2024-03-13 12:40:14.250 [info] No remotes found in the git config file.
2024-03-13 12:40:14.250 [info] > git for-each-ref --format=%(refname)%00%(upstream:short)%00%(objectname)%00%(upstream:track)%00%(upstream:remotename)%00%(upstream:remoteref) refs/heads/home refs/remotes/home [1ms]
2024-03-13 12:40:14.250 [warning] No such branch: home.
2024-03-13 12:40:14.272 [info] > git status -z -uall [18ms]
2024-03-13 12:40:20.054 [info] > git config --get commit.template [1ms]
2024-03-13 12:40:20.060 [info] No remotes found in the git config file.
2024-03-13 12:40:20.060 [info] > git for-each-ref --format=%(refname)%00%(upstream:short)%00%(objectname)%00%(upstream:track)%00%(upstream:remotename)%00%(upstream:remoteref) refs/heads/home refs/remotes/home [1ms]
2024-03-13 12:40:20.060 [warning] No such branch: home.
2024-03-13 12:40:20.082 [info] > git status -z -uall [18ms]
2024-03-13 12:40:25.141 [info] > git config --get commit.template [0ms]
2024-03-13 12:40:25.145 [info] No remotes found in the git config file.
2024-03-13 12:40:25.145 [info] > git for-each-ref --format=%(refname)%00%(upstream:short)%00%(objectname)%00%(upstream:track)%00%(upstream:remotename)%00%(upstream:remoteref) refs/heads/home refs/remotes/home [1ms]
2024-03-13 12:40:25.145 [warning] No such branch: home.
2024-03-13 12:40:25.166 [info] > git status -z -uall [18ms]
2024-03-13 12:40:32.980 [info] > git config --get commit.template [1ms]
2024-03-13 12:40:32.986 [info] No remotes found in the git config file.
2024-03-13 12:40:32.986 [info] > git for-each-ref --format=%(refname)%00%(upstream:short)%00%(objectname)%00%(upstream:track)%00%(upstream:remotename)%00%(upstream:remoteref) refs/heads/home refs/remotes/home [0ms]
2024-03-13 12:40:32.986 [warning] No such branch: home.
2024-03-13 12:40:33.008 [info] > git status -z -uall [18ms]
2024-03-13 12:40:38.069 [info] No remotes found in the git config file.
2024-03-13 12:40:38.069 [info] > git config --get commit.template [3ms]
2024-03-13 12:40:38.070 [info] > git for-each-ref --format=%(refname)%00%(upstream:short)%00%(objectname)%00%(upstream:track)%00%(upstream:remotename)%00%(upstream:remoteref) refs/heads/home refs/remotes/home [1ms]
2024-03-13 12:40:38.070 [warning] No such branch: home.
2024-03-13 12:40:38.090 [info] > git status -z -uall [17ms]
2024-03-13 12:40:43.150 [info] > git config --get commit.template [0ms]
2024-03-13 12:40:43.154 [info] No remotes found in the git config file.
2024-03-13 12:40:43.155 [info] > git for-each-ref --format=%(refname)%00%(upstream:short)%00%(objectname)%00%(upstream:track)%00%(upstream:remotename)%00%(upstream:remoteref) refs/heads/home refs/remotes/home [1ms]
2024-03-13 12:40:43.155 [warning] No such branch: home.
2024-03-13 12:40:43.175 [info] > git status -z -uall [17ms]
2024-03-13 12:40:48.236 [info] > git config --get commit.template [4ms]
2024-03-13 12:40:48.236 [info] No remotes found in the git config file.
2024-03-13 12:40:48.236 [info] > git for-each-ref --format=%(refname)%00%(upstream:short)%00%(objectname)%00%(upstream:track)%00%(upstream:remotename)%00%(upstream:remoteref) refs/heads/home refs/remotes/home [1ms]
2024-03-13 12:40:48.236 [warning] No such branch: home.
2024-03-13 12:40:48.256 [info] > git status -z -uall [16ms]
2024-03-13 12:40:53.320 [info] > git config --get commit.template [1ms]
2024-03-13 12:40:53.324 [info] No remotes found in the git config file.
2024-03-13 12:40:53.324 [info] > git for-each-ref --format=%(refname)%00%(upstream:short)%00%(objectname)%00%(upstream:track)%00%(upstream:remotename)%00%(upstream:remoteref) refs/heads/home refs/remotes/home [1ms]
2024-03-13 12:40:53.324 [warning] No such branch: home.
2024-03-13 12:40:53.344 [info] > git status -z -uall [17ms]
2024-03-13 12:40:58.401 [info] > git config --get commit.template [1ms]
2024-03-13 12:40:58.401 [info] No remotes found in the git config file.
2024-03-13 12:40:58.405 [info] > git for-each-ref --format=%(refname)%00%(upstream:short)%00%(objectname)%00%(upstream:track)%00%(upstream:remotename)%00%(upstream:remoteref) refs/heads/home refs/remotes/home [0ms]
2024-03-13 12:40:58.406 [warning] No such branch: home.
2024-03-13 12:40:58.426 [info] > git status -z -uall [17ms]
2024-03-13 12:41:13.968 [info] > git config --get commit.template [0ms]
2024-03-13 12:41:13.973 [info] No remotes found in the git config file.
2024-03-13 12:41:13.973 [info] > git for-each-ref --format=%(refname)%00%(upstream:short)%00%(objectname)%00%(upstream:track)%00%(upstream:remotename)%00%(upstream:remoteref) refs/heads/home refs/remotes/home [0ms]
2024-03-13 12:41:13.974 [warning] No such branch: home.
2024-03-13 12:41:13.995 [info] > git status -z -uall [17ms]
2024-03-13 12:41:19.056 [info] > git config --get commit.template [1ms]
2024-03-13 12:41:19.056 [info] No remotes found in the git config file.
2024-03-13 12:41:19.060 [info] > git for-each-ref --format=%(refname)%00%(upstream:short)%00%(objectname)%00%(upstream:track)%00%(upstream:remotename)%00%(upstream:remoteref) refs/heads/home refs/remotes/home [1ms]
2024-03-13 12:41:19.060 [warning] No such branch: home.
2024-03-13 12:41:19.081 [info] > git status -z -uall [18ms]
2024-03-13 12:41:24.140 [info] > git config --get commit.template [1ms]
2024-03-13 12:41:24.143 [info] No remotes found in the git config file.
2024-03-13 12:41:24.144 [info] > git for-each-ref --format=%(refname)%00%(upstream:short)%00%(objectname)%00%(upstream:track)%00%(upstream:remotename)%00%(upstream:remoteref) refs/heads/home refs/remotes/home [1ms]
2024-03-13 12:41:24.144 [warning] No such branch: home.
2024-03-13 12:41:24.164 [info] > git status -z -uall [17ms]
2024-03-13 12:41:29.221 [info] > git config --get commit.template [1ms]
2024-03-13 12:41:29.224 [info] No remotes found in the git config file.
2024-03-13 12:41:29.224 [info] > git for-each-ref --format=%(refname)%00%(upstream:short)%00%(objectname)%00%(upstream:track)%00%(upstream:remotename)%00%(upstream:remoteref) refs/heads/home refs/remotes/home [0ms]
2024-03-13 12:41:29.225 [warning] No such branch: home.
2024-03-13 12:41:29.244 [info] > git status -z -uall [16ms]
2024-03-13 12:42:49.808 [info] > git config --get commit.template [1ms]
2024-03-13 12:42:49.813 [info] No remotes found in the git config file.
2024-03-13 12:42:49.813 [info] > git for-each-ref --format=%(refname)%00%(upstream:short)%00%(objectname)%00%(upstream:track)%00%(upstream:remotename)%00%(upstream:remoteref) refs/heads/home refs/remotes/home [1ms]
2024-03-13 12:42:49.813 [warning] No such branch: home.
2024-03-13 12:42:49.838 [info] > git status -z -uall [21ms]
2024-03-13 12:42:57.127 [info] > git fetch [6ms]
2024-03-13 12:42:57.134 [info] > git config --get commit.template [7ms]
2024-03-13 12:42:57.139 [info] No remotes found in the git config file.
2024-03-13 12:42:57.140 [info] > git config --get commit.template [7ms]
2024-03-13 12:42:57.140 [info] > git for-each-ref --format=%(refname)%00%(upstream:short)%00%(objectname)%00%(upstream:track)%00%(upstream:remotename)%00%(upstream:remoteref) refs/heads/home refs/remotes/home [1ms]
2024-03-13 12:42:57.140 [warning] No such branch: home.
2024-03-13 12:42:57.144 [info] No remotes found in the git config file.
2024-03-13 12:42:57.144 [info] > git for-each-ref --format=%(refname)%00%(upstream:short)%00%(objectname)%00%(upstream:track)%00%(upstream:remotename)%00%(upstream:remoteref) refs/heads/home refs/remotes/home [0ms]
2024-03-13 12:42:57.144 [warning] No such branch: home.
2024-03-13 12:42:57.166 [info] > git status -z -uall [17ms]
2024-03-13 12:42:58.377 [info] > git ls-files --stage -- /home/spence8/function-scope/function-scope.html [1ms]
2024-03-13 12:42:58.387 [info] > git show --textconv :function-scope/function-scope.html [1ms]
2024-03-13 12:43:02.147 [info] > git config --get commit.template [0ms]
2024-03-13 12:43:02.151 [info] No remotes found in the git config file.
2024-03-13 12:43:02.151 [info] > git for-each-ref --format=%(refname)%00%(upstream:short)%00%(objectname)%00%(upstream:track)%00%(upstream:remotename)%00%(upstream:remoteref) refs/heads/home refs/remotes/home [0ms]
2024-03-13 12:43:02.151 [warning] No such branch: home.
2024-03-13 12:43:02.172 [info] > git status -z -uall [17ms]
2024-03-13 12:43:07.229 [info] > git config --get commit.template [1ms]
2024-03-13 12:43:07.233 [info] No remotes found in the git config file.
2024-03-13 12:43:07.233 [info] > git for-each-ref --format=%(refname)%00%(upstream:short)%00%(objectname)%00%(upstream:track)%00%(upstream:remotename)%00%(upstream:remoteref) refs/heads/home refs/remotes/home [1ms]
2024-03-13 12:43:07.233 [warning] No such branch: home.
2024-03-13 12:43:07.253 [info] > git status -z -uall [17ms]
2024-03-13 12:43:13.909 [info] > git config --get commit.template [0ms]
2024-03-13 12:43:13.914 [info] No remotes found in the git config file.
2024-03-13 12:43:13.914 [info] > git for-each-ref --format=%(refname)%00%(upstream:short)%00%(objectname)%00%(upstream:track)%00%(upstream:remotename)%00%(upstream:remoteref) refs/heads/home refs/remotes/home [0ms]
2024-03-13 12:43:13.914 [warning] No such branch: home.
2024-03-13 12:43:13.938 [info] > git status -z -uall [19ms]
2024-03-13 12:43:18.999 [info] No remotes found in the git config file.
2024-03-13 12:43:18.999 [info] > git config --get commit.template [4ms]
2024-03-13 12:43:18.999 [info] > git for-each-ref --format=%(refname)%00%(upstream:short)%00%(objectname)%00%(upstream:track)%00%(upstream:remotename)%00%(upstream:remoteref) refs/heads/home refs/remotes/home [1ms]
2024-03-13 12:43:18.999 [warning] No such branch: home.
2024-03-13 12:43:19.019 [info] > git status -z -uall [17ms]
2024-03-13 12:43:25.026 [info] > git config --get commit.template [0ms]
2024-03-13 12:43:25.031 [info] No remotes found in the git config file.
2024-03-13 12:43:25.032 [info] > git for-each-ref --format=%(refname)%00%(upstream:short)%00%(objectname)%00%(upstream:track)%00%(upstream:remotename)%00%(upstream:remoteref) refs/heads/home refs/remotes/home [1ms]
2024-03-13 12:43:25.032 [warning] No such branch: home.
2024-03-13 12:43:25.056 [info] > git status -z -uall [18ms]
2024-03-13 12:43:31.967 [info] > git config --get commit.template [0ms]
2024-03-13 12:43:31.972 [info] No remotes found in the git config file.
2024-03-13 12:43:31.972 [info] > git for-each-ref --format=%(refname)%00%(upstream:short)%00%(objectname)%00%(upstream:track)%00%(upstream:remotename)%00%(upstream:remoteref) refs/heads/home refs/remotes/home [1ms]
2024-03-13 12:43:31.972 [warning] No such branch: home.
2024-03-13 12:43:31.994 [info] > git status -z -uall [18ms]
2024-03-13 12:44:02.927 [info] > git config --get commit.template [1ms]
2024-03-13 12:44:02.933 [info] No remotes found in the git config file.
2024-03-13 12:44:02.933 [info] > git for-each-ref --format=%(refname)%00%(upstream:short)%00%(objectname)%00%(upstream:track)%00%(upstream:remotename)%00%(upstream:remoteref) refs/heads/home refs/remotes/home [1ms]
2024-03-13 12:44:02.933 [warning] No such branch: home.
2024-03-13 12:44:02.958 [info] > git status -z -uall [19ms]
2024-03-13 12:44:08.023 [info] No remotes found in the git config file.
2024-03-13 12:44:08.024 [info] > git config --get commit.template [4ms]
2024-03-13 12:44:08.024 [info] > git for-each-ref --format=%(refname)%00%(upstream:short)%00%(objectname)%00%(upstream:track)%00%(upstream:remotename)%00%(upstream:remoteref) refs/heads/home refs/remotes/home [1ms]
2024-03-13 12:44:08.024 [warning] No such branch: home.
2024-03-13 12:44:08.044 [info] > git status -z -uall [17ms]
2024-03-13 12:44:31.054 [info] > git config --get commit.template [1ms]
2024-03-13 12:44:31.059 [info] No remotes found in the git config file.
2024-03-13 12:44:31.060 [info] > git for-each-ref --format=%(refname)%00%(upstream:short)%00%(objectname)%00%(upstream:track)%00%(upstream:remotename)%00%(upstream:remoteref) refs/heads/home refs/remotes/home [1ms]
2024-03-13 12:44:31.060 [warning] No such branch: home.
2024-03-13 12:44:31.085 [info] > git status -z -uall [18ms]
2024-03-13 12:44:36.143 [info] > git config --get commit.template [0ms]
2024-03-13 12:44:36.143 [info] No remotes found in the git config file.
2024-03-13 12:44:36.147 [info] > git for-each-ref --format=%(refname)%00%(upstream:short)%00%(objectname)%00%(upstream:track)%00%(upstream:remotename)%00%(upstream:remoteref) refs/heads/home refs/remotes/home [0ms]
2024-03-13 12:44:36.148 [warning] No such branch: home.
2024-03-13 12:44:36.168 [info] > git status -z -uall [17ms]
2024-03-13 12:44:41.958 [info] > git config --get commit.template [5ms]
2024-03-13 12:44:41.958 [info] No remotes found in the git config file.
2024-03-13 12:44:41.958 [info] > git for-each-ref --format=%(refname)%00%(upstream:short)%00%(objectname)%00%(upstream:track)%00%(upstream:remotename)%00%(upstream:remoteref) refs/heads/home refs/remotes/home [1ms]
2024-03-13 12:44:41.958 [warning] No such branch: home.
2024-03-13 12:44:41.978 [info] > git status -z -uall [17ms]
2024-03-13 12:44:47.040 [info] > git config --get commit.template [4ms]
2024-03-13 12:44:47.040 [info] No remotes found in the git config file.
2024-03-13 12:44:47.040 [info] > git for-each-ref --format=%(refname)%00%(upstream:short)%00%(objectname)%00%(upstream:track)%00%(upstream:remotename)%00%(upstream:remoteref) refs/heads/home refs/remotes/home [0ms]
2024-03-13 12:44:47.040 [warning] No such branch: home.
2024-03-13 12:44:47.061 [info] > git status -z -uall [18ms]
2024-03-13 12:44:52.124 [info] No remotes found in the git config file.
2024-03-13 12:44:52.125 [info] > git config --get commit.template [4ms]
2024-03-13 12:44:52.125 [info] > git for-each-ref --format=%(refname)%00%(upstream:short)%00%(objectname)%00%(upstream:track)%00%(upstream:remotename)%00%(upstream:remoteref) refs/heads/home refs/remotes/home [1ms]
2024-03-13 12:44:52.125 [warning] No such branch: home.
2024-03-13 12:44:52.147 [info] > git status -z -uall [19ms]
2024-03-13 12:44:58.957 [info] > git config --get commit.template [1ms]
2024-03-13 12:44:58.962 [info] No remotes found in the git config file.
2024-03-13 12:44:58.962 [info] > git for-each-ref --format=%(refname)%00%(upstream:short)%00%(objectname)%00%(upstream:track)%00%(upstream:remotename)%00%(upstream:remoteref) refs/heads/home refs/remotes/home [1ms]
2024-03-13 12:44:58.962 [warning] No such branch: home.
2024-03-13 12:44:58.984 [info] > git status -z -uall [18ms]
2024-03-13 12:45:04.435 [info] > git config --get commit.template [1ms]
2024-03-13 12:45:04.439 [info] No remotes found in the git config file.
2024-03-13 12:45:04.440 [info] > git for-each-ref --format=%(refname)%00%(upstream:short)%00%(objectname)%00%(upstream:track)%00%(upstream:remotename)%00%(upstream:remoteref) refs/heads/home refs/remotes/home [1ms]
2024-03-13 12:45:04.440 [warning] No such branch: home.
2024-03-13 12:45:04.464 [info] > git status -z -uall [20ms]
2024-03-13 12:45:09.519 [info] No remotes found in the git config file.
2024-03-13 12:45:09.523 [info] > git config --get commit.template [4ms]
2024-03-13 12:45:09.523 [info] > git for-each-ref --format=%(refname)%00%(upstream:short)%00%(objectname)%00%(upstream:track)%00%(upstream:remotename)%00%(upstream:remoteref) refs/heads/home refs/remotes/home [0ms]
2024-03-13 12:45:09.523 [warning] No such branch: home.
2024-03-13 12:45:09.544 [info] > git status -z -uall [18ms]
2024-03-13 12:45:14.607 [info] No remotes found in the git config file.
2024-03-13 12:45:14.607 [info] > git config --get commit.template [4ms]
2024-03-13 12:45:14.607 [info] > git for-each-ref --format=%(refname)%00%(upstream:short)%00%(objectname)%00%(upstream:track)%00%(upstream:remotename)%00%(upstream:remoteref) refs/heads/home refs/remotes/home [0ms]
2024-03-13 12:45:14.607 [warning] No such branch: home.
2024-03-13 12:45:14.629 [info] > git status -z -uall [19ms]
2024-03-13 12:45:19.694 [info] > git config --get commit.template [0ms]
2024-03-13 12:45:19.698 [info] No remotes found in the git config file.
2024-03-13 12:45:19.698 [info] > git for-each-ref --format=%(refname)%00%(upstream:short)%00%(objectname)%00%(upstream:track)%00%(upstream:remotename)%00%(upstream:remoteref) refs/heads/home refs/remotes/home [1ms]
2024-03-13 12:45:19.698 [warning] No such branch: home.
2024-03-13 12:45:19.718 [info] > git status -z -uall [17ms]
2024-03-13 12:45:24.781 [info] > git config --get commit.template [4ms]
2024-03-13 12:45:24.781 [info] No remotes found in the git config file.
2024-03-13 12:45:24.781 [info] > git for-each-ref --format=%(refname)%00%(upstream:short)%00%(objectname)%00%(upstream:track)%00%(upstream:remotename)%00%(upstream:remoteref) refs/heads/home refs/remotes/home [0ms]
2024-03-13 12:45:24.781 [warning] No such branch: home.
2024-03-13 12:45:24.803 [info] > git status -z -uall [18ms]
2024-03-13 12:45:29.868 [info] No remotes found in the git config file.
2024-03-13 12:45:29.869 [info] > git config --get commit.template [5ms]
2024-03-13 12:45:29.869 [info] > git for-each-ref --format=%(refname)%00%(upstream:short)%00%(objectname)%00%(upstream:track)%00%(upstream:remotename)%00%(upstream:remoteref) refs/heads/home refs/remotes/home [1ms]
2024-03-13 12:45:29.869 [warning] No such branch: home.
2024-03-13 12:45:29.891 [info] > git status -z -uall [18ms]
2024-03-13 12:45:47.697 [info] > git config --get commit.template [1ms]
2024-03-13 12:45:47.702 [info] No remotes found in the git config file.
2024-03-13 12:45:47.703 [info] > git for-each-ref --format=%(refname)%00%(upstream:short)%00%(objectname)%00%(upstream:track)%00%(upstream:remotename)%00%(upstream:remoteref) refs/heads/home refs/remotes/home [1ms]
2024-03-13 12:45:47.703 [warning] No such branch: home.
2024-03-13 12:45:47.727 [info] > git status -z -uall [19ms]
2024-03-13 12:45:52.791 [info] > git config --get commit.template [5ms]
2024-03-13 12:45:52.791 [info] No remotes found in the git config file.
2024-03-13 12:45:52.791 [info] > git for-each-ref --format=%(refname)%00%(upstream:short)%00%(objectname)%00%(upstream:track)%00%(upstream:remotename)%00%(upstream:remoteref) refs/heads/home refs/remotes/home [0ms]
2024-03-13 12:45:52.791 [warning] No such branch: home.
2024-03-13 12:45:52.812 [info] > git status -z -uall [17ms]
2024-03-13 12:45:57.224 [info] > git fetch [2ms]
2024-03-13 12:45:57.231 [info] No remotes found in the git config file.
2024-03-13 12:45:57.232 [info] > git config --get commit.template [4ms]
2024-03-13 12:45:57.232 [info] > git for-each-ref --format=%(refname)%00%(upstream:short)%00%(objectname)%00%(upstream:track)%00%(upstream:remotename)%00%(upstream:remoteref) refs/heads/home refs/remotes/home [1ms]
2024-03-13 12:45:57.232 [warning] No such branch: home.
2024-03-13 12:45:57.252 [info] > git status -z -uall [16ms]
2024-03-13 12:45:57.872 [info] > git config --get commit.template [0ms]
2024-03-13 12:45:57.876 [info] No remotes found in the git config file.
2024-03-13 12:45:57.877 [info] > git for-each-ref --format=%(refname)%00%(upstream:short)%00%(objectname)%00%(upstream:track)%00%(upstream:remotename)%00%(upstream:remoteref) refs/heads/home refs/remotes/home [0ms]
2024-03-13 12:45:57.877 [warning] No such branch: home.
2024-03-13 12:45:57.897 [info] > git status -z -uall [17ms]
2024-03-13 12:45:58.509 [info] > git ls-files --stage -- /home/spence8/function-scope/function-scope.html [2ms]
2024-03-13 12:45:58.520 [info] > git show --textconv :function-scope/function-scope.html [1ms]
2024-03-13 12:46:02.959 [info] No remotes found in the git config file.
2024-03-13 12:46:02.959 [info] > git config --get commit.template [4ms]
2024-03-13 12:46:02.959 [info] > git for-each-ref --format=%(refname)%00%(upstream:short)%00%(objectname)%00%(upstream:track)%00%(upstream:remotename)%00%(upstream:remoteref) refs/heads/home refs/remotes/home [0ms]
2024-03-13 12:46:02.959 [warning] No such branch: home.
2024-03-13 12:46:02.983 [info] > git status -z -uall [20ms]
2024-03-13 12:46:08.041 [info] > git config --get commit.template [0ms]
2024-03-13 12:46:08.045 [info] No remotes found in the git config file.
2024-03-13 12:46:08.045 [info] > git for-each-ref --format=%(refname)%00%(upstream:short)%00%(objectname)%00%(upstream:track)%00%(upstream:remotename)%00%(upstream:remoteref) refs/heads/home refs/remotes/home [0ms]
2024-03-13 12:46:08.045 [warning] No such branch: home.
2024-03-13 12:46:08.066 [info] > git status -z -uall [17ms]
2024-03-13 12:46:13.123 [info] > git config --get commit.template [0ms]
2024-03-13 12:46:13.127 [info] No remotes found in the git config file.
2024-03-13 12:46:13.127 [info] > git for-each-ref --format=%(refname)%00%(upstream:short)%00%(objectname)%00%(upstream:track)%00%(upstream:remotename)%00%(upstream:remoteref) refs/heads/home refs/remotes/home [1ms]
2024-03-13 12:46:13.127 [warning] No such branch: home.
2024-03-13 12:46:13.148 [info] > git status -z -uall [17ms]
2024-03-13 12:46:18.215 [info] No remotes found in the git config file.
2024-03-13 12:46:18.215 [info] > git config --get commit.template [5ms]
2024-03-13 12:46:18.215 [info] > git for-each-ref --format=%(refname)%00%(upstream:short)%00%(objectname)%00%(upstream:track)%00%(upstream:remotename)%00%(upstream:remoteref) refs/heads/home refs/remotes/home [0ms]
2024-03-13 12:46:18.215 [warning] No such branch: home.
2024-03-13 12:46:18.237 [info] > git status -z -uall [17ms]
2024-03-13 12:46:23.297 [info] > git config --get commit.template [0ms]
2024-03-13 12:46:23.301 [info] No remotes found in the git config file.
2024-03-13 12:46:23.301 [info] > git for-each-ref --format=%(refname)%00%(upstream:short)%00%(objectname)%00%(upstream:track)%00%(upstream:remotename)%00%(upstream:remoteref) refs/heads/home refs/remotes/home [1ms]
2024-03-13 12:46:23.301 [warning] No such branch: home.
2024-03-13 12:46:23.321 [info] > git status -z -uall [16ms]
2024-03-13 12:46:28.378 [info] > git config --get commit.template [0ms]
2024-03-13 12:46:28.383 [info] No remotes found in the git config file.
2024-03-13 12:46:28.383 [info] > git for-each-ref --format=%(refname)%00%(upstream:short)%00%(objectname)%00%(upstream:track)%00%(upstream:remotename)%00%(upstream:remoteref) refs/heads/home refs/remotes/home [1ms]
2024-03-13 12:46:28.383 [warning] No such branch: home.
2024-03-13 12:46:28.406 [info] > git status -z -uall [20ms]
2024-03-13 12:46:35.097 [info] No remotes found in the git config file.
2024-03-13 12:46:35.098 [info] > git config --get commit.template [4ms]
2024-03-13 12:46:35.098 [info] > git for-each-ref --format=%(refname)%00%(upstream:short)%00%(objectname)%00%(upstream:track)%00%(upstream:remotename)%00%(upstream:remoteref) refs/heads/home refs/remotes/home [1ms]
2024-03-13 12:46:35.098 [warning] No such branch: home.
2024-03-13 12:46:35.120 [info] > git status -z -uall [19ms]
2024-03-13 12:46:40.547 [info] > git config --get commit.template [0ms]
2024-03-13 12:46:40.552 [info] No remotes found in the git config file.
2024-03-13 12:46:40.552 [info] > git for-each-ref --format=%(refname)%00%(upstream:short)%00%(objectname)%00%(upstream:track)%00%(upstream:remotename)%00%(upstream:remoteref) refs/heads/home refs/remotes/home [0ms]
2024-03-13 12:46:40.552 [warning] No such branch: home.
2024-03-13 12:46:40.574 [info] > git status -z -uall [18ms]
2024-03-13 12:46:45.637 [info] No remotes found in the git config file.
2024-03-13 12:46:45.637 [info] > git config --get commit.template [4ms]
2024-03-13 12:46:45.638 [info] > git for-each-ref --format=%(refname)%00%(upstream:short)%00%(objectname)%00%(upstream:track)%00%(upstream:remotename)%00%(upstream:remoteref) refs/heads/home refs/remotes/home [0ms]
2024-03-13 12:46:45.638 [warning] No such branch: home.
2024-03-13 12:46:45.658 [info] > git status -z -uall [17ms]
2024-03-13 12:46:50.722 [info] > git config --get commit.template [0ms]
2024-03-13 12:46:50.727 [info] No remotes found in the git config file.
2024-03-13 12:46:50.727 [info] > git for-each-ref --format=%(refname)%00%(upstream:short)%00%(objectname)%00%(upstream:track)%00%(upstream:remotename)%00%(upstream:remoteref) refs/heads/home refs/remotes/home [0ms]
2024-03-13 12:46:50.727 [warning] No such branch: home.
2024-03-13 12:46:50.751 [info] > git status -z -uall [20ms]
2024-03-13 12:46:58.648 [info] > git config --get commit.template [0ms]
2024-03-13 12:46:58.654 [info] No remotes found in the git config file.
2024-03-13 12:46:58.655 [info] > git for-each-ref --format=%(refname)%00%(upstream:short)%00%(objectname)%00%(upstream:track)%00%(upstream:remotename)%00%(upstream:remoteref) refs/heads/home refs/remotes/home [0ms]
2024-03-13 12:46:58.655 [warning] No such branch: home.
2024-03-13 12:46:58.677 [info] > git status -z -uall [17ms]
2024-03-13 12:47:08.717 [info] No remotes found in the git config file.
2024-03-13 12:47:08.717 [info] > git config --get commit.template [5ms]
2024-03-13 12:47:08.718 [info] > git for-each-ref --format=%(refname)%00%(upstream:short)%00%(objectname)%00%(upstream:track)%00%(upstream:remotename)%00%(upstream:remoteref) refs/heads/home refs/remotes/home [1ms]
2024-03-13 12:47:08.718 [warning] No such branch: home.
2024-03-13 12:47:08.742 [info] > git status -z -uall [19ms]
2024-03-13 12:47:21.725 [info] > git config --get commit.template [1ms]
2024-03-13 12:47:21.731 [info] No remotes found in the git config file.
2024-03-13 12:47:21.731 [info] > git for-each-ref --format=%(refname)%00%(upstream:short)%00%(objectname)%00%(upstream:track)%00%(upstream:remotename)%00%(upstream:remoteref) refs/heads/home refs/remotes/home [0ms]
2024-03-13 12:47:21.731 [warning] No such branch: home.
2024-03-13 12:47:21.756 [info] > git status -z -uall [18ms]
2024-03-13 12:47:26.929 [info] > git config --get commit.template [1ms]
2024-03-13 12:47:26.935 [info] No remotes found in the git config file.
2024-03-13 12:47:26.935 [info] > git for-each-ref --format=%(refname)%00%(upstream:short)%00%(objectname)%00%(upstream:track)%00%(upstream:remotename)%00%(upstream:remoteref) refs/heads/home refs/remotes/home [0ms]
2024-03-13 12:47:26.935 [warning] No such branch: home.
2024-03-13 12:47:26.956 [info] > git status -z -uall [17ms]
2024-03-13 12:47:36.644 [info] > git config --get commit.template [1ms]
2024-03-13 12:47:36.650 [info] No remotes found in the git config file.
2024-03-13 12:47:36.651 [info] > git for-each-ref --format=%(refname)%00%(upstream:short)%00%(objectname)%00%(upstream:track)%00%(upstream:remotename)%00%(upstream:remoteref) refs/heads/home refs/remotes/home [1ms]
2024-03-13 12:47:36.651 [warning] No such branch: home.
2024-03-13 12:47:36.673 [info] > git status -z -uall [18ms]
2024-03-13 12:47:41.737 [info] > git config --get commit.template [0ms]
2024-03-13 12:47:41.741 [info] No remotes found in the git config file.
2024-03-13 12:47:41.742 [info] > git for-each-ref --format=%(refname)%00%(upstream:short)%00%(objectname)%00%(upstream:track)%00%(upstream:remotename)%00%(upstream:remoteref) refs/heads/home refs/remotes/home [1ms]
2024-03-13 12:47:41.742 [warning] No such branch: home.
2024-03-13 12:47:41.763 [info] > git status -z -uall [18ms]
2024-03-13 12:47:46.820 [info] > git config --get commit.template [0ms]
2024-03-13 12:47:46.824 [info] No remotes found in the git config file.
2024-03-13 12:47:46.824 [info] > git for-each-ref --format=%(refname)%00%(upstream:short)%00%(objectname)%00%(upstream:track)%00%(upstream:remotename)%00%(upstream:remoteref) refs/heads/home refs/remotes/home [0ms]
2024-03-13 12:47:46.824 [warning] No such branch: home.
2024-03-13 12:47:46.845 [info] > git status -z -uall [17ms]
2024-03-13 12:47:51.906 [info] No remotes found in the git config file.
2024-03-13 12:47:51.906 [info] > git config --get commit.template [4ms]
2024-03-13 12:47:51.907 [info] > git for-each-ref --format=%(refname)%00%(upstream:short)%00%(objectname)%00%(upstream:track)%00%(upstream:remotename)%00%(upstream:remoteref) refs/heads/home refs/remotes/home [0ms]
2024-03-13 12:47:51.907 [warning] No such branch: home.
2024-03-13 12:47:51.928 [info] > git status -z -uall [18ms]
2024-03-13 12:47:56.988 [info] > git config --get commit.template [1ms]
2024-03-13 12:47:56.992 [info] No remotes found in the git config file.
2024-03-13 12:47:56.992 [info] > git for-each-ref --format=%(refname)%00%(upstream:short)%00%(objectname)%00%(upstream:track)%00%(upstream:remotename)%00%(upstream:remoteref) refs/heads/home refs/remotes/home [0ms]
2024-03-13 12:47:56.992 [warning] No such branch: home.
2024-03-13 12:47:57.012 [info] > git status -z -uall [16ms]
2024-03-13 12:48:02.077 [info] > git config --get commit.template [4ms]
2024-03-13 12:48:02.077 [info] No remotes found in the git config file.
2024-03-13 12:48:02.077 [info] > git for-each-ref --format=%(refname)%00%(upstream:short)%00%(objectname)%00%(upstream:track)%00%(upstream:remotename)%00%(upstream:remoteref) refs/heads/home refs/remotes/home [1ms]
2024-03-13 12:48:02.077 [warning] No such branch: home.
2024-03-13 12:48:02.098 [info] > git status -z -uall [18ms]
2024-03-13 12:48:07.156 [info] > git config --get commit.template [0ms]
2024-03-13 12:48:07.160 [info] No remotes found in the git config file.
2024-03-13 12:48:07.160 [info] > git for-each-ref --format=%(refname)%00%(upstream:short)%00%(objectname)%00%(upstream:track)%00%(upstream:remotename)%00%(upstream:remoteref) refs/heads/home refs/remotes/home [0ms]
2024-03-13 12:48:07.160 [warning] No such branch: home.
2024-03-13 12:48:07.180 [info] > git status -z -uall [17ms]
2024-03-13 12:48:12.239 [info] > git config --get commit.template [1ms]
2024-03-13 12:48:12.243 [info] No remotes found in the git config file.
2024-03-13 12:48:12.243 [info] > git for-each-ref --format=%(refname)%00%(upstream:short)%00%(objectname)%00%(upstream:track)%00%(upstream:remotename)%00%(upstream:remoteref) refs/heads/home refs/remotes/home [0ms]
2024-03-13 12:48:12.243 [warning] No such branch: home.
2024-03-13 12:48:12.263 [info] > git status -z -uall [17ms]
2024-03-13 12:48:17.320 [info] > git config --get commit.template [0ms]
2024-03-13 12:48:17.324 [info] No remotes found in the git config file.
2024-03-13 12:48:17.324 [info] > git for-each-ref --format=%(refname)%00%(upstream:short)%00%(objectname)%00%(upstream:track)%00%(upstream:remotename)%00%(upstream:remoteref) refs/heads/home refs/remotes/home [0ms]
2024-03-13 12:48:17.324 [warning] No such branch: home.
2024-03-13 12:48:17.345 [info] > git status -z -uall [17ms]
2024-03-13 12:48:22.409 [info] No remotes found in the git config file.
2024-03-13 12:48:22.410 [info] > git config --get commit.template [4ms]
2024-03-13 12:48:22.410 [info] > git for-each-ref --format=%(refname)%00%(upstream:short)%00%(objectname)%00%(upstream:track)%00%(upstream:remotename)%00%(upstream:remoteref) refs/heads/home refs/remotes/home [1ms]
2024-03-13 12:48:22.410 [warning] No such branch: home.
2024-03-13 12:48:22.431 [info] > git status -z -uall [18ms]
2024-03-13 12:48:27.496 [info] > git config --get commit.template [1ms]
2024-03-13 12:48:27.497 [info] No remotes found in the git config file.
2024-03-13 12:48:27.502 [info] > git for-each-ref --format=%(refname)%00%(upstream:short)%00%(objectname)%00%(upstream:track)%00%(upstream:remotename)%00%(upstream:remoteref) refs/heads/home refs/remotes/home [1ms]
2024-03-13 12:48:27.502 [warning] No such branch: home.
2024-03-13 12:48:27.522 [info] > git status -z -uall [17ms]
2024-03-13 12:48:32.581 [info] > git config --get commit.template [0ms]
2024-03-13 12:48:32.585 [info] No remotes found in the git config file.
2024-03-13 12:48:32.585 [info] > git for-each-ref --format=%(refname)%00%(upstream:short)%00%(objectname)%00%(upstream:track)%00%(upstream:remotename)%00%(upstream:remoteref) refs/heads/home refs/remotes/home [0ms]
2024-03-13 12:48:32.585 [warning] No such branch: home.
2024-03-13 12:48:32.607 [info] > git status -z -uall [18ms]
2024-03-13 12:48:38.282 [info] > git config --get commit.template [1ms]
2024-03-13 12:48:38.286 [info] No remotes found in the git config file.
2024-03-13 12:48:38.286 [info] > git for-each-ref --format=%(refname)%00%(upstream:short)%00%(objectname)%00%(upstream:track)%00%(upstream:remotename)%00%(upstream:remoteref) refs/heads/home refs/remotes/home [0ms]
2024-03-13 12:48:38.287 [warning] No such branch: home.
2024-03-13 12:48:38.307 [info] > git status -z -uall [17ms]
2024-03-13 12:48:43.374 [info] > git config --get commit.template [5ms]
2024-03-13 12:48:43.375 [info] No remotes found in the git config file.
2024-03-13 12:48:43.375 [info] > git for-each-ref --format=%(refname)%00%(upstream:short)%00%(objectname)%00%(upstream:track)%00%(upstream:remotename)%00%(upstream:remoteref) refs/heads/home refs/remotes/home [1ms]
2024-03-13 12:48:43.375 [warning] No such branch: home.
2024-03-13 12:48:43.396 [info] > git status -z -uall [17ms]
2024-03-13 12:48:48.453 [info] > git config --get commit.template [1ms]
2024-03-13 12:48:48.457 [info] No remotes found in the git config file.
2024-03-13 12:48:48.457 [info] > git for-each-ref --format=%(refname)%00%(upstream:short)%00%(objectname)%00%(upstream:track)%00%(upstream:remotename)%00%(upstream:remoteref) refs/heads/home refs/remotes/home [0ms]
2024-03-13 12:48:48.457 [warning] No such branch: home.
2024-03-13 12:48:48.478 [info] > git status -z -uall [18ms]
2024-03-13 12:48:53.536 [info] > git config --get commit.template [1ms]
2024-03-13 12:48:53.540 [info] No remotes found in the git config file.
2024-03-13 12:48:53.540 [info] > git for-each-ref --format=%(refname)%00%(upstream:short)%00%(objectname)%00%(upstream:track)%00%(upstream:remotename)%00%(upstream:remoteref) refs/heads/home refs/remotes/home [0ms]
2024-03-13 12:48:53.540 [warning] No such branch: home.
2024-03-13 12:48:53.561 [info] > git status -z -uall [18ms]
2024-03-13 12:52:47.797 [info] > git fetch [7ms]
2024-03-13 12:52:47.802 [info] > git config --get commit.template [5ms]
2024-03-13 12:52:47.808 [info] No remotes found in the git config file.
2024-03-13 12:52:47.808 [info] > git config --get commit.template [6ms]
2024-03-13 12:52:47.808 [info] > git for-each-ref --format=%(refname)%00%(upstream:short)%00%(objectname)%00%(upstream:track)%00%(upstream:remotename)%00%(upstream:remoteref) refs/heads/home refs/remotes/home [1ms]
2024-03-13 12:52:47.808 [warning] No such branch: home.
2024-03-13 12:52:47.809 [info] No remotes found in the git config file.
2024-03-13 12:52:47.814 [info] > git for-each-ref --format=%(refname)%00%(upstream:short)%00%(objectname)%00%(upstream:track)%00%(upstream:remotename)%00%(upstream:remoteref) refs/heads/home refs/remotes/home [1ms]
2024-03-13 12:52:47.814 [warning] No such branch: home.
2024-03-13 12:52:47.839 [info] > git status -z -uall [21ms]
2024-03-13 12:52:49.021 [info] > git ls-files --stage -- /home/spence8/function-scope/function-scope.html [2ms]
2024-03-13 12:52:49.028 [info] > git show --textconv :function-scope/function-scope.html [1ms]
2024-03-13 12:52:52.815 [info] > git config --get commit.template [1ms]
2024-03-13 12:52:52.818 [info] No remotes found in the git config file.
2024-03-13 12:52:52.819 [info] > git for-each-ref --format=%(refname)%00%(upstream:short)%00%(objectname)%00%(upstream:track)%00%(upstream:remotename)%00%(upstream:remoteref) refs/heads/home refs/remotes/home [1ms]
2024-03-13 12:52:52.819 [warning] No such branch: home.
2024-03-13 12:52:52.839 [info] > git status -z -uall [17ms]
2024-03-13 12:52:57.896 [info] > git config --get commit.template [0ms]
2024-03-13 12:52:57.901 [info] No remotes found in the git config file.
2024-03-13 12:52:57.901 [info] > git for-each-ref --format=%(refname)%00%(upstream:short)%00%(objectname)%00%(upstream:track)%00%(upstream:remotename)%00%(upstream:remoteref) refs/heads/home refs/remotes/home [0ms]
2024-03-13 12:52:57.901 [warning] No such branch: home.
2024-03-13 12:52:57.924 [info] > git status -z -uall [18ms]
2024-03-13 12:53:02.989 [info] No remotes found in the git config file.
2024-03-13 12:53:02.989 [info] > git config --get commit.template [5ms]
2024-03-13 12:53:02.989 [info] > git for-each-ref --format=%(refname)%00%(upstream:short)%00%(objectname)%00%(upstream:track)%00%(upstream:remotename)%00%(upstream:remoteref) refs/heads/home refs/remotes/home [0ms]
2024-03-13 12:53:02.989 [warning] No such branch: home.
2024-03-13 12:53:03.010 [info] > git status -z -uall [17ms]
2024-03-13 12:53:08.071 [info] > git config --get commit.template [1ms]
2024-03-13 12:53:08.074 [info] No remotes found in the git config file.
2024-03-13 12:53:08.075 [info] > git for-each-ref --format=%(refname)%00%(upstream:short)%00%(objectname)%00%(upstream:track)%00%(upstream:remotename)%00%(upstream:remoteref) refs/heads/home refs/remotes/home [0ms]
2024-03-13 12:53:08.075 [warning] No such branch: home.
2024-03-13 12:53:08.095 [info] > git status -z -uall [17ms]
2024-03-13 12:53:13.159 [info] > git config --get commit.template [5ms]
2024-03-13 12:53:13.159 [info] No remotes found in the git config file.
2024-03-13 12:53:13.159 [info] > git for-each-ref --format=%(refname)%00%(upstream:short)%00%(objectname)%00%(upstream:track)%00%(upstream:remotename)%00%(upstream:remoteref) refs/heads/home refs/remotes/home [1ms]
2024-03-13 12:53:13.159 [warning] No such branch: home.
2024-03-13 12:53:13.179 [info] > git status -z -uall [17ms]
2024-03-13 12:53:18.245 [info] No remotes found in the git config file.
2024-03-13 12:53:18.246 [info] > git config --get commit.template [5ms]
2024-03-13 12:53:18.246 [info] > git for-each-ref --format=%(refname)%00%(upstream:short)%00%(objectname)%00%(upstream:track)%00%(upstream:remotename)%00%(upstream:remoteref) refs/heads/home refs/remotes/home [1ms]
2024-03-13 12:53:18.246 [warning] No such branch: home.
2024-03-13 12:53:18.266 [info] > git status -z -uall [17ms]
2024-03-13 12:53:23.330 [info] > git config --get commit.template [3ms]
2024-03-13 12:53:23.330 [info] No remotes found in the git config file.
2024-03-13 12:53:23.330 [info] > git for-each-ref --format=%(refname)%00%(upstream:short)%00%(objectname)%00%(upstream:track)%00%(upstream:remotename)%00%(upstream:remoteref) refs/heads/home refs/remotes/home [1ms]
2024-03-13 12:53:23.330 [warning] No such branch: home.
2024-03-13 12:53:23.351 [info] > git status -z -uall [18ms]
2024-03-13 12:56:28.118 [info] > git fetch [5ms]
2024-03-13 12:56:28.124 [info] > git config --get commit.template [6ms]
2024-03-13 12:56:28.129 [info] No remotes found in the git config file.
2024-03-13 12:56:28.129 [info] > git config --get commit.template [6ms]
2024-03-13 12:56:28.130 [info] > git for-each-ref --format=%(refname)%00%(upstream:short)%00%(objectname)%00%(upstream:track)%00%(upstream:remotename)%00%(upstream:remoteref) refs/heads/home refs/remotes/home [1ms]
2024-03-13 12:56:28.130 [warning] No such branch: home.
2024-03-13 12:56:28.134 [info] No remotes found in the git config file.
2024-03-13 12:56:28.135 [info] > git for-each-ref --format=%(refname)%00%(upstream:short)%00%(objectname)%00%(upstream:track)%00%(upstream:remotename)%00%(upstream:remoteref) refs/heads/home refs/remotes/home [1ms]
2024-03-13 12:56:28.135 [warning] No such branch: home.
2024-03-13 12:56:28.159 [info] > git status -z -uall [20ms]
2024-03-13 12:57:27.705 [info] No remotes found in the git config file.
2024-03-13 12:57:27.705 [info] > git for-each-ref --format=%(refname)%00%(upstream:short)%00%(objectname)%00%(upstream:track)%00%(upstream:remotename)%00%(upstream:remoteref) refs/heads/home refs/remotes/home [0ms]
2024-03-13 12:57:27.705 [warning] No such branch: home.
2024-03-13 12:57:27.706 [info] > git config --get commit.template [6ms]
2024-03-13 12:57:27.724 [info] > git ls-files --stage -- /home/spence8/function-scope/function-scope.html [1ms]
2024-03-13 12:57:27.734 [info] > git show --textconv :function-scope/function-scope.html [3ms]
2024-03-13 12:57:27.738 [info] > git status -z -uall [28ms]
2024-03-13 13:02:56.890 [info] > git fetch [6ms]
2024-03-13 13:02:56.895 [info] > git config --get commit.template [4ms]
2024-03-13 13:02:56.899 [info] No remotes found in the git config file.
2024-03-13 13:02:56.900 [info] > git config --get commit.template [6ms]
2024-03-13 13:02:56.900 [info] > git for-each-ref --format=%(refname)%00%(upstream:short)%00%(objectname)%00%(upstream:track)%00%(upstream:remotename)%00%(upstream:remoteref) refs/heads/home refs/remotes/home [1ms]
2024-03-13 13:02:56.900 [warning] No such branch: home.
2024-03-13 13:02:56.904 [info] No remotes found in the git config file.
2024-03-13 13:02:56.905 [info] > git for-each-ref --format=%(refname)%00%(upstream:short)%00%(objectname)%00%(upstream:track)%00%(upstream:remotename)%00%(upstream:remoteref) refs/heads/home refs/remotes/home [1ms]
2024-03-13 13:02:56.905 [warning] No such branch: home.
2024-03-13 13:02:56.930 [info] > git status -z -uall [22ms]
2024-03-13 13:04:21.482 [info] > git config --get commit.template [7ms]
2024-03-13 13:04:21.487 [info] No remotes found in the git config file.
2024-03-13 13:04:21.487 [info] > git ls-files --stage -- /home/spence8/function-scope/function-scope.html [5ms]
2024-03-13 13:04:21.488 [info] > git for-each-ref --format=%(refname)%00%(upstream:short)%00%(objectname)%00%(upstream:track)%00%(upstream:remotename)%00%(upstream:remoteref) refs/heads/home refs/remotes/home [2ms]
2024-03-13 13:04:21.488 [warning] No such branch: home.
2024-03-13 13:04:21.500 [info] > git show --textconv :function-scope/function-scope.html [2ms]
2024-03-13 13:04:21.514 [info] > git status -z -uall [22ms]
2024-03-13 13:59:37.321 [info] > git fetch [5ms]
2024-03-13 13:59:37.324 [info] > git config --get commit.template [4ms]
2024-03-13 13:59:37.327 [info] No remotes found in the git config file.
2024-03-13 13:59:37.328 [info] > git config --get commit.template [4ms]
2024-03-13 13:59:37.328 [info] > git for-each-ref --format=%(refname)%00%(upstream:short)%00%(objectname)%00%(upstream:track)%00%(upstream:remotename)%00%(upstream:remoteref) refs/heads/home refs/remotes/home [1ms]
2024-03-13 13:59:37.328 [warning] No such branch: home.
2024-03-13 13:59:37.333 [info] No remotes found in the git config file.
2024-03-13 13:59:37.333 [info] > git for-each-ref --format=%(refname)%00%(upstream:short)%00%(objectname)%00%(upstream:track)%00%(upstream:remotename)%00%(upstream:remoteref) refs/heads/home refs/remotes/home [0ms]
2024-03-13 13:59:37.333 [warning] No such branch: home.
2024-03-13 13:59:37.358 [info] > git status -z -uall [22ms]
2024-03-13 13:59:39.089 [info] > git ls-files --stage -- /home/spence8/function-scope/function-scope.html [1ms]
2024-03-13 13:59:39.098 [info] > git show --textconv :function-scope/function-scope.html [2ms]
