2024-03-13 12:36:52.976 [info] Extension host with pid 585 started
2024-03-13 12:36:52.986 [info] Lock '/home/spence8/.vscode-server/data/User/workspaceStorage/b63c153fe75fde838fd4a584bbbd26ef/vscode.lock': Lock acquired.
2024-03-13 12:36:52.999 [info] ExtensionService#_doActivateExtension vscode.tunnel-forwarding, startup: false, activationEvent: 'onTunnel'
2024-03-13 12:36:53.000 [info] ExtensionService#_doActivateExtension vscode.emmet, startup: false, activationEvent: 'onLanguage'
2024-03-13 12:36:53.000 [info] ExtensionService#_doActivateExtension vscode.html-language-features, startup: false, activationEvent: 'onLanguage:html'
2024-03-13 12:36:53.271 [info] ExtensionService#_doActivateExtension vscode.git-base, startup: true, activationEvent: '*', root cause: vscode.git
2024-03-13 12:36:53.278 [info] ExtensionService#_doActivateExtension vscode.git, startup: true, activationEvent: '*'
2024-03-13 12:36:53.278 [info] ExtensionService#_doActivateExtension vscode.github, startup: true, activationEvent: '*'
2024-03-13 12:36:53.371 [info] Eager extensions activated
2024-03-13 12:36:53.371 [info] ExtensionService#_doActivateExtension vscode.debug-auto-launch, startup: false, activationEvent: 'onStartupFinished'
2024-03-13 12:36:53.371 [info] ExtensionService#_doActivateExtension vscode.merge-conflict, startup: false, activationEvent: 'onStartupFinished'
2024-03-13 12:36:53.371 [info] ExtensionService#_doActivateExtension ritwickdey.LiveServer, startup: false, activationEvent: 'onStartupFinished'
2024-03-13 12:36:53.597 [warning] [Decorations] CAPPING events from decorations provider vscode.git 8715
2024-03-13 12:36:53.609 [info] ExtensionService#_doActivateExtension vscode.json-language-features, startup: false, activationEvent: 'onLanguage:jsonc'
2024-03-13 12:36:53.610 [info] ExtensionService#_doActivateExtension vscode.typescript-language-features, startup: false, activationEvent: 'onLanguage:jsonc'
2024-03-13 12:36:56.500 [warning] [Decorations] CAPPING events from decorations provider vscode.git 8717
2024-03-13 12:37:01.589 [warning] [Decorations] CAPPING events from decorations provider vscode.git 8717
2024-03-13 12:37:06.678 [warning] [Decorations] CAPPING events from decorations provider vscode.git 8729
2024-03-13 12:37:11.766 [warning] [Decorations] CAPPING events from decorations provider vscode.git 8729
2024-03-13 12:37:16.847 [warning] [Decorations] CAPPING events from decorations provider vscode.git 8729
2024-03-13 12:37:21.928 [warning] [Decorations] CAPPING events from decorations provider vscode.git 8729
2024-03-13 12:37:27.013 [warning] [Decorations] CAPPING events from decorations provider vscode.git 8729
2024-03-13 12:37:44.327 [warning] [Decorations] CAPPING events from decorations provider vscode.git 8730
2024-03-13 12:37:49.413 [warning] [Decorations] CAPPING events from decorations provider vscode.git 8730
2024-03-13 12:37:54.502 [warning] [Decorations] CAPPING events from decorations provider vscode.git 8730
2024-03-13 12:37:59.586 [warning] [Decorations] CAPPING events from decorations provider vscode.git 8731
2024-03-13 12:38:29.376 [warning] [Decorations] CAPPING events from decorations provider vscode.git 8731
2024-03-13 12:38:34.465 [warning] [Decorations] CAPPING events from decorations provider vscode.git 8731
2024-03-13 12:38:39.551 [warning] [Decorations] CAPPING events from decorations provider vscode.git 8731
2024-03-13 12:38:44.638 [warning] [Decorations] CAPPING events from decorations provider vscode.git 8731
2024-03-13 12:38:49.728 [warning] [Decorations] CAPPING events from decorations provider vscode.git 8732
2024-03-13 12:39:40.331 [warning] [Decorations] CAPPING events from decorations provider vscode.git 8732
2024-03-13 12:39:45.433 [warning] [Decorations] CAPPING events from decorations provider vscode.git 8732
2024-03-13 12:39:50.517 [warning] [Decorations] CAPPING events from decorations provider vscode.git 8732
2024-03-13 12:39:53.544 [warning] [Decorations] CAPPING events from decorations provider vscode.git 8732
2024-03-13 12:39:55.604 [warning] [Decorations] CAPPING events from decorations provider vscode.git 8732
2024-03-13 12:40:00.689 [warning] [Decorations] CAPPING events from decorations provider vscode.git 8732
2024-03-13 12:40:05.780 [warning] [Decorations] CAPPING events from decorations provider vscode.git 8732
2024-03-13 12:40:14.317 [warning] [Decorations] CAPPING events from decorations provider vscode.git 8732
2024-03-13 12:40:20.129 [warning] [Decorations] CAPPING events from decorations provider vscode.git 8732
2024-03-13 12:40:25.214 [warning] [Decorations] CAPPING events from decorations provider vscode.git 8732
2024-03-13 12:40:33.054 [warning] [Decorations] CAPPING events from decorations provider vscode.git 8732
2024-03-13 12:40:38.136 [warning] [Decorations] CAPPING events from decorations provider vscode.git 8732
2024-03-13 12:40:43.219 [warning] [Decorations] CAPPING events from decorations provider vscode.git 8732
2024-03-13 12:40:48.302 [warning] [Decorations] CAPPING events from decorations provider vscode.git 8732
2024-03-13 12:40:53.389 [warning] [Decorations] CAPPING events from decorations provider vscode.git 8732
2024-03-13 12:40:58.471 [warning] [Decorations] CAPPING events from decorations provider vscode.git 8733
2024-03-13 12:41:14.042 [warning] [Decorations] CAPPING events from decorations provider vscode.git 8733
2024-03-13 12:41:19.128 [warning] [Decorations] CAPPING events from decorations provider vscode.git 8733
2024-03-13 12:41:24.209 [warning] [Decorations] CAPPING events from decorations provider vscode.git 8733
2024-03-13 12:41:29.292 [warning] [Decorations] CAPPING events from decorations provider vscode.git 8735
2024-03-13 12:42:49.895 [warning] [Decorations] CAPPING events from decorations provider vscode.git 8735
2024-03-13 12:42:57.209 [warning] [Decorations] CAPPING events from decorations provider vscode.git 8736
2024-03-13 12:43:02.217 [warning] [Decorations] CAPPING events from decorations provider vscode.git 8736
2024-03-13 12:43:07.298 [warning] [Decorations] CAPPING events from decorations provider vscode.git 8737
2024-03-13 12:43:13.984 [warning] [Decorations] CAPPING events from decorations provider vscode.git 8737
2024-03-13 12:43:19.069 [warning] [Decorations] CAPPING events from decorations provider vscode.git 8737
2024-03-13 12:43:25.103 [warning] [Decorations] CAPPING events from decorations provider vscode.git 8737
2024-03-13 12:43:32.039 [warning] [Decorations] CAPPING events from decorations provider vscode.git 8737
2024-03-13 12:44:03.007 [warning] [Decorations] CAPPING events from decorations provider vscode.git 8737
2024-03-13 12:44:08.090 [warning] [Decorations] CAPPING events from decorations provider vscode.git 8738
2024-03-13 12:44:31.130 [warning] [Decorations] CAPPING events from decorations provider vscode.git 8738
2024-03-13 12:44:36.215 [warning] [Decorations] CAPPING events from decorations provider vscode.git 8738
2024-03-13 12:44:42.024 [warning] [Decorations] CAPPING events from decorations provider vscode.git 8738
2024-03-13 12:44:47.109 [warning] [Decorations] CAPPING events from decorations provider vscode.git 8739
2024-03-13 12:44:52.191 [warning] [Decorations] CAPPING events from decorations provider vscode.git 8739
2024-03-13 12:44:59.029 [warning] [Decorations] CAPPING events from decorations provider vscode.git 8740
2024-03-13 12:45:04.508 [warning] [Decorations] CAPPING events from decorations provider vscode.git 8740
2024-03-13 12:45:09.592 [warning] [Decorations] CAPPING events from decorations provider vscode.git 8740
2024-03-13 12:45:14.675 [warning] [Decorations] CAPPING events from decorations provider vscode.git 8740
2024-03-13 12:45:19.763 [warning] [Decorations] CAPPING events from decorations provider vscode.git 8740
2024-03-13 12:45:24.850 [warning] [Decorations] CAPPING events from decorations provider vscode.git 8740
2024-03-13 12:45:29.936 [warning] [Decorations] CAPPING events from decorations provider vscode.git 8741
2024-03-13 12:45:47.772 [warning] [Decorations] CAPPING events from decorations provider vscode.git 8741
2024-03-13 12:45:52.858 [warning] [Decorations] CAPPING events from decorations provider vscode.git 8741
2024-03-13 12:45:57.298 [warning] [Decorations] CAPPING events from decorations provider vscode.git 8741
2024-03-13 12:45:57.943 [warning] [Decorations] CAPPING events from decorations provider vscode.git 8741
2024-03-13 12:46:03.029 [warning] [Decorations] CAPPING events from decorations provider vscode.git 8741
2024-03-13 12:46:08.111 [warning] [Decorations] CAPPING events from decorations provider vscode.git 8741
2024-03-13 12:46:13.195 [warning] [Decorations] CAPPING events from decorations provider vscode.git 8741
2024-03-13 12:46:18.283 [warning] [Decorations] CAPPING events from decorations provider vscode.git 8741
2024-03-13 12:46:23.366 [warning] [Decorations] CAPPING events from decorations provider vscode.git 8741
2024-03-13 12:46:28.454 [warning] [Decorations] CAPPING events from decorations provider vscode.git 8742
2024-03-13 12:46:35.166 [warning] [Decorations] CAPPING events from decorations provider vscode.git 8742
2024-03-13 12:46:40.620 [warning] [Decorations] CAPPING events from decorations provider vscode.git 8742
2024-03-13 12:46:45.703 [warning] [Decorations] CAPPING events from decorations provider vscode.git 8742
2024-03-13 12:46:50.797 [warning] [Decorations] CAPPING events from decorations provider vscode.git 8743
2024-03-13 12:46:58.724 [warning] [Decorations] CAPPING events from decorations provider vscode.git 8743
2024-03-13 12:47:08.788 [warning] [Decorations] CAPPING events from decorations provider vscode.git 8744
2024-03-13 12:47:21.802 [warning] [Decorations] CAPPING events from decorations provider vscode.git 8744
2024-03-13 12:47:27.004 [warning] [Decorations] CAPPING events from decorations provider vscode.git 8744
2024-03-13 12:47:36.724 [warning] [Decorations] CAPPING events from decorations provider vscode.git 8745
2024-03-13 12:47:41.808 [warning] [Decorations] CAPPING events from decorations provider vscode.git 8745
2024-03-13 12:47:46.890 [warning] [Decorations] CAPPING events from decorations provider vscode.git 8745
2024-03-13 12:47:51.974 [warning] [Decorations] CAPPING events from decorations provider vscode.git 8745
2024-03-13 12:47:57.057 [warning] [Decorations] CAPPING events from decorations provider vscode.git 8745
2024-03-13 12:48:02.144 [warning] [Decorations] CAPPING events from decorations provider vscode.git 8745
2024-03-13 12:48:07.225 [warning] [Decorations] CAPPING events from decorations provider vscode.git 8745
2024-03-13 12:48:12.308 [warning] [Decorations] CAPPING events from decorations provider vscode.git 8745
2024-03-13 12:48:17.393 [warning] [Decorations] CAPPING events from decorations provider vscode.git 8745
2024-03-13 12:48:22.479 [warning] [Decorations] CAPPING events from decorations provider vscode.git 8745
2024-03-13 12:48:27.568 [warning] [Decorations] CAPPING events from decorations provider vscode.git 8745
2024-03-13 12:48:32.654 [warning] [Decorations] CAPPING events from decorations provider vscode.git 8745
2024-03-13 12:48:38.352 [warning] [Decorations] CAPPING events from decorations provider vscode.git 8745
2024-03-13 12:48:43.443 [warning] [Decorations] CAPPING events from decorations provider vscode.git 8745
2024-03-13 12:48:48.524 [warning] [Decorations] CAPPING events from decorations provider vscode.git 8745
2024-03-13 12:48:53.607 [warning] [Decorations] CAPPING events from decorations provider vscode.git 8745
2024-03-13 12:52:47.897 [warning] [Decorations] CAPPING events from decorations provider vscode.git 8745
2024-03-13 12:52:52.883 [warning] [Decorations] CAPPING events from decorations provider vscode.git 8745
2024-03-13 12:52:57.970 [warning] [Decorations] CAPPING events from decorations provider vscode.git 8745
2024-03-13 12:53:03.056 [warning] [Decorations] CAPPING events from decorations provider vscode.git 8745
2024-03-13 12:53:08.141 [warning] [Decorations] CAPPING events from decorations provider vscode.git 8745
2024-03-13 12:53:13.226 [warning] [Decorations] CAPPING events from decorations provider vscode.git 8745
2024-03-13 12:53:18.313 [warning] [Decorations] CAPPING events from decorations provider vscode.git 8746
2024-03-13 12:53:23.395 [warning] [Decorations] CAPPING events from decorations provider vscode.git 8746
2024-03-13 12:56:28.224 [warning] [Decorations] CAPPING events from decorations provider vscode.git 8746
2024-03-13 12:57:27.796 [warning] [Decorations] CAPPING events from decorations provider vscode.git 8746
2024-03-13 13:02:56.991 [warning] [Decorations] CAPPING events from decorations provider vscode.git 8746
2024-03-13 13:04:21.570 [warning] [Decorations] CAPPING events from decorations provider vscode.git 8746
2024-03-13 13:59:37.421 [warning] [Decorations] CAPPING events from decorations provider vscode.git 8746
2024-03-13 13:59:42.113 [info] Extension host terminating: received terminate message from renderer
2024-03-13 13:59:42.113 [info] Lock '/home/spence8/.vscode-server/data/User/workspaceStorage/b63c153fe75fde838fd4a584bbbd26ef/vscode.lock': Marking the lockfile as scheduled to be released in 6000 ms.
2024-03-13 13:59:42.138 [error] Canceled: Canceled
	at new $ (/home/spence8/.vscode-server/bin/1e790d77f81672c49be070e04474901747115651/out/vs/workbench/api/node/extensionHostProcess.js:140:45885)
	at s.U (/home/spence8/.vscode-server/bin/1e790d77f81672c49be070e04474901747115651/out/vs/workbench/api/node/extensionHostProcess.js:147:5556)
	at z.<computed>.T.charCodeAt.z.<computed> (/home/spence8/.vscode-server/bin/1e790d77f81672c49be070e04474901747115651/out/vs/workbench/api/node/extensionHostProcess.js:147:3007)
	at u.g (/home/spence8/.vscode-server/bin/1e790d77f81672c49be070e04474901747115651/out/vs/workbench/api/node/extensionHostProcess.js:150:184300)
	at u.executeCommand (/home/spence8/.vscode-server/bin/1e790d77f81672c49be070e04474901747115651/out/vs/workbench/api/node/extensionHostProcess.js:150:183738)
	at f.registerCommand.description (/home/spence8/.vscode-server/bin/1e790d77f81672c49be070e04474901747115651/out/vs/workbench/api/node/extensionHostProcess.js:150:183062)
	at u.h (/home/spence8/.vscode-server/bin/1e790d77f81672c49be070e04474901747115651/out/vs/workbench/api/node/extensionHostProcess.js:150:184839)
	at u.g (/home/spence8/.vscode-server/bin/1e790d77f81672c49be070e04474901747115651/out/vs/workbench/api/node/extensionHostProcess.js:150:183831)
	at u.executeCommand (/home/spence8/.vscode-server/bin/1e790d77f81672c49be070e04474901747115651/out/vs/workbench/api/node/extensionHostProcess.js:150:183738)
	at Object.executeCommand (/home/spence8/.vscode-server/bin/1e790d77f81672c49be070e04474901747115651/out/vs/workbench/api/node/extensionHostProcess.js:160:21654)
	at p.O [as value] (/home/spence8/.vscode-server/bin/1e790d77f81672c49be070e04474901747115651/extensions/git/dist/main.js:2:943479)
	at n.y (/home/spence8/.vscode-server/bin/1e790d77f81672c49be070e04474901747115651/out/vs/workbench/api/node/extensionHostProcess.js:80:1902)
	at n.z (/home/spence8/.vscode-server/bin/1e790d77f81672c49be070e04474901747115651/out/vs/workbench/api/node/extensionHostProcess.js:80:1972)
	at n.fire (/home/spence8/.vscode-server/bin/1e790d77f81672c49be070e04474901747115651/out/vs/workbench/api/node/extensionHostProcess.js:80:2188)
	at Object.m [as dispose] (/home/spence8/.vscode-server/bin/1e790d77f81672c49be070e04474901747115651/extensions/git/dist/main.js:2:962791)
	at /home/spence8/.vscode-server/bin/1e790d77f81672c49be070e04474901747115651/extensions/git/dist/main.js:2:968825
	at Array.forEach (<anonymous>)
	at f.dispose (/home/spence8/.vscode-server/bin/1e790d77f81672c49be070e04474901747115651/extensions/git/dist/main.js:2:968811)
	at l.<anonymous> (/home/spence8/.vscode-server/bin/1e790d77f81672c49be070e04474901747115651/out/vs/workbench/api/node/extensionHostProcess.js:148:3704)
	at l.dispose (/home/spence8/.vscode-server/bin/1e790d77f81672c49be070e04474901747115651/out/vs/workbench/api/node/extensionHostProcess.js:148:3801)
	at l.<anonymous> (/home/spence8/.vscode-server/bin/1e790d77f81672c49be070e04474901747115651/extensions/git/dist/main.js:2:945736)
	at l.dispose (/home/spence8/.vscode-server/bin/1e790d77f81672c49be070e04474901747115651/out/vs/workbench/api/node/extensionHostProcess.js:148:3801)
	at o (/home/spence8/.vscode-server/bin/1e790d77f81672c49be070e04474901747115651/out/vs/workbench/api/node/extensionHostProcess.js:30:754)
	at p.cb (/home/spence8/.vscode-server/bin/1e790d77f81672c49be070e04474901747115651/out/vs/workbench/api/node/extensionHostProcess.js:156:9882)
	at /home/spence8/.vscode-server/bin/1e790d77f81672c49be070e04474901747115651/out/vs/workbench/api/node/extensionHostProcess.js:156:7816
	at Array.map (<anonymous>)
	at p.Y (/home/spence8/.vscode-server/bin/1e790d77f81672c49be070e04474901747115651/out/vs/workbench/api/node/extensionHostProcess.js:156:7803)
	at p.terminate (/home/spence8/.vscode-server/bin/1e790d77f81672c49be070e04474901747115651/out/vs/workbench/api/node/extensionHostProcess.js:156:8076)
	at o.terminate (/home/spence8/.vscode-server/bin/1e790d77f81672c49be070e04474901747115651/out/vs/workbench/api/node/extensionHostProcess.js:160:1513)
	at t (/home/spence8/.vscode-server/bin/1e790d77f81672c49be070e04474901747115651/out/vs/workbench/api/node/extensionHostProcess.js:173:9949)
	at p.value (/home/spence8/.vscode-server/bin/1e790d77f81672c49be070e04474901747115651/out/vs/workbench/api/node/extensionHostProcess.js:173:7996)
	at n.y (/home/spence8/.vscode-server/bin/1e790d77f81672c49be070e04474901747115651/out/vs/workbench/api/node/extensionHostProcess.js:80:1902)
	at n.fire (/home/spence8/.vscode-server/bin/1e790d77f81672c49be070e04474901747115651/out/vs/workbench/api/node/extensionHostProcess.js:80:2119)
	at r.fire (/home/spence8/.vscode-server/bin/1e790d77f81672c49be070e04474901747115651/out/vs/workbench/api/node/extensionHostProcess.js:105:14091)
	at u.z (/home/spence8/.vscode-server/bin/1e790d77f81672c49be070e04474901747115651/out/vs/workbench/api/node/extensionHostProcess.js:105:17156)
	at p.value (/home/spence8/.vscode-server/bin/1e790d77f81672c49be070e04474901747115651/out/vs/workbench/api/node/extensionHostProcess.js:105:15608)
	at n.y (/home/spence8/.vscode-server/bin/1e790d77f81672c49be070e04474901747115651/out/vs/workbench/api/node/extensionHostProcess.js:80:1902)
	at n.fire (/home/spence8/.vscode-server/bin/1e790d77f81672c49be070e04474901747115651/out/vs/workbench/api/node/extensionHostProcess.js:80:2119)
	at p.acceptChunk (/home/spence8/.vscode-server/bin/1e790d77f81672c49be070e04474901747115651/out/vs/workbench/api/node/extensionHostProcess.js:105:11865)
	at p.value (/home/spence8/.vscode-server/bin/1e790d77f81672c49be070e04474901747115651/out/vs/workbench/api/node/extensionHostProcess.js:105:11152)
	at n.y (/home/spence8/.vscode-server/bin/1e790d77f81672c49be070e04474901747115651/out/vs/workbench/api/node/extensionHostProcess.js:80:1902)
	at n.fire (/home/spence8/.vscode-server/bin/1e790d77f81672c49be070e04474901747115651/out/vs/workbench/api/node/extensionHostProcess.js:80:2119)
	at n.z (/home/spence8/.vscode-server/bin/1e790d77f81672c49be070e04474901747115651/out/vs/workbench/api/node/extensionHostProcess.js:170:19768)
	at n.acceptFrame (/home/spence8/.vscode-server/bin/1e790d77f81672c49be070e04474901747115651/out/vs/workbench/api/node/extensionHostProcess.js:170:19574)
	at i.n (/home/spence8/.vscode-server/bin/1e790d77f81672c49be070e04474901747115651/out/vs/workbench/api/node/extensionHostProcess.js:170:18073)
	at /home/spence8/.vscode-server/bin/1e790d77f81672c49be070e04474901747115651/out/vs/workbench/api/node/extensionHostProcess.js:170:15293
	at Socket.y (/home/spence8/.vscode-server/bin/1e790d77f81672c49be070e04474901747115651/out/vs/workbench/api/node/extensionHostProcess.js:170:13198)
	at Socket.emit (node:events:514:28)
	at addChunk (node:internal/streams/readable:324:12)
	at readableAddChunk (node:internal/streams/readable:297:9)
	at Readable.push (node:internal/streams/readable:234:10)
	at TCP.onStreamRead (node:internal/stream_base_commons:190:23) setContext undefined
2024-03-13 13:59:42.138 [error] Canceled: Canceled
	at new $ (/home/spence8/.vscode-server/bin/1e790d77f81672c49be070e04474901747115651/out/vs/workbench/api/node/extensionHostProcess.js:140:45885)
	at s.U (/home/spence8/.vscode-server/bin/1e790d77f81672c49be070e04474901747115651/out/vs/workbench/api/node/extensionHostProcess.js:147:5556)
	at z.<computed>.T.charCodeAt.z.<computed> (/home/spence8/.vscode-server/bin/1e790d77f81672c49be070e04474901747115651/out/vs/workbench/api/node/extensionHostProcess.js:147:3007)
	at u.g (/home/spence8/.vscode-server/bin/1e790d77f81672c49be070e04474901747115651/out/vs/workbench/api/node/extensionHostProcess.js:150:184300)
	at u.executeCommand (/home/spence8/.vscode-server/bin/1e790d77f81672c49be070e04474901747115651/out/vs/workbench/api/node/extensionHostProcess.js:150:183738)
	at f.registerCommand.description (/home/spence8/.vscode-server/bin/1e790d77f81672c49be070e04474901747115651/out/vs/workbench/api/node/extensionHostProcess.js:150:183062)
	at u.h (/home/spence8/.vscode-server/bin/1e790d77f81672c49be070e04474901747115651/out/vs/workbench/api/node/extensionHostProcess.js:150:184839)
	at u.g (/home/spence8/.vscode-server/bin/1e790d77f81672c49be070e04474901747115651/out/vs/workbench/api/node/extensionHostProcess.js:150:183831)
	at u.executeCommand (/home/spence8/.vscode-server/bin/1e790d77f81672c49be070e04474901747115651/out/vs/workbench/api/node/extensionHostProcess.js:150:183738)
	at Object.executeCommand (/home/spence8/.vscode-server/bin/1e790d77f81672c49be070e04474901747115651/out/vs/workbench/api/node/extensionHostProcess.js:160:21654)
	at set hasGitHubRepositories [as hasGitHubRepositories] (/home/spence8/.vscode-server/bin/1e790d77f81672c49be070e04474901747115651/extensions/github/dist/extension.js:2:325214)
	at /home/spence8/.vscode-server/bin/1e790d77f81672c49be070e04474901747115651/extensions/github/dist/extension.js:2:326173
	at p.value (/home/spence8/.vscode-server/bin/1e790d77f81672c49be070e04474901747115651/extensions/git/dist/main.js:2:1050811)
	at n.y (/home/spence8/.vscode-server/bin/1e790d77f81672c49be070e04474901747115651/out/vs/workbench/api/node/extensionHostProcess.js:80:1902)
	at n.z (/home/spence8/.vscode-server/bin/1e790d77f81672c49be070e04474901747115651/out/vs/workbench/api/node/extensionHostProcess.js:80:1972)
	at n.fire (/home/spence8/.vscode-server/bin/1e790d77f81672c49be070e04474901747115651/out/vs/workbench/api/node/extensionHostProcess.js:80:2188)
	at Object.m [as dispose] (/home/spence8/.vscode-server/bin/1e790d77f81672c49be070e04474901747115651/extensions/git/dist/main.js:2:962791)
	at /home/spence8/.vscode-server/bin/1e790d77f81672c49be070e04474901747115651/extensions/git/dist/main.js:2:968825
	at Array.forEach (<anonymous>)
	at f.dispose (/home/spence8/.vscode-server/bin/1e790d77f81672c49be070e04474901747115651/extensions/git/dist/main.js:2:968811)
	at l.<anonymous> (/home/spence8/.vscode-server/bin/1e790d77f81672c49be070e04474901747115651/out/vs/workbench/api/node/extensionHostProcess.js:148:3704)
	at l.dispose (/home/spence8/.vscode-server/bin/1e790d77f81672c49be070e04474901747115651/out/vs/workbench/api/node/extensionHostProcess.js:148:3801)
	at l.<anonymous> (/home/spence8/.vscode-server/bin/1e790d77f81672c49be070e04474901747115651/extensions/git/dist/main.js:2:945736)
	at l.dispose (/home/spence8/.vscode-server/bin/1e790d77f81672c49be070e04474901747115651/out/vs/workbench/api/node/extensionHostProcess.js:148:3801)
	at o (/home/spence8/.vscode-server/bin/1e790d77f81672c49be070e04474901747115651/out/vs/workbench/api/node/extensionHostProcess.js:30:754)
	at p.cb (/home/spence8/.vscode-server/bin/1e790d77f81672c49be070e04474901747115651/out/vs/workbench/api/node/extensionHostProcess.js:156:9882)
	at /home/spence8/.vscode-server/bin/1e790d77f81672c49be070e04474901747115651/out/vs/workbench/api/node/extensionHostProcess.js:156:7816
	at Array.map (<anonymous>)
	at p.Y (/home/spence8/.vscode-server/bin/1e790d77f81672c49be070e04474901747115651/out/vs/workbench/api/node/extensionHostProcess.js:156:7803)
	at p.terminate (/home/spence8/.vscode-server/bin/1e790d77f81672c49be070e04474901747115651/out/vs/workbench/api/node/extensionHostProcess.js:156:8076)
	at o.terminate (/home/spence8/.vscode-server/bin/1e790d77f81672c49be070e04474901747115651/out/vs/workbench/api/node/extensionHostProcess.js:160:1513)
	at t (/home/spence8/.vscode-server/bin/1e790d77f81672c49be070e04474901747115651/out/vs/workbench/api/node/extensionHostProcess.js:173:9949)
	at p.value (/home/spence8/.vscode-server/bin/1e790d77f81672c49be070e04474901747115651/out/vs/workbench/api/node/extensionHostProcess.js:173:7996)
	at n.y (/home/spence8/.vscode-server/bin/1e790d77f81672c49be070e04474901747115651/out/vs/workbench/api/node/extensionHostProcess.js:80:1902)
	at n.fire (/home/spence8/.vscode-server/bin/1e790d77f81672c49be070e04474901747115651/out/vs/workbench/api/node/extensionHostProcess.js:80:2119)
	at r.fire (/home/spence8/.vscode-server/bin/1e790d77f81672c49be070e04474901747115651/out/vs/workbench/api/node/extensionHostProcess.js:105:14091)
	at u.z (/home/spence8/.vscode-server/bin/1e790d77f81672c49be070e04474901747115651/out/vs/workbench/api/node/extensionHostProcess.js:105:17156)
	at p.value (/home/spence8/.vscode-server/bin/1e790d77f81672c49be070e04474901747115651/out/vs/workbench/api/node/extensionHostProcess.js:105:15608)
	at n.y (/home/spence8/.vscode-server/bin/1e790d77f81672c49be070e04474901747115651/out/vs/workbench/api/node/extensionHostProcess.js:80:1902)
	at n.fire (/home/spence8/.vscode-server/bin/1e790d77f81672c49be070e04474901747115651/out/vs/workbench/api/node/extensionHostProcess.js:80:2119)
	at p.acceptChunk (/home/spence8/.vscode-server/bin/1e790d77f81672c49be070e04474901747115651/out/vs/workbench/api/node/extensionHostProcess.js:105:11865)
	at p.value (/home/spence8/.vscode-server/bin/1e790d77f81672c49be070e04474901747115651/out/vs/workbench/api/node/extensionHostProcess.js:105:11152)
	at n.y (/home/spence8/.vscode-server/bin/1e790d77f81672c49be070e04474901747115651/out/vs/workbench/api/node/extensionHostProcess.js:80:1902)
	at n.fire (/home/spence8/.vscode-server/bin/1e790d77f81672c49be070e04474901747115651/out/vs/workbench/api/node/extensionHostProcess.js:80:2119)
	at n.z (/home/spence8/.vscode-server/bin/1e790d77f81672c49be070e04474901747115651/out/vs/workbench/api/node/extensionHostProcess.js:170:19768)
	at n.acceptFrame (/home/spence8/.vscode-server/bin/1e790d77f81672c49be070e04474901747115651/out/vs/workbench/api/node/extensionHostProcess.js:170:19574)
	at i.n (/home/spence8/.vscode-server/bin/1e790d77f81672c49be070e04474901747115651/out/vs/workbench/api/node/extensionHostProcess.js:170:18073)
	at /home/spence8/.vscode-server/bin/1e790d77f81672c49be070e04474901747115651/out/vs/workbench/api/node/extensionHostProcess.js:170:15293
	at Socket.y (/home/spence8/.vscode-server/bin/1e790d77f81672c49be070e04474901747115651/out/vs/workbench/api/node/extensionHostProcess.js:170:13198)
	at Socket.emit (node:events:514:28)
	at addChunk (node:internal/streams/readable:324:12)
	at readableAddChunk (node:internal/streams/readable:297:9)
	at Readable.push (node:internal/streams/readable:234:10)
	at TCP.onStreamRead (node:internal/stream_base_commons:190:23) setContext undefined
2024-03-13 13:59:42.144 [info] Extension host with pid 585 exiting with code 0
