2024-02-15 12:10:03.247 [info] Log level: Info
2024-02-15 12:10:03.247 [info] Validating found git in: "git"
2024-02-15 12:10:03.247 [info] Using git "2.34.1" from "git"
2024-02-15 12:10:03.247 [info] > git rev-parse --show-toplevel [15ms]
2024-02-15 12:10:03.247 [info] > git rev-parse --git-dir --git-common-dir [2ms]
2024-02-15 12:10:03.247 [info] Open repository: /home/spence8/HTML-JS-Skeleton
2024-02-15 12:10:03.247 [info] > git config --get commit.template [1ms]
2024-02-15 12:10:03.251 [info] > git for-each-ref --format=%(refname)%00%(upstream:short)%00%(objectname)%00%(upstream:track)%00%(upstream:remotename)%00%(upstream:remoteref) refs/heads/home refs/remotes/home [1ms]
2024-02-15 12:10:03.254 [warning] ENOENT: no such file or directory, open '/home/spence8/HTML-JS-Skeleton/.git/refs/remotes/origin/home'
2024-02-15 12:10:03.254 [info] > git rev-parse refs/remotes/origin/home [0ms]
2024-02-15 12:10:03.258 [info] > git status -z -uall [2ms]
2024-02-15 12:10:03.264 [info] > git config --get commit.template [1ms]
2024-02-15 12:10:03.267 [info] > git for-each-ref --format=%(refname)%00%(upstream:short)%00%(objectname)%00%(upstream:track)%00%(upstream:remotename)%00%(upstream:remoteref) refs/heads/home refs/remotes/home [1ms]
2024-02-15 12:10:03.269 [warning] ENOENT: no such file or directory, open '/home/spence8/HTML-JS-Skeleton/.git/refs/remotes/origin/home'
2024-02-15 12:10:03.269 [info] > git rev-parse refs/remotes/origin/home [0ms]
2024-02-15 12:10:03.271 [info] > git status -z -uall [0ms]
2024-02-15 12:10:03.763 [info] > git check-ignore -v -z --stdin [1ms]
2024-02-15 12:10:04.222 [info] > git fetch [983ms]
2024-02-15 12:10:04.231 [info] > git config --get commit.template [3ms]
2024-02-15 12:10:04.232 [info] > git for-each-ref --format=%(refname)%00%(upstream:short)%00%(objectname)%00%(upstream:track)%00%(upstream:remotename)%00%(upstream:remoteref) refs/heads/home refs/remotes/home [1ms]
2024-02-15 12:10:04.234 [warning] ENOENT: no such file or directory, open '/home/spence8/HTML-JS-Skeleton/.git/refs/remotes/origin/home'
2024-02-15 12:10:04.234 [info] > git rev-parse refs/remotes/origin/home [0ms]
2024-02-15 12:10:04.237 [info] > git status -z -uall [1ms]
2024-02-15 12:10:07.217 [info] > git show --textconv :README.md [5ms]
2024-02-15 12:10:07.217 [info] > git ls-files --stage -- /home/spence8/HTML-JS-Skeleton/README.md [2ms]
2024-02-15 12:10:07.233 [info] > git cat-file -s f186d7d6606a97d986fbd3f0bc922b58e9893461 [13ms]
2024-02-15 12:11:06.175 [info] > git show --textconv :index.html [3ms]
2024-02-15 12:11:06.184 [info] > git ls-files --stage -- /home/spence8/HTML-JS-Skeleton/index.html [9ms]
2024-02-15 12:11:06.456 [info] > git check-ignore -v -z --stdin [1ms]
2024-02-15 12:11:07.004 [info] > git config --get commit.template [0ms]
2024-02-15 12:11:07.009 [info] > git for-each-ref --format=%(refname)%00%(upstream:short)%00%(objectname)%00%(upstream:track)%00%(upstream:remotename)%00%(upstream:remoteref) refs/heads/home refs/remotes/home [1ms]
2024-02-15 12:11:07.012 [warning] ENOENT: no such file or directory, open '/home/spence8/HTML-JS-Skeleton/.git/refs/remotes/origin/home'
2024-02-15 12:11:07.013 [info] > git rev-parse refs/remotes/origin/home [1ms]
2024-02-15 12:11:07.016 [info] > git status -z -uall [1ms]
2024-02-15 12:11:20.430 [info] > git config --get commit.template [1ms]
2024-02-15 12:11:20.434 [info] > git for-each-ref --format=%(refname)%00%(upstream:short)%00%(objectname)%00%(upstream:track)%00%(upstream:remotename)%00%(upstream:remoteref) refs/heads/home refs/remotes/home [1ms]
2024-02-15 12:11:20.437 [warning] ENOENT: no such file or directory, open '/home/spence8/HTML-JS-Skeleton/.git/refs/remotes/origin/home'
2024-02-15 12:11:20.437 [info] > git rev-parse refs/remotes/origin/home [0ms]
2024-02-15 12:11:20.440 [info] > git status -z -uall [0ms]
2024-02-15 12:11:21.547 [info] > git merge-base refs/heads/home refs/remotes/origin/home [1ms]
2024-02-15 12:11:21.551 [info] > git rev-list --count --left-right refs/heads/home...refs/remotes/origin/home [1ms]
2024-02-15 12:11:36.805 [info] > git add -A -- . [2ms]
2024-02-15 12:11:36.810 [info] > git -c user.useConfigOnly=true commit --quiet --allow-empty-message --file - [3ms]
2024-02-15 12:11:36.814 [info] > git config --get commit.template [1ms]
2024-02-15 12:11:36.820 [info] > git config --get commit.template [1ms]
2024-02-15 12:11:36.824 [info] > git for-each-ref --format=%(refname)%00%(upstream:short)%00%(objectname)%00%(upstream:track)%00%(upstream:remotename)%00%(upstream:remoteref) refs/heads/home refs/remotes/home [1ms]
2024-02-15 12:11:36.829 [warning] ENOENT: no such file or directory, open '/home/spence8/HTML-JS-Skeleton/.git/refs/remotes/origin/home'
2024-02-15 12:11:36.829 [info] > git rev-parse refs/remotes/origin/home [0ms]
2024-02-15 12:11:36.832 [info] > git status -z -uall [0ms]
2024-02-15 12:11:36.849 [info] > git merge-base refs/heads/home refs/remotes/origin/home [5ms]
2024-02-15 12:11:36.852 [info] > git config --get commit.template [3ms]
2024-02-15 12:11:36.852 [info] > git rev-list --count --left-right refs/heads/home...refs/remotes/origin/home [0ms]
2024-02-15 12:11:36.855 [info] > git for-each-ref --format=%(refname)%00%(upstream:short)%00%(objectname)%00%(upstream:track)%00%(upstream:remotename)%00%(upstream:remoteref) refs/heads/home refs/remotes/home [0ms]
2024-02-15 12:11:36.857 [warning] ENOENT: no such file or directory, open '/home/spence8/HTML-JS-Skeleton/.git/refs/remotes/origin/home'
2024-02-15 12:11:36.858 [info] > git rev-parse refs/remotes/origin/home [1ms]
2024-02-15 12:11:36.861 [info] > git status -z -uall [1ms]
2024-02-15 12:11:37.918 [info] > git config --get commit.template [3ms]
2024-02-15 12:11:37.919 [info] > git for-each-ref --format=%(refname)%00%(upstream:short)%00%(objectname)%00%(upstream:track)%00%(upstream:remotename)%00%(upstream:remoteref) refs/heads/home refs/remotes/home [1ms]
2024-02-15 12:11:37.921 [warning] ENOENT: no such file or directory, open '/home/spence8/HTML-JS-Skeleton/.git/refs/remotes/origin/home'
2024-02-15 12:11:37.922 [info] > git rev-parse refs/remotes/origin/home [1ms]
2024-02-15 12:11:37.924 [info] > git status -z -uall [0ms]
2024-02-15 12:11:38.021 [info] > git ls-files --stage -- /home/spence8/HTML-JS-Skeleton/index.html [1ms]
2024-02-15 12:11:38.024 [info] > git cat-file -s 751dca66e9b1abaed903db5be6d5f0397fe48bf4 [1ms]
2024-02-15 12:11:38.029 [info] > git show --textconv :index.html [0ms]
2024-02-15 12:11:38.336 [info] > git log --oneline --cherry home...home@{upstream} -- [1ms]
2024-02-15 12:11:39.119 [info] > git pull --tags origin home [779ms]
2024-02-15 12:11:39.119 [info] From github.com:Spencertainty/HTML-JS-Skeleton
 * branch            home       -> FETCH_HEAD
2024-02-15 12:11:40.224 [info] > git push origin home:home [1100ms]
2024-02-15 12:11:40.224 [info] To github.com:Spencertainty/HTML-JS-Skeleton.git
   9ae4f38..b6ea22f  home -> home
2024-02-15 12:11:40.234 [info] > git config --get commit.template [3ms]
2024-02-15 12:11:40.234 [info] > git for-each-ref --format=%(refname)%00%(upstream:short)%00%(objectname)%00%(upstream:track)%00%(upstream:remotename)%00%(upstream:remoteref) refs/heads/home refs/remotes/home [1ms]
2024-02-15 12:11:40.237 [info] > git status -z -uall [0ms]
2024-02-15 12:11:40.248 [info] > git merge-base refs/heads/home refs/remotes/origin/home [1ms]
2024-02-15 12:11:40.251 [info] > git rev-list --count --left-right refs/heads/home...refs/remotes/origin/home [1ms]
2024-02-15 12:11:41.409 [info] > git ls-files --stage -- /home/spence8/HTML-JS-Skeleton/index.html [1ms]
2024-02-15 12:11:41.412 [info] > git cat-file -s 751dca66e9b1abaed903db5be6d5f0397fe48bf4 [1ms]
2024-02-15 12:11:41.418 [info] > git show --textconv :index.html [1ms]
2024-02-15 12:11:42.930 [info] > git config --get commit.template [0ms]
2024-02-15 12:11:42.934 [info] > git for-each-ref --format=%(refname)%00%(upstream:short)%00%(objectname)%00%(upstream:track)%00%(upstream:remotename)%00%(upstream:remoteref) refs/heads/home refs/remotes/home [1ms]
2024-02-15 12:11:42.938 [info] > git status -z -uall [1ms]
2024-02-15 13:48:13.439 [info] > git fetch [937ms]
2024-02-15 13:48:13.446 [info] > git config --get commit.template [2ms]
2024-02-15 13:48:13.446 [info] > git for-each-ref --format=%(refname)%00%(upstream:short)%00%(objectname)%00%(upstream:track)%00%(upstream:remotename)%00%(upstream:remoteref) refs/heads/home refs/remotes/home [1ms]
2024-02-15 13:48:13.449 [info] > git status -z -uall [1ms]
2024-02-15 13:48:14.471 [info] > git config --get commit.template [4ms]
2024-02-15 13:48:14.471 [info] > git for-each-ref --format=%(refname)%00%(upstream:short)%00%(objectname)%00%(upstream:track)%00%(upstream:remotename)%00%(upstream:remoteref) refs/heads/home refs/remotes/home [1ms]
2024-02-15 13:48:14.474 [info] > git status -z -uall [0ms]
2024-02-15 13:48:14.570 [info] > git ls-files --stage -- /home/spence8/HTML-JS-Skeleton/index.html [1ms]
2024-02-15 13:48:14.573 [info] > git cat-file -s 751dca66e9b1abaed903db5be6d5f0397fe48bf4 [1ms]
2024-02-15 13:48:14.582 [info] > git show --textconv :index.html [1ms]
2024-02-15 14:49:51.658 [info] > git fetch [966ms]
2024-02-15 14:49:51.666 [info] > git config --get commit.template [3ms]
2024-02-15 14:49:51.666 [info] > git for-each-ref --format=%(refname)%00%(upstream:short)%00%(objectname)%00%(upstream:track)%00%(upstream:remotename)%00%(upstream:remoteref) refs/heads/home refs/remotes/home [1ms]
2024-02-15 14:49:51.669 [info] > git status -z -uall [0ms]
2024-02-15 14:49:52.683 [info] > git config --get commit.template [3ms]
2024-02-15 14:49:52.683 [info] > git for-each-ref --format=%(refname)%00%(upstream:short)%00%(objectname)%00%(upstream:track)%00%(upstream:remotename)%00%(upstream:remoteref) refs/heads/home refs/remotes/home [1ms]
2024-02-15 14:49:52.687 [info] > git status -z -uall [0ms]
2024-02-15 14:49:52.795 [info] > git ls-files --stage -- /home/spence8/HTML-JS-Skeleton/index.html [1ms]
2024-02-15 14:49:52.798 [info] > git cat-file -s 751dca66e9b1abaed903db5be6d5f0397fe48bf4 [0ms]
2024-02-15 14:49:52.819 [info] > git show --textconv :index.html [1ms]
2024-02-15 14:50:01.303 [info] > git config --get commit.template [3ms]
2024-02-15 14:50:01.303 [info] > git for-each-ref --format=%(refname)%00%(upstream:short)%00%(objectname)%00%(upstream:track)%00%(upstream:remotename)%00%(upstream:remoteref) refs/heads/home refs/remotes/home [1ms]
2024-02-15 14:50:01.306 [info] > git status -z -uall [1ms]
2024-02-15 14:50:47.287 [info] > git config --get commit.template [1ms]
2024-02-15 14:50:47.291 [info] > git for-each-ref --format=%(refname)%00%(upstream:short)%00%(objectname)%00%(upstream:track)%00%(upstream:remotename)%00%(upstream:remoteref) refs/heads/home refs/remotes/home [1ms]
2024-02-15 14:50:47.294 [info] > git status -z -uall [0ms]
2024-02-15 14:52:00.965 [info] > git config --get commit.template [1ms]
2024-02-15 14:52:00.970 [info] > git for-each-ref --format=%(refname)%00%(upstream:short)%00%(objectname)%00%(upstream:track)%00%(upstream:remotename)%00%(upstream:remoteref) refs/heads/home refs/remotes/home [1ms]
2024-02-15 14:52:00.973 [info] > git status -z -uall [0ms]
2024-02-15 14:53:06.850 [info] > git config --get commit.template [1ms]
2024-02-15 14:53:06.854 [info] > git for-each-ref --format=%(refname)%00%(upstream:short)%00%(objectname)%00%(upstream:track)%00%(upstream:remotename)%00%(upstream:remoteref) refs/heads/home refs/remotes/home [1ms]
2024-02-15 14:53:06.859 [info] > git status -z -uall [1ms]
2024-02-15 14:53:07.808 [info] > git fetch [964ms]
2024-02-15 14:53:07.816 [info] > git config --get commit.template [3ms]
2024-02-15 14:53:07.816 [info] > git for-each-ref --format=%(refname)%00%(upstream:short)%00%(objectname)%00%(upstream:track)%00%(upstream:remotename)%00%(upstream:remoteref) refs/heads/home refs/remotes/home [1ms]
2024-02-15 14:53:07.819 [info] > git status -z -uall [0ms]
2024-02-15 14:53:08.942 [info] > git ls-files --stage -- /home/spence8/HTML-JS-Skeleton/index.html [1ms]
2024-02-15 14:53:08.945 [info] > git cat-file -s 751dca66e9b1abaed903db5be6d5f0397fe48bf4 [0ms]
2024-02-15 14:53:08.951 [info] > git show --textconv :index.html [1ms]
2024-02-15 14:53:11.873 [info] > git config --get commit.template [4ms]
2024-02-15 14:53:11.873 [info] > git for-each-ref --format=%(refname)%00%(upstream:short)%00%(objectname)%00%(upstream:track)%00%(upstream:remotename)%00%(upstream:remoteref) refs/heads/home refs/remotes/home [1ms]
2024-02-15 14:53:11.877 [info] > git status -z -uall [1ms]
2024-02-15 14:53:22.711 [info] > git config --get commit.template [4ms]
2024-02-15 14:53:22.711 [info] > git for-each-ref --format=%(refname)%00%(upstream:short)%00%(objectname)%00%(upstream:track)%00%(upstream:remotename)%00%(upstream:remoteref) refs/heads/home refs/remotes/home [1ms]
2024-02-15 14:53:22.716 [info] > git status -z -uall [0ms]
2024-02-15 14:54:35.647 [info] > git config --get commit.template [4ms]
2024-02-15 14:54:35.648 [info] > git for-each-ref --format=%(refname)%00%(upstream:short)%00%(objectname)%00%(upstream:track)%00%(upstream:remotename)%00%(upstream:remoteref) refs/heads/home refs/remotes/home [1ms]
2024-02-15 14:54:35.652 [info] > git status -z -uall [1ms]
2024-02-15 14:55:18.155 [info] > git config --get commit.template [5ms]
2024-02-15 14:55:18.155 [info] > git for-each-ref --format=%(refname)%00%(upstream:short)%00%(objectname)%00%(upstream:track)%00%(upstream:remotename)%00%(upstream:remoteref) refs/heads/home refs/remotes/home [1ms]
2024-02-15 14:55:18.160 [info] > git status -z -uall [1ms]
2024-02-15 14:55:23.176 [info] > git config --get commit.template [4ms]
2024-02-15 14:55:23.176 [info] > git for-each-ref --format=%(refname)%00%(upstream:short)%00%(objectname)%00%(upstream:track)%00%(upstream:remotename)%00%(upstream:remoteref) refs/heads/home refs/remotes/home [1ms]
2024-02-15 14:55:23.179 [info] > git status -z -uall [0ms]
2024-02-15 14:55:51.244 [info] > git config --get commit.template [3ms]
2024-02-15 14:55:51.245 [info] > git for-each-ref --format=%(refname)%00%(upstream:short)%00%(objectname)%00%(upstream:track)%00%(upstream:remotename)%00%(upstream:remoteref) refs/heads/home refs/remotes/home [1ms]
2024-02-15 14:55:51.248 [info] > git status -z -uall [1ms]
2024-02-15 14:56:10.276 [info] > git fetch [986ms]
2024-02-15 14:56:10.283 [info] > git config --get commit.template [3ms]
2024-02-15 14:56:10.283 [info] > git for-each-ref --format=%(refname)%00%(upstream:short)%00%(objectname)%00%(upstream:track)%00%(upstream:remotename)%00%(upstream:remoteref) refs/heads/home refs/remotes/home [1ms]
2024-02-15 14:56:10.286 [info] > git status -z -uall [1ms]
2024-02-15 14:56:11.301 [info] > git config --get commit.template [3ms]
2024-02-15 14:56:11.301 [info] > git for-each-ref --format=%(refname)%00%(upstream:short)%00%(objectname)%00%(upstream:track)%00%(upstream:remotename)%00%(upstream:remoteref) refs/heads/home refs/remotes/home [0ms]
2024-02-15 14:56:11.304 [info] > git status -z -uall [1ms]
2024-02-15 14:56:11.444 [info] > git ls-files --stage -- /home/spence8/HTML-JS-Skeleton/index.html [0ms]
2024-02-15 14:56:11.448 [info] > git cat-file -s 751dca66e9b1abaed903db5be6d5f0397fe48bf4 [0ms]
2024-02-15 14:56:11.454 [info] > git show --textconv :index.html [1ms]
2024-02-15 14:56:27.455 [info] > git config --get commit.template [1ms]
2024-02-15 14:56:27.458 [info] > git for-each-ref --format=%(refname)%00%(upstream:short)%00%(objectname)%00%(upstream:track)%00%(upstream:remotename)%00%(upstream:remoteref) refs/heads/home refs/remotes/home [0ms]
2024-02-15 14:56:27.461 [info] > git status -z -uall [0ms]
2024-02-15 14:57:02.608 [info] > git config --get commit.template [3ms]
2024-02-15 14:57:02.608 [info] > git for-each-ref --format=%(refname)%00%(upstream:short)%00%(objectname)%00%(upstream:track)%00%(upstream:remotename)%00%(upstream:remoteref) refs/heads/home refs/remotes/home [0ms]
2024-02-15 14:57:02.612 [info] > git status -z -uall [1ms]
2024-02-15 14:57:09.292 [info] > git config --get commit.template [1ms]
2024-02-15 14:57:09.295 [info] > git for-each-ref --format=%(refname)%00%(upstream:short)%00%(objectname)%00%(upstream:track)%00%(upstream:remotename)%00%(upstream:remoteref) refs/heads/home refs/remotes/home [0ms]
2024-02-15 14:57:09.301 [info] > git status -z -uall [1ms]
2024-02-15 14:57:20.069 [info] > git config --get commit.template [1ms]
2024-02-15 14:57:20.072 [info] > git for-each-ref --format=%(refname)%00%(upstream:short)%00%(objectname)%00%(upstream:track)%00%(upstream:remotename)%00%(upstream:remoteref) refs/heads/home refs/remotes/home [1ms]
2024-02-15 14:57:20.075 [info] > git status -z -uall [1ms]
2024-02-15 14:59:11.232 [info] > git fetch [940ms]
2024-02-15 14:59:11.243 [info] > git config --get commit.template [4ms]
2024-02-15 14:59:11.243 [info] > git for-each-ref --format=%(refname)%00%(upstream:short)%00%(objectname)%00%(upstream:track)%00%(upstream:remotename)%00%(upstream:remoteref) refs/heads/home refs/remotes/home [1ms]
2024-02-15 14:59:11.246 [info] > git status -z -uall [1ms]
2024-02-15 14:59:13.029 [info] > git ls-files --stage -- /home/spence8/HTML-JS-Skeleton/index.html [1ms]
2024-02-15 14:59:13.032 [info] > git cat-file -s 751dca66e9b1abaed903db5be6d5f0397fe48bf4 [1ms]
2024-02-15 14:59:13.040 [info] > git show --textconv :index.html [1ms]
2024-02-15 14:59:22.355 [info] > git config --get commit.template [2ms]
2024-02-15 14:59:22.358 [info] > git for-each-ref --format=%(refname)%00%(upstream:short)%00%(objectname)%00%(upstream:track)%00%(upstream:remotename)%00%(upstream:remoteref) refs/heads/home refs/remotes/home [1ms]
2024-02-15 14:59:22.362 [info] > git status -z -uall [0ms]
2024-02-15 15:01:45.242 [info] > git config --get commit.template [3ms]
2024-02-15 15:01:45.242 [info] > git for-each-ref --format=%(refname)%00%(upstream:short)%00%(objectname)%00%(upstream:track)%00%(upstream:remotename)%00%(upstream:remoteref) refs/heads/home refs/remotes/home [1ms]
2024-02-15 15:01:45.246 [info] > git status -z -uall [1ms]
2024-02-15 15:01:57.822 [info] > git config --get commit.template [3ms]
2024-02-15 15:01:57.823 [info] > git for-each-ref --format=%(refname)%00%(upstream:short)%00%(objectname)%00%(upstream:track)%00%(upstream:remotename)%00%(upstream:remoteref) refs/heads/home refs/remotes/home [1ms]
2024-02-15 15:01:57.826 [info] > git status -z -uall [1ms]
2024-02-15 15:02:57.363 [info] > git fetch [962ms]
2024-02-15 15:02:57.369 [info] > git config --get commit.template [2ms]
2024-02-15 15:02:57.370 [info] > git for-each-ref --format=%(refname)%00%(upstream:short)%00%(objectname)%00%(upstream:track)%00%(upstream:remotename)%00%(upstream:remoteref) refs/heads/home refs/remotes/home [0ms]
2024-02-15 15:02:57.373 [info] > git status -z -uall [1ms]
2024-02-15 15:02:58.396 [info] > git config --get commit.template [5ms]
2024-02-15 15:02:58.396 [info] > git for-each-ref --format=%(refname)%00%(upstream:short)%00%(objectname)%00%(upstream:track)%00%(upstream:remotename)%00%(upstream:remoteref) refs/heads/home refs/remotes/home [1ms]
2024-02-15 15:02:58.401 [info] > git status -z -uall [1ms]
2024-02-15 15:02:58.490 [info] > git ls-files --stage -- /home/spence8/HTML-JS-Skeleton/index.html [1ms]
2024-02-15 15:02:58.493 [info] > git cat-file -s 751dca66e9b1abaed903db5be6d5f0397fe48bf4 [1ms]
2024-02-15 15:02:58.498 [info] > git show --textconv :index.html [0ms]
2024-02-15 15:03:12.282 [info] > git config --get commit.template [1ms]
2024-02-15 15:03:12.286 [info] > git for-each-ref --format=%(refname)%00%(upstream:short)%00%(objectname)%00%(upstream:track)%00%(upstream:remotename)%00%(upstream:remoteref) refs/heads/home refs/remotes/home [0ms]
2024-02-15 15:03:12.289 [info] > git status -z -uall [1ms]
2024-02-15 15:04:14.473 [info] > git config --get commit.template [0ms]
2024-02-15 15:04:14.477 [info] > git for-each-ref --format=%(refname)%00%(upstream:short)%00%(objectname)%00%(upstream:track)%00%(upstream:remotename)%00%(upstream:remoteref) refs/heads/home refs/remotes/home [1ms]
2024-02-15 15:04:14.481 [info] > git status -z -uall [1ms]
2024-02-15 15:05:56.010 [info] > git config --get commit.template [3ms]
2024-02-15 15:05:56.010 [info] > git for-each-ref --format=%(refname)%00%(upstream:short)%00%(objectname)%00%(upstream:track)%00%(upstream:remotename)%00%(upstream:remoteref) refs/heads/home refs/remotes/home [0ms]
2024-02-15 15:05:56.014 [info] > git status -z -uall [1ms]
2024-02-15 15:05:58.358 [info] > git fetch [975ms]
2024-02-15 15:05:58.366 [info] > git config --get commit.template [3ms]
2024-02-15 15:05:58.366 [info] > git for-each-ref --format=%(refname)%00%(upstream:short)%00%(objectname)%00%(upstream:track)%00%(upstream:remotename)%00%(upstream:remoteref) refs/heads/home refs/remotes/home [1ms]
2024-02-15 15:05:58.369 [info] > git status -z -uall [1ms]
2024-02-15 15:05:59.477 [info] > git ls-files --stage -- /home/spence8/HTML-JS-Skeleton/index.html [0ms]
2024-02-15 15:05:59.480 [info] > git cat-file -s 751dca66e9b1abaed903db5be6d5f0397fe48bf4 [0ms]
2024-02-15 15:05:59.486 [info] > git show --textconv :index.html [0ms]
2024-02-15 15:06:01.025 [info] > git config --get commit.template [3ms]
2024-02-15 15:06:01.026 [info] > git for-each-ref --format=%(refname)%00%(upstream:short)%00%(objectname)%00%(upstream:track)%00%(upstream:remotename)%00%(upstream:remoteref) refs/heads/home refs/remotes/home [0ms]
2024-02-15 15:06:01.030 [info] > git status -z -uall [1ms]
2024-02-15 15:06:09.380 [info] > git config --get commit.template [5ms]
2024-02-15 15:06:09.380 [info] > git for-each-ref --format=%(refname)%00%(upstream:short)%00%(objectname)%00%(upstream:track)%00%(upstream:remotename)%00%(upstream:remoteref) refs/heads/home refs/remotes/home [1ms]
2024-02-15 15:06:09.384 [info] > git status -z -uall [1ms]
2024-02-15 15:07:08.361 [info] > git config --get commit.template [3ms]
2024-02-15 15:07:08.362 [info] > git for-each-ref --format=%(refname)%00%(upstream:short)%00%(objectname)%00%(upstream:track)%00%(upstream:remotename)%00%(upstream:remoteref) refs/heads/home refs/remotes/home [0ms]
2024-02-15 15:07:08.365 [info] > git status -z -uall [0ms]
2024-02-15 15:08:59.362 [info] > git fetch [983ms]
2024-02-15 15:08:59.371 [info] > git config --get commit.template [3ms]
2024-02-15 15:08:59.372 [info] > git for-each-ref --format=%(refname)%00%(upstream:short)%00%(objectname)%00%(upstream:track)%00%(upstream:remotename)%00%(upstream:remoteref) refs/heads/home refs/remotes/home [1ms]
2024-02-15 15:08:59.376 [info] > git status -z -uall [2ms]
2024-02-15 15:09:00.506 [info] > git ls-files --stage -- /home/spence8/HTML-JS-Skeleton/index.html [1ms]
2024-02-15 15:09:00.509 [info] > git cat-file -s 751dca66e9b1abaed903db5be6d5f0397fe48bf4 [1ms]
2024-02-15 15:09:00.514 [info] > git show --textconv :index.html [0ms]
2024-02-15 15:09:04.334 [info] > git config --get commit.template [3ms]
2024-02-15 15:09:04.335 [info] > git for-each-ref --format=%(refname)%00%(upstream:short)%00%(objectname)%00%(upstream:track)%00%(upstream:remotename)%00%(upstream:remoteref) refs/heads/home refs/remotes/home [1ms]
2024-02-15 15:09:04.338 [info] > git status -z -uall [1ms]
2024-02-15 15:09:21.179 [info] > git add -A -- . [1ms]
2024-02-15 15:09:21.186 [info] > git -c user.useConfigOnly=true commit --quiet --allow-empty-message --file - [3ms]
2024-02-15 15:09:21.189 [info] > git config --get commit.template [0ms]
2024-02-15 15:09:21.194 [info] > git config --get commit.template [1ms]
2024-02-15 15:09:21.198 [info] > git for-each-ref --format=%(refname)%00%(upstream:short)%00%(objectname)%00%(upstream:track)%00%(upstream:remotename)%00%(upstream:remoteref) refs/heads/home refs/remotes/home [1ms]
2024-02-15 15:09:21.201 [info] > git status -z -uall [0ms]
2024-02-15 15:09:21.220 [info] > git merge-base refs/heads/home refs/remotes/origin/home [1ms]
2024-02-15 15:09:21.224 [info] > git rev-list --count --left-right refs/heads/home...refs/remotes/origin/home [0ms]
2024-02-15 15:09:22.140 [info] > git push origin home:home [930ms]
2024-02-15 15:09:22.140 [info] To github.com:Spencertainty/HTML-JS-Skeleton.git
   b6ea22f..1ffab05  home -> home
2024-02-15 15:09:22.146 [info] > git config --get commit.template [3ms]
2024-02-15 15:09:22.147 [info] > git for-each-ref --format=%(refname)%00%(upstream:short)%00%(objectname)%00%(upstream:track)%00%(upstream:remotename)%00%(upstream:remoteref) refs/heads/home refs/remotes/home [0ms]
2024-02-15 15:09:22.150 [info] > git status -z -uall [0ms]
2024-02-15 15:09:22.165 [info] > git merge-base refs/heads/home refs/remotes/origin/home [5ms]
2024-02-15 15:09:22.169 [info] > git config --get commit.template [4ms]
2024-02-15 15:09:22.169 [info] > git rev-list --count --left-right refs/heads/home...refs/remotes/origin/home [1ms]
2024-02-15 15:09:22.173 [info] > git for-each-ref --format=%(refname)%00%(upstream:short)%00%(objectname)%00%(upstream:track)%00%(upstream:remotename)%00%(upstream:remoteref) refs/heads/home refs/remotes/home [1ms]
2024-02-15 15:09:22.176 [info] > git status -z -uall [1ms]
2024-02-15 15:09:23.235 [info] > git config --get commit.template [3ms]
2024-02-15 15:09:23.235 [info] > git for-each-ref --format=%(refname)%00%(upstream:short)%00%(objectname)%00%(upstream:track)%00%(upstream:remotename)%00%(upstream:remoteref) refs/heads/home refs/remotes/home [1ms]
2024-02-15 15:09:23.239 [info] > git status -z -uall [1ms]
2024-02-15 15:09:23.335 [info] > git ls-files --stage -- /home/spence8/HTML-JS-Skeleton/index.html [0ms]
2024-02-15 15:09:23.338 [info] > git cat-file -s 6904f5185ac27219f112bf2e520d99ee1256ab18 [0ms]
2024-02-15 15:09:23.344 [info] > git show --textconv :index.html [1ms]
2024-02-15 15:09:25.374 [info] > git show --textconv :README.md [4ms]
2024-02-15 15:09:25.374 [info] > git ls-files --stage -- /home/spence8/HTML-JS-Skeleton/README.md [1ms]
2024-02-15 15:09:25.377 [info] > git cat-file -s f186d7d6606a97d986fbd3f0bc922b58e9893461 [1ms]
