2024-01-24 13:56:17.158 [info] Log level: Info
2024-01-24 13:56:17.159 [info] Validating found git in: "git"
2024-01-24 13:56:17.159 [info] Using git "2.34.1" from "git"
2024-01-24 13:56:17.159 [info] > git rev-parse --show-toplevel [20ms]
2024-01-24 13:56:17.160 [info] > git rev-parse --git-dir --git-common-dir [2ms]
2024-01-24 13:56:17.167 [info] Open repository: /home/spence8/member-spencer-odin-recipes
2024-01-24 13:56:17.178 [info] > git rev-parse --show-toplevel [5ms]
2024-01-24 13:56:17.179 [info] > git config --get commit.template [8ms]
2024-01-24 13:56:17.185 [info] > git rev-parse --show-toplevel [3ms]
2024-01-24 13:56:17.188 [info] > git for-each-ref --format=%(refname)%00%(upstream:short)%00%(objectname)%00%(upstream:track)%00%(upstream:remotename)%00%(upstream:remoteref) refs/heads/main refs/remotes/main [4ms]
2024-01-24 13:56:17.193 [info] > git status -z -uall [1ms]
2024-01-24 13:56:17.203 [info] > git config --get commit.template [2ms]
2024-01-24 13:56:17.203 [info] > git for-each-ref --format=%(refname)%00%(upstream:short)%00%(objectname)%00%(upstream:track)%00%(upstream:remotename)%00%(upstream:remoteref) refs/heads/main refs/remotes/main [1ms]
2024-01-24 13:56:17.206 [info] > git status -z -uall [1ms]
2024-01-24 13:56:17.621 [info] > git show --textconv :readme.md [4ms]
2024-01-24 13:56:17.622 [info] > git ls-files --stage -- /home/spence8/member-spencer-odin-recipes/readme.md [1ms]
2024-01-24 13:56:17.624 [info] > git cat-file -s e681410bc0e2e1066e55aef6576e2508d4eb8767 [0ms]
2024-01-24 13:56:17.692 [info] > git check-ignore -v -z --stdin [1ms]
2024-01-24 13:56:18.148 [info] > git fetch [981ms]
2024-01-24 13:56:18.156 [info] > git config --get commit.template [3ms]
2024-01-24 13:56:18.156 [info] > git for-each-ref --format=%(refname)%00%(upstream:short)%00%(objectname)%00%(upstream:track)%00%(upstream:remotename)%00%(upstream:remoteref) refs/heads/main refs/remotes/main [1ms]
2024-01-24 13:56:18.160 [info] > git status -z -uall [1ms]
2024-01-24 13:56:19.240 [info] > git config --get commit.template [20ms]
2024-01-24 13:56:19.243 [info] > git for-each-ref --format=%(refname)%00%(upstream:short)%00%(objectname)%00%(upstream:track)%00%(upstream:remotename)%00%(upstream:remoteref) refs/heads/main refs/remotes/main [1ms]
2024-01-24 13:56:19.247 [info] > git status -z -uall [1ms]
2024-01-24 13:56:19.321 [info] > git ls-files --stage -- /home/spence8/member-spencer-odin-recipes/readme.md [0ms]
2024-01-24 13:56:19.324 [info] > git cat-file -s e681410bc0e2e1066e55aef6576e2508d4eb8767 [0ms]
2024-01-24 13:56:19.331 [info] > git show --textconv :readme.md [1ms]
2024-01-26 16:08:57.121 [info] > git fetch [1007ms]
2024-01-26 16:08:57.131 [info] > git config --get commit.template [5ms]
2024-01-26 16:08:57.131 [info] > git for-each-ref --format=%(refname)%00%(upstream:short)%00%(objectname)%00%(upstream:track)%00%(upstream:remotename)%00%(upstream:remoteref) refs/heads/main refs/remotes/main [2ms]
2024-01-26 16:08:57.138 [info] > git status -z -uall [2ms]
2024-01-26 16:08:58.248 [info] > git ls-files --stage -- /home/spence8/member-spencer-odin-recipes/readme.md [1ms]
2024-01-26 16:08:58.252 [info] > git cat-file -s e681410bc0e2e1066e55aef6576e2508d4eb8767 [0ms]
2024-01-26 16:08:58.260 [info] > git show --textconv :readme.md [1ms]
2024-01-26 17:50:37.188 [info] > git fetch [795ms]
2024-01-26 17:50:37.197 [info] > git config --get commit.template [3ms]
2024-01-26 17:50:37.197 [info] > git for-each-ref --format=%(refname)%00%(upstream:short)%00%(objectname)%00%(upstream:track)%00%(upstream:remotename)%00%(upstream:remoteref) refs/heads/main refs/remotes/main [2ms]
2024-01-26 17:50:37.202 [info] > git status -z -uall [2ms]
2024-01-26 17:50:38.226 [info] > git config --get commit.template [3ms]
2024-01-26 17:50:38.227 [info] > git for-each-ref --format=%(refname)%00%(upstream:short)%00%(objectname)%00%(upstream:track)%00%(upstream:remotename)%00%(upstream:remoteref) refs/heads/main refs/remotes/main [1ms]
2024-01-26 17:50:38.230 [info] > git status -z -uall [1ms]
2024-01-26 17:50:38.323 [info] > git ls-files --stage -- /home/spence8/member-spencer-odin-recipes/readme.md [1ms]
2024-01-26 17:50:38.326 [info] > git cat-file -s e681410bc0e2e1066e55aef6576e2508d4eb8767 [0ms]
2024-01-26 17:50:38.337 [info] > git show --textconv :readme.md [1ms]
