2024-01-03 14:38:59.639 [info] Log level: Info
2024-01-03 14:38:59.639 [info] Validating found git in: "git"
2024-01-03 14:38:59.639 [info] Using git "2.34.1" from "git"
2024-01-03 14:38:59.639 [info] > git rev-parse --show-toplevel [2ms]
2024-01-03 14:38:59.639 [info] > git rev-parse --git-dir --git-common-dir [3ms]
2024-01-03 14:38:59.639 [info] Open repository: /home/spence8/css-exercises
2024-01-03 14:38:59.639 [info] > git rev-parse --show-toplevel [2ms]
2024-01-03 14:38:59.639 [info] > git config --get commit.template [4ms]
2024-01-03 14:38:59.645 [info] > git rev-parse --show-toplevel [3ms]
2024-01-03 14:38:59.648 [info] > git for-each-ref --format=%(refname)%00%(upstream:short)%00%(objectname)%00%(upstream:track)%00%(upstream:remotename)%00%(upstream:remoteref) refs/heads/main refs/remotes/main [4ms]
2024-01-03 14:38:59.652 [warning] ENOENT: no such file or directory, open '/home/spence8/css-exercises/.git/refs/remotes/origin/main'
2024-01-03 14:38:59.653 [info] > git rev-parse refs/remotes/origin/main [1ms]
2024-01-03 14:38:59.658 [info] > git status -z -uall [2ms]
2024-01-03 14:38:59.670 [info] > git config --get commit.template [4ms]
2024-01-03 14:38:59.675 [info] > git for-each-ref --format=%(refname)%00%(upstream:short)%00%(objectname)%00%(upstream:track)%00%(upstream:remotename)%00%(upstream:remoteref) refs/heads/main refs/remotes/main [2ms]
2024-01-03 14:38:59.682 [warning] ENOENT: no such file or directory, open '/home/spence8/css-exercises/.git/refs/remotes/origin/main'
2024-01-03 14:38:59.683 [info] > git rev-parse refs/remotes/origin/main [1ms]
2024-01-03 14:38:59.688 [info] > git status -z -uall [1ms]
2024-01-03 14:39:00.153 [info] > git check-ignore -v -z --stdin [0ms]
2024-01-03 14:39:03.258 [info] > git check-ignore -v -z --stdin [2ms]
2024-01-03 14:39:04.859 [info] > git check-ignore -v -z --stdin [1ms]
2024-01-03 14:39:05.337 [info] > git show --textconv :margin-and-padding/01-margin-and-padding-1/solution/solution.css [3ms]
2024-01-03 14:39:05.338 [info] > git ls-files --stage -- /home/spence8/css-exercises/margin-and-padding/01-margin-and-padding-1/solution/solution.css [1ms]
2024-01-03 14:39:05.340 [info] > git cat-file -s ca28db0aef12899645b17575257a19b49b553f89 [0ms]
2024-01-03 14:39:06.157 [info] > git show --textconv :margin-and-padding/01-margin-and-padding-1/solution/solution.html [2ms]
2024-01-03 14:39:06.158 [info] > git ls-files --stage -- /home/spence8/css-exercises/margin-and-padding/01-margin-and-padding-1/solution/solution.html [1ms]
2024-01-03 14:39:06.160 [info] > git cat-file -s 0a6cfce2a27fb22c23190812d05ca7d3a2915d79 [0ms]
2024-01-03 14:39:10.659 [info] > git show --textconv :margin-and-padding/01-margin-and-padding-1/index.html [4ms]
2024-01-03 14:39:10.660 [info] > git ls-files --stage -- /home/spence8/css-exercises/margin-and-padding/01-margin-and-padding-1/index.html [1ms]
2024-01-03 14:39:10.663 [info] > git cat-file -s 2bf271be38a96785ecfd12415711baf49a6e94b9 [1ms]
2024-01-03 14:41:34.949 [info] > git show --textconv :margin-and-padding/01-margin-and-padding-1/README.md [15ms]
2024-01-03 14:41:34.951 [info] > git ls-files --stage -- /home/spence8/css-exercises/margin-and-padding/01-margin-and-padding-1/README.md [14ms]
2024-01-03 14:41:34.955 [info] > git cat-file -s c09aecbf2d12258cc39fb46b32191ac855081568 [1ms]
2024-01-03 14:41:49.768 [info] > git show --textconv :margin-and-padding/01-margin-and-padding-1/index.html [3ms]
2024-01-03 14:41:49.768 [info] > git ls-files --stage -- /home/spence8/css-exercises/margin-and-padding/01-margin-and-padding-1/index.html [1ms]
2024-01-03 14:41:49.771 [info] > git cat-file -s 2bf271be38a96785ecfd12415711baf49a6e94b9 [0ms]
2024-01-03 14:41:54.811 [info] > git show --textconv :margin-and-padding/01-margin-and-padding-1/index.html [3ms]
2024-01-03 14:41:54.811 [info] > git ls-files --stage -- /home/spence8/css-exercises/margin-and-padding/01-margin-and-padding-1/index.html [1ms]
2024-01-03 14:41:54.814 [info] > git cat-file -s 2bf271be38a96785ecfd12415711baf49a6e94b9 [1ms]
2024-01-03 14:42:04.525 [info] > git show --textconv :margin-and-padding/01-margin-and-padding-1/style.css [3ms]
2024-01-03 14:42:04.526 [info] > git ls-files --stage -- /home/spence8/css-exercises/margin-and-padding/01-margin-and-padding-1/style.css [1ms]
2024-01-03 14:42:04.529 [info] > git cat-file -s f4d0a70845325e06a05e74199cd2bd356aa09c87 [1ms]
2024-01-03 14:42:28.219 [info] > git show --textconv :margin-and-padding/01-margin-and-padding-1/style.css [3ms]
2024-01-03 14:42:28.219 [info] > git ls-files --stage -- /home/spence8/css-exercises/margin-and-padding/01-margin-and-padding-1/style.css [1ms]
2024-01-03 14:42:28.222 [info] > git cat-file -s f4d0a70845325e06a05e74199cd2bd356aa09c87 [1ms]
2024-01-03 14:42:34.595 [info] > git show --textconv :margin-and-padding/01-margin-and-padding-1/README.md [4ms]
2024-01-03 14:42:34.595 [info] > git ls-files --stage -- /home/spence8/css-exercises/margin-and-padding/01-margin-and-padding-1/README.md [0ms]
2024-01-03 14:42:34.600 [info] > git cat-file -s c09aecbf2d12258cc39fb46b32191ac855081568 [1ms]
2024-01-03 14:42:54.163 [info] > git show --textconv :margin-and-padding/01-margin-and-padding-1/style.css [3ms]
2024-01-03 14:42:54.164 [info] > git ls-files --stage -- /home/spence8/css-exercises/margin-and-padding/01-margin-and-padding-1/style.css [1ms]
2024-01-03 14:42:54.167 [info] > git cat-file -s f4d0a70845325e06a05e74199cd2bd356aa09c87 [1ms]
2024-01-03 14:42:55.295 [info] > git show --textconv :margin-and-padding/01-margin-and-padding-1/README.md [3ms]
2024-01-03 14:42:55.295 [info] > git ls-files --stage -- /home/spence8/css-exercises/margin-and-padding/01-margin-and-padding-1/README.md [1ms]
2024-01-03 14:42:55.299 [info] > git cat-file -s c09aecbf2d12258cc39fb46b32191ac855081568 [0ms]
2024-01-03 14:42:58.167 [info] > git show --textconv :margin-and-padding/01-margin-and-padding-1/style.css [4ms]
2024-01-03 14:42:58.168 [info] > git ls-files --stage -- /home/spence8/css-exercises/margin-and-padding/01-margin-and-padding-1/style.css [1ms]
2024-01-03 14:42:58.170 [info] > git cat-file -s f4d0a70845325e06a05e74199cd2bd356aa09c87 [0ms]
2024-01-03 14:43:01.880 [info] > git show --textconv :margin-and-padding/01-margin-and-padding-1/README.md [3ms]
2024-01-03 14:43:01.880 [info] > git ls-files --stage -- /home/spence8/css-exercises/margin-and-padding/01-margin-and-padding-1/README.md [1ms]
2024-01-03 14:43:01.883 [info] > git cat-file -s c09aecbf2d12258cc39fb46b32191ac855081568 [0ms]
2024-01-03 14:43:04.847 [info] > git show --textconv :margin-and-padding/01-margin-and-padding-1/solution/solution.css [4ms]
2024-01-03 14:43:04.848 [info] > git ls-files --stage -- /home/spence8/css-exercises/margin-and-padding/01-margin-and-padding-1/solution/solution.css [2ms]
2024-01-03 14:43:04.852 [info] > git cat-file -s ca28db0aef12899645b17575257a19b49b553f89 [0ms]
2024-01-03 14:43:07.275 [info] > git show --textconv :margin-and-padding/01-margin-and-padding-1/style.css [3ms]
2024-01-03 14:43:07.276 [info] > git ls-files --stage -- /home/spence8/css-exercises/margin-and-padding/01-margin-and-padding-1/style.css [0ms]
2024-01-03 14:43:07.278 [info] > git cat-file -s f4d0a70845325e06a05e74199cd2bd356aa09c87 [0ms]
2024-01-03 14:43:09.220 [info] > git show --textconv :margin-and-padding/01-margin-and-padding-1/solution/solution.css [2ms]
2024-01-03 14:43:09.221 [info] > git ls-files --stage -- /home/spence8/css-exercises/margin-and-padding/01-margin-and-padding-1/solution/solution.css [1ms]
2024-01-03 14:43:09.223 [info] > git cat-file -s ca28db0aef12899645b17575257a19b49b553f89 [0ms]
2024-01-03 14:43:11.271 [info] > git show --textconv :margin-and-padding/01-margin-and-padding-1/style.css [3ms]
2024-01-03 14:43:11.272 [info] > git ls-files --stage -- /home/spence8/css-exercises/margin-and-padding/01-margin-and-padding-1/style.css [1ms]
2024-01-03 14:43:11.274 [info] > git cat-file -s f4d0a70845325e06a05e74199cd2bd356aa09c87 [0ms]
2024-01-03 14:43:12.857 [info] > git show --textconv :margin-and-padding/01-margin-and-padding-1/solution/solution.css [3ms]
2024-01-03 14:43:12.857 [info] > git ls-files --stage -- /home/spence8/css-exercises/margin-and-padding/01-margin-and-padding-1/solution/solution.css [1ms]
2024-01-03 14:43:12.859 [info] > git cat-file -s ca28db0aef12899645b17575257a19b49b553f89 [0ms]
2024-01-03 14:43:19.337 [info] > git show --textconv :margin-and-padding/01-margin-and-padding-1/style.css [3ms]
2024-01-03 14:43:19.338 [info] > git ls-files --stage -- /home/spence8/css-exercises/margin-and-padding/01-margin-and-padding-1/style.css [1ms]
2024-01-03 14:43:19.340 [info] > git cat-file -s f4d0a70845325e06a05e74199cd2bd356aa09c87 [0ms]
2024-01-03 14:43:19.970 [info] > git show --textconv :margin-and-padding/01-margin-and-padding-1/README.md [4ms]
2024-01-03 14:43:19.970 [info] > git ls-files --stage -- /home/spence8/css-exercises/margin-and-padding/01-margin-and-padding-1/README.md [1ms]
2024-01-03 14:43:19.973 [info] > git cat-file -s c09aecbf2d12258cc39fb46b32191ac855081568 [1ms]
2024-01-03 14:43:29.340 [info] > git show --textconv :margin-and-padding/01-margin-and-padding-1/index.html [2ms]
2024-01-03 14:43:29.341 [info] > git ls-files --stage -- /home/spence8/css-exercises/margin-and-padding/01-margin-and-padding-1/index.html [1ms]
2024-01-03 14:43:29.344 [info] > git cat-file -s 2bf271be38a96785ecfd12415711baf49a6e94b9 [1ms]
2024-01-03 14:43:31.647 [info] > git show --textconv :margin-and-padding/01-margin-and-padding-1/README.md [3ms]
2024-01-03 14:43:31.649 [info] > git ls-files --stage -- /home/spence8/css-exercises/margin-and-padding/01-margin-and-padding-1/README.md [1ms]
2024-01-03 14:43:31.652 [info] > git cat-file -s c09aecbf2d12258cc39fb46b32191ac855081568 [1ms]
2024-01-03 14:43:32.764 [info] > git show --textconv :margin-and-padding/01-margin-and-padding-1/style.css [3ms]
2024-01-03 14:43:32.765 [info] > git ls-files --stage -- /home/spence8/css-exercises/margin-and-padding/01-margin-and-padding-1/style.css [1ms]
2024-01-03 14:43:32.768 [info] > git cat-file -s f4d0a70845325e06a05e74199cd2bd356aa09c87 [1ms]
2024-01-03 14:43:50.228 [info] > git show --textconv :margin-and-padding/01-margin-and-padding-1/README.md [3ms]
2024-01-03 14:43:50.229 [info] > git ls-files --stage -- /home/spence8/css-exercises/margin-and-padding/01-margin-and-padding-1/README.md [1ms]
2024-01-03 14:43:50.232 [info] > git cat-file -s c09aecbf2d12258cc39fb46b32191ac855081568 [1ms]
2024-01-03 14:43:53.987 [info] > git show --textconv :margin-and-padding/01-margin-and-padding-1/style.css [3ms]
2024-01-03 14:43:53.987 [info] > git ls-files --stage -- /home/spence8/css-exercises/margin-and-padding/01-margin-and-padding-1/style.css [1ms]
2024-01-03 14:43:53.990 [info] > git cat-file -s f4d0a70845325e06a05e74199cd2bd356aa09c87 [0ms]
2024-01-03 14:43:55.964 [info] > git config --get commit.template [1ms]
2024-01-03 14:43:55.967 [info] > git for-each-ref --format=%(refname)%00%(upstream:short)%00%(objectname)%00%(upstream:track)%00%(upstream:remotename)%00%(upstream:remoteref) refs/heads/main refs/remotes/main [0ms]
2024-01-03 14:43:55.970 [warning] ENOENT: no such file or directory, open '/home/spence8/css-exercises/.git/refs/remotes/origin/main'
2024-01-03 14:43:55.970 [info] > git rev-parse refs/remotes/origin/main [0ms]
2024-01-03 14:43:55.973 [info] > git status -z -uall [1ms]
2024-01-03 14:43:57.790 [info] > git show --textconv :margin-and-padding/01-margin-and-padding-1/README.md [3ms]
2024-01-03 14:43:57.791 [info] > git ls-files --stage -- /home/spence8/css-exercises/margin-and-padding/01-margin-and-padding-1/README.md [1ms]
2024-01-03 14:43:57.793 [info] > git cat-file -s c09aecbf2d12258cc39fb46b32191ac855081568 [0ms]
2024-01-03 14:44:01.742 [info] > git show --textconv :margin-and-padding/01-margin-and-padding-1/style.css [3ms]
2024-01-03 14:44:01.743 [info] > git ls-files --stage -- /home/spence8/css-exercises/margin-and-padding/01-margin-and-padding-1/style.css [1ms]
2024-01-03 14:44:01.746 [info] > git cat-file -s f4d0a70845325e06a05e74199cd2bd356aa09c87 [1ms]
2024-01-03 14:44:07.562 [info] > git config --get commit.template [0ms]
2024-01-03 14:44:07.565 [info] > git for-each-ref --format=%(refname)%00%(upstream:short)%00%(objectname)%00%(upstream:track)%00%(upstream:remotename)%00%(upstream:remoteref) refs/heads/main refs/remotes/main [1ms]
2024-01-03 14:44:07.567 [warning] ENOENT: no such file or directory, open '/home/spence8/css-exercises/.git/refs/remotes/origin/main'
2024-01-03 14:44:07.568 [info] > git rev-parse refs/remotes/origin/main [1ms]
2024-01-03 14:44:07.571 [info] > git status -z -uall [1ms]
2024-01-03 14:44:09.975 [info] > git show --textconv :margin-and-padding/01-margin-and-padding-1/README.md [3ms]
2024-01-03 14:44:09.976 [info] > git ls-files --stage -- /home/spence8/css-exercises/margin-and-padding/01-margin-and-padding-1/README.md [1ms]
2024-01-03 14:44:09.979 [info] > git cat-file -s c09aecbf2d12258cc39fb46b32191ac855081568 [1ms]
2024-01-03 14:44:15.427 [info] > git show --textconv :margin-and-padding/01-margin-and-padding-1/style.css [4ms]
2024-01-03 14:44:15.428 [info] > git ls-files --stage -- /home/spence8/css-exercises/margin-and-padding/01-margin-and-padding-1/style.css [2ms]
2024-01-03 14:44:15.431 [info] > git cat-file -s f4d0a70845325e06a05e74199cd2bd356aa09c87 [0ms]
2024-01-03 14:44:19.409 [info] > git show --textconv :margin-and-padding/01-margin-and-padding-1/README.md [3ms]
2024-01-03 14:44:19.409 [info] > git ls-files --stage -- /home/spence8/css-exercises/margin-and-padding/01-margin-and-padding-1/README.md [1ms]
2024-01-03 14:44:19.412 [info] > git cat-file -s c09aecbf2d12258cc39fb46b32191ac855081568 [1ms]
2024-01-03 14:44:20.522 [info] > git show --textconv :margin-and-padding/01-margin-and-padding-1/style.css [2ms]
2024-01-03 14:44:20.523 [info] > git ls-files --stage -- /home/spence8/css-exercises/margin-and-padding/01-margin-and-padding-1/style.css [1ms]
2024-01-03 14:44:20.526 [info] > git cat-file -s f4d0a70845325e06a05e74199cd2bd356aa09c87 [1ms]
2024-01-03 14:44:26.746 [info] > git config --get commit.template [0ms]
2024-01-03 14:44:26.751 [info] > git for-each-ref --format=%(refname)%00%(upstream:short)%00%(objectname)%00%(upstream:track)%00%(upstream:remotename)%00%(upstream:remoteref) refs/heads/main refs/remotes/main [1ms]
2024-01-03 14:44:26.753 [warning] ENOENT: no such file or directory, open '/home/spence8/css-exercises/.git/refs/remotes/origin/main'
2024-01-03 14:44:26.754 [info] > git rev-parse refs/remotes/origin/main [1ms]
2024-01-03 14:44:26.757 [info] > git status -z -uall [1ms]
2024-01-03 14:44:27.916 [info] > git show --textconv :margin-and-padding/01-margin-and-padding-1/README.md [3ms]
2024-01-03 14:44:27.916 [info] > git ls-files --stage -- /home/spence8/css-exercises/margin-and-padding/01-margin-and-padding-1/README.md [1ms]
2024-01-03 14:44:27.919 [info] > git cat-file -s c09aecbf2d12258cc39fb46b32191ac855081568 [0ms]
2024-01-03 14:44:30.423 [info] > git show --textconv :margin-and-padding/01-margin-and-padding-1/style.css [3ms]
2024-01-03 14:44:30.424 [info] > git ls-files --stage -- /home/spence8/css-exercises/margin-and-padding/01-margin-and-padding-1/style.css [1ms]
2024-01-03 14:44:30.426 [info] > git cat-file -s f4d0a70845325e06a05e74199cd2bd356aa09c87 [0ms]
2024-01-03 14:45:04.837 [info] > git show --textconv :margin-and-padding/01-margin-and-padding-1/solution/solution.css [2ms]
2024-01-03 14:45:04.838 [info] > git ls-files --stage -- /home/spence8/css-exercises/margin-and-padding/01-margin-and-padding-1/solution/solution.css [1ms]
2024-01-03 14:45:04.840 [info] > git cat-file -s ca28db0aef12899645b17575257a19b49b553f89 [0ms]
2024-01-03 14:45:06.943 [info] > git show --textconv :margin-and-padding/01-margin-and-padding-1/style.css [3ms]
2024-01-03 14:45:06.944 [info] > git ls-files --stage -- /home/spence8/css-exercises/margin-and-padding/01-margin-and-padding-1/style.css [1ms]
2024-01-03 14:45:06.946 [info] > git cat-file -s f4d0a70845325e06a05e74199cd2bd356aa09c87 [0ms]
2024-01-03 14:45:13.660 [info] > git show --textconv :margin-and-padding/01-margin-and-padding-1/solution/solution.css [4ms]
2024-01-03 14:45:13.660 [info] > git ls-files --stage -- /home/spence8/css-exercises/margin-and-padding/01-margin-and-padding-1/solution/solution.css [1ms]
2024-01-03 14:45:13.663 [info] > git cat-file -s ca28db0aef12899645b17575257a19b49b553f89 [1ms]
2024-01-03 14:45:15.450 [info] > git show --textconv :margin-and-padding/01-margin-and-padding-1/style.css [2ms]
2024-01-03 14:45:15.451 [info] > git ls-files --stage -- /home/spence8/css-exercises/margin-and-padding/01-margin-and-padding-1/style.css [1ms]
2024-01-03 14:45:15.454 [info] > git cat-file -s f4d0a70845325e06a05e74199cd2bd356aa09c87 [1ms]
2024-01-03 14:45:18.470 [info] > git show --textconv :margin-and-padding/01-margin-and-padding-1/solution/solution.css [4ms]
2024-01-03 14:45:18.470 [info] > git ls-files --stage -- /home/spence8/css-exercises/margin-and-padding/01-margin-and-padding-1/solution/solution.css [1ms]
2024-01-03 14:45:18.473 [info] > git cat-file -s ca28db0aef12899645b17575257a19b49b553f89 [1ms]
2024-01-03 14:45:19.884 [info] > git show --textconv :margin-and-padding/01-margin-and-padding-1/style.css [3ms]
2024-01-03 14:45:19.885 [info] > git ls-files --stage -- /home/spence8/css-exercises/margin-and-padding/01-margin-and-padding-1/style.css [0ms]
2024-01-03 14:45:19.887 [info] > git cat-file -s f4d0a70845325e06a05e74199cd2bd356aa09c87 [0ms]
2024-01-03 14:45:26.763 [info] > git config --get commit.template [1ms]
2024-01-03 14:45:26.767 [info] > git for-each-ref --format=%(refname)%00%(upstream:short)%00%(objectname)%00%(upstream:track)%00%(upstream:remotename)%00%(upstream:remoteref) refs/heads/main refs/remotes/main [1ms]
2024-01-03 14:45:26.769 [warning] ENOENT: no such file or directory, open '/home/spence8/css-exercises/.git/refs/remotes/origin/main'
2024-01-03 14:45:26.770 [info] > git rev-parse refs/remotes/origin/main [1ms]
2024-01-03 14:45:26.773 [info] > git status -z -uall [1ms]
2024-01-03 14:45:33.904 [info] > git show --textconv :margin-and-padding/01-margin-and-padding-1/README.md [3ms]
2024-01-03 14:45:33.905 [info] > git ls-files --stage -- /home/spence8/css-exercises/margin-and-padding/01-margin-and-padding-1/README.md [0ms]
2024-01-03 14:45:33.907 [info] > git cat-file -s c09aecbf2d12258cc39fb46b32191ac855081568 [0ms]
2024-01-03 14:45:41.573 [info] > git show --textconv :margin-and-padding/01-margin-and-padding-1/style.css [4ms]
2024-01-03 14:45:41.573 [info] > git ls-files --stage -- /home/spence8/css-exercises/margin-and-padding/01-margin-and-padding-1/style.css [1ms]
2024-01-03 14:45:41.576 [info] > git cat-file -s f4d0a70845325e06a05e74199cd2bd356aa09c87 [1ms]
2024-01-03 14:45:43.152 [info] > git show --textconv :margin-and-padding/01-margin-and-padding-1/README.md [3ms]
2024-01-03 14:45:43.152 [info] > git ls-files --stage -- /home/spence8/css-exercises/margin-and-padding/01-margin-and-padding-1/README.md [0ms]
2024-01-03 14:45:43.155 [info] > git cat-file -s c09aecbf2d12258cc39fb46b32191ac855081568 [1ms]
2024-01-03 14:45:46.316 [info] > git show --textconv :margin-and-padding/01-margin-and-padding-1/style.css [3ms]
2024-01-03 14:45:46.317 [info] > git ls-files --stage -- /home/spence8/css-exercises/margin-and-padding/01-margin-and-padding-1/style.css [1ms]
2024-01-03 14:45:46.319 [info] > git cat-file -s f4d0a70845325e06a05e74199cd2bd356aa09c87 [0ms]
2024-01-03 14:46:02.935 [info] > git check-ignore -v -z --stdin [1ms]
2024-01-03 14:46:04.256 [info] > git check-ignore -v -z --stdin [0ms]
2024-01-03 14:46:04.890 [info] > git show --textconv :margin-and-padding/02-margin-and-padding-2/solution/solution.css [3ms]
2024-01-03 14:46:04.890 [info] > git ls-files --stage -- /home/spence8/css-exercises/margin-and-padding/02-margin-and-padding-2/solution/solution.css [0ms]
2024-01-03 14:46:04.893 [info] > git cat-file -s f4e3a33821b75036e69ff05b6025231f296c6e8b [0ms]
2024-01-03 14:46:06.206 [info] > git show --textconv :margin-and-padding/02-margin-and-padding-2/README.md [3ms]
2024-01-03 14:46:06.207 [info] > git ls-files --stage -- /home/spence8/css-exercises/margin-and-padding/02-margin-and-padding-2/README.md [1ms]
2024-01-03 14:46:06.210 [info] > git cat-file -s 244decc04360b546604a97f9becdd5e15079900b [1ms]
2024-01-03 14:46:09.226 [info] > git show --textconv :margin-and-padding/02-margin-and-padding-2/index.html [3ms]
2024-01-03 14:46:09.226 [info] > git ls-files --stage -- /home/spence8/css-exercises/margin-and-padding/02-margin-and-padding-2/index.html [0ms]
2024-01-03 14:46:09.229 [info] > git cat-file -s c3a26c4e2edd0f5df277368f36132719814f309f [0ms]
2024-01-03 14:46:10.903 [info] > git show --textconv :margin-and-padding/02-margin-and-padding-2/style.css [3ms]
2024-01-03 14:46:10.904 [info] > git ls-files --stage -- /home/spence8/css-exercises/margin-and-padding/02-margin-and-padding-2/style.css [1ms]
2024-01-03 14:46:10.907 [info] > git cat-file -s 00d1de59bf90e900b41acf8cc9dbd7c9b481dcaf [1ms]
2024-01-03 14:46:49.609 [info] > git show --textconv :margin-and-padding/02-margin-and-padding-2/solution/solution.css [3ms]
2024-01-03 14:46:49.610 [info] > git ls-files --stage -- /home/spence8/css-exercises/margin-and-padding/02-margin-and-padding-2/solution/solution.css [1ms]
2024-01-03 14:46:49.614 [info] > git cat-file -s f4e3a33821b75036e69ff05b6025231f296c6e8b [1ms]
2024-01-03 15:05:44.313 [info] > git show --textconv :margin-and-padding/01-margin-and-padding-1/solution/solution.css [4ms]
2024-01-03 15:05:44.313 [info] > git ls-files --stage -- /home/spence8/css-exercises/margin-and-padding/01-margin-and-padding-1/solution/solution.css [1ms]
2024-01-03 15:05:44.316 [info] > git cat-file -s ca28db0aef12899645b17575257a19b49b553f89 [0ms]
2024-01-03 15:21:17.872 [info] > git show --textconv :margin-and-padding/02-margin-and-padding-2/README.md [4ms]
2024-01-03 15:21:17.873 [info] > git ls-files --stage -- /home/spence8/css-exercises/margin-and-padding/02-margin-and-padding-2/README.md [1ms]
2024-01-03 15:21:17.877 [info] > git cat-file -s 244decc04360b546604a97f9becdd5e15079900b [1ms]
2024-01-03 15:21:19.427 [info] > git show --textconv :margin-and-padding/02-margin-and-padding-2/solution/solution.css [6ms]
2024-01-03 15:21:19.427 [info] > git ls-files --stage -- /home/spence8/css-exercises/margin-and-padding/02-margin-and-padding-2/solution/solution.css [2ms]
2024-01-03 15:21:19.431 [info] > git cat-file -s f4e3a33821b75036e69ff05b6025231f296c6e8b [1ms]
2024-01-03 15:21:25.675 [info] > git show --textconv :margin-and-padding/01-margin-and-padding-1/README.md [3ms]
2024-01-03 15:21:25.676 [info] > git ls-files --stage -- /home/spence8/css-exercises/margin-and-padding/01-margin-and-padding-1/README.md [1ms]
2024-01-03 15:21:25.680 [info] > git cat-file -s c09aecbf2d12258cc39fb46b32191ac855081568 [1ms]
2024-01-03 15:21:29.825 [info] > git show --textconv :margin-and-padding/01-margin-and-padding-1/style.css [5ms]
2024-01-03 15:21:29.825 [info] > git ls-files --stage -- /home/spence8/css-exercises/margin-and-padding/01-margin-and-padding-1/style.css [1ms]
2024-01-03 15:21:29.830 [info] > git cat-file -s f4d0a70845325e06a05e74199cd2bd356aa09c87 [1ms]
2024-01-03 15:21:31.081 [info] > git show --textconv :margin-and-padding/01-margin-and-padding-1/README.md [4ms]
2024-01-03 15:21:31.081 [info] > git ls-files --stage -- /home/spence8/css-exercises/margin-and-padding/01-margin-and-padding-1/README.md [1ms]
2024-01-03 15:21:31.084 [info] > git cat-file -s c09aecbf2d12258cc39fb46b32191ac855081568 [1ms]
2024-01-03 15:21:32.993 [info] > git show --textconv :margin-and-padding/01-margin-and-padding-1/style.css [5ms]
2024-01-03 15:21:32.993 [info] > git ls-files --stage -- /home/spence8/css-exercises/margin-and-padding/01-margin-and-padding-1/style.css [1ms]
2024-01-03 15:21:32.998 [info] > git cat-file -s f4d0a70845325e06a05e74199cd2bd356aa09c87 [1ms]
2024-01-03 15:21:38.724 [info] > git show --textconv :margin-and-padding/01-margin-and-padding-1/style.css [4ms]
2024-01-03 15:21:38.724 [info] > git ls-files --stage -- /home/spence8/css-exercises/margin-and-padding/01-margin-and-padding-1/style.css [1ms]
2024-01-03 15:21:38.728 [info] > git cat-file -s f4d0a70845325e06a05e74199cd2bd356aa09c87 [1ms]
2024-01-03 15:21:39.182 [info] > git show --textconv :margin-and-padding/01-margin-and-padding-1/README.md [2ms]
2024-01-03 15:21:39.182 [info] > git ls-files --stage -- /home/spence8/css-exercises/margin-and-padding/01-margin-and-padding-1/README.md [1ms]
2024-01-03 15:21:39.186 [info] > git cat-file -s c09aecbf2d12258cc39fb46b32191ac855081568 [1ms]
2024-01-03 15:22:16.445 [info] > git show --textconv :margin-and-padding/01-margin-and-padding-1/style.css [4ms]
2024-01-03 15:22:16.445 [info] > git ls-files --stage -- /home/spence8/css-exercises/margin-and-padding/01-margin-and-padding-1/style.css [1ms]
2024-01-03 15:22:16.449 [info] > git cat-file -s f4d0a70845325e06a05e74199cd2bd356aa09c87 [1ms]
2024-01-03 15:31:09.047 [info] > git config --get commit.template [4ms]
2024-01-03 15:31:09.047 [info] > git for-each-ref --format=%(refname)%00%(upstream:short)%00%(objectname)%00%(upstream:track)%00%(upstream:remotename)%00%(upstream:remoteref) refs/heads/main refs/remotes/main [2ms]
2024-01-03 15:31:09.049 [warning] ENOENT: no such file or directory, open '/home/spence8/css-exercises/.git/refs/remotes/origin/main'
2024-01-03 15:31:09.050 [info] > git rev-parse refs/remotes/origin/main [1ms]
2024-01-03 15:31:09.054 [info] > git status -z -uall [1ms]
2024-01-03 15:31:10.275 [info] > git merge-base refs/heads/main refs/remotes/origin/main [1ms]
2024-01-03 15:31:10.279 [info] > git rev-list --count --left-right refs/heads/main...refs/remotes/origin/main [1ms]
2024-01-03 15:31:26.892 [info] > git add -A -- . [2ms]
2024-01-03 15:31:26.899 [info] > git -c user.useConfigOnly=true commit --quiet --allow-empty-message --file - [4ms]
2024-01-03 15:31:26.903 [info] > git config --get commit.template [1ms]
2024-01-03 15:31:26.911 [info] > git config --get commit.template [3ms]
2024-01-03 15:31:26.912 [info] > git for-each-ref --format=%(refname)%00%(upstream:short)%00%(objectname)%00%(upstream:track)%00%(upstream:remotename)%00%(upstream:remoteref) refs/heads/main refs/remotes/main [2ms]
2024-01-03 15:31:26.915 [warning] ENOENT: no such file or directory, open '/home/spence8/css-exercises/.git/refs/remotes/origin/main'
2024-01-03 15:31:26.916 [info] > git rev-parse refs/remotes/origin/main [1ms]
2024-01-03 15:31:26.920 [info] > git status -z -uall [1ms]
2024-01-03 15:31:26.940 [info] > git merge-base refs/heads/main refs/remotes/origin/main [5ms]
2024-01-03 15:31:26.944 [info] > git config --get commit.template [4ms]
2024-01-03 15:31:26.944 [info] > git rev-list --count --left-right refs/heads/main...refs/remotes/origin/main [1ms]
2024-01-03 15:31:26.947 [info] > git for-each-ref --format=%(refname)%00%(upstream:short)%00%(objectname)%00%(upstream:track)%00%(upstream:remotename)%00%(upstream:remoteref) refs/heads/main refs/remotes/main [1ms]
2024-01-03 15:31:26.950 [warning] ENOENT: no such file or directory, open '/home/spence8/css-exercises/.git/refs/remotes/origin/main'
2024-01-03 15:31:26.951 [info] > git rev-parse refs/remotes/origin/main [1ms]
2024-01-03 15:31:26.955 [info] > git status -z -uall [1ms]
2024-01-03 15:31:28.119 [info] > git config --get commit.template [4ms]
2024-01-03 15:31:28.119 [info] > git for-each-ref --format=%(refname)%00%(upstream:short)%00%(objectname)%00%(upstream:track)%00%(upstream:remotename)%00%(upstream:remoteref) refs/heads/main refs/remotes/main [1ms]
2024-01-03 15:31:28.122 [warning] ENOENT: no such file or directory, open '/home/spence8/css-exercises/.git/refs/remotes/origin/main'
2024-01-03 15:31:28.122 [info] > git rev-parse refs/remotes/origin/main [1ms]
2024-01-03 15:31:28.125 [info] > git status -z -uall [1ms]
2024-01-03 15:31:28.221 [info] > git ls-files --stage -- /home/spence8/css-exercises/margin-and-padding/01-margin-and-padding-1/README.md [1ms]
2024-01-03 15:31:28.224 [info] > git cat-file -s be69f293becad47b8afe070d3d0711e22ccbe569 [0ms]
2024-01-03 15:31:28.230 [info] > git show --textconv :margin-and-padding/01-margin-and-padding-1/README.md [0ms]
