2024-03-17 10:30:48.883 [info] Log level: Info
2024-03-17 10:30:48.883 [info] Validating found git in: "git"
2024-03-17 10:30:48.883 [info] Using git "2.34.1" from "git"
2024-03-17 10:30:48.886 [info] > git rev-parse --show-toplevel [3ms]
2024-03-17 10:30:48.915 [info] > git rev-parse --show-toplevel [8ms]
2024-03-17 10:30:48.921 [info] > git rev-parse --git-dir --git-common-dir [2ms]
2024-03-17 10:30:48.930 [info] Open repository: /home/spence8/fizz-buzz-program/solving-fizz-buzz
2024-03-17 10:30:48.948 [info] > git config --get commit.template [12ms]
2024-03-17 10:30:48.949 [info] > git for-each-ref --format=%(refname)%00%(upstream:short)%00%(objectname)%00%(upstream:track)%00%(upstream:remotename)%00%(upstream:remoteref) refs/heads/home refs/remotes/home [7ms]
2024-03-17 10:30:48.956 [info] > git status -z -uall [3ms]
2024-03-17 10:30:48.965 [info] > git config --get commit.template [1ms]
2024-03-17 10:30:48.972 [info] > git for-each-ref --format=%(refname)%00%(upstream:short)%00%(objectname)%00%(upstream:track)%00%(upstream:remotename)%00%(upstream:remoteref) refs/heads/home refs/remotes/home [1ms]
2024-03-17 10:30:48.976 [info] > git status -z -uall [0ms]
2024-03-17 10:30:49.242 [info] > git show --textconv :script.js [3ms]
2024-03-17 10:30:49.243 [info] > git ls-files --stage -- /home/spence8/fizz-buzz-program/solving-fizz-buzz/script.js [1ms]
2024-03-17 10:30:49.245 [info] > git cat-file -s 59837220675c79fe82c032b4bf72cfdd7e0f23fd [0ms]
2024-03-17 10:30:49.459 [info] > git check-ignore -v -z --stdin [1ms]
2024-03-17 10:30:49.744 [info] > git fetch [813ms]
2024-03-17 10:30:49.749 [info] > git config --get commit.template [3ms]
2024-03-17 10:30:49.749 [info] > git for-each-ref --format=%(refname)%00%(upstream:short)%00%(objectname)%00%(upstream:track)%00%(upstream:remotename)%00%(upstream:remoteref) refs/heads/home refs/remotes/home [1ms]
2024-03-17 10:30:49.752 [info] > git status -z -uall [0ms]
2024-03-17 10:30:50.811 [info] > git config --get commit.template [3ms]
2024-03-17 10:30:50.811 [info] > git for-each-ref --format=%(refname)%00%(upstream:short)%00%(objectname)%00%(upstream:track)%00%(upstream:remotename)%00%(upstream:remoteref) refs/heads/home refs/remotes/home [1ms]
2024-03-17 10:30:50.814 [info] > git status -z -uall [0ms]
2024-03-17 10:30:50.911 [info] > git ls-files --stage -- /home/spence8/fizz-buzz-program/solving-fizz-buzz/script.js [1ms]
2024-03-17 10:30:50.913 [info] > git cat-file -s 59837220675c79fe82c032b4bf72cfdd7e0f23fd [0ms]
2024-03-17 10:30:50.919 [info] > git show --textconv :script.js [1ms]
2024-03-17 10:33:50.540 [info] > git fetch [780ms]
2024-03-17 10:33:50.547 [info] > git config --get commit.template [4ms]
2024-03-17 10:33:50.547 [info] > git for-each-ref --format=%(refname)%00%(upstream:short)%00%(objectname)%00%(upstream:track)%00%(upstream:remotename)%00%(upstream:remoteref) refs/heads/home refs/remotes/home [1ms]
2024-03-17 10:33:50.550 [info] > git status -z -uall [0ms]
2024-03-17 10:33:51.600 [info] > git config --get commit.template [0ms]
2024-03-17 10:33:51.603 [info] > git for-each-ref --format=%(refname)%00%(upstream:short)%00%(objectname)%00%(upstream:track)%00%(upstream:remotename)%00%(upstream:remoteref) refs/heads/home refs/remotes/home [1ms]
2024-03-17 10:33:51.606 [info] > git status -z -uall [1ms]
2024-03-17 10:33:51.712 [info] > git ls-files --stage -- /home/spence8/fizz-buzz-program/solving-fizz-buzz/script.js [1ms]
2024-03-17 10:33:51.717 [info] > git cat-file -s 59837220675c79fe82c032b4bf72cfdd7e0f23fd [2ms]
2024-03-17 10:33:51.723 [info] > git show --textconv :script.js [0ms]
