2024-03-08 12:39:15.878 [info] Extension host with pid 1947 started
2024-03-08 12:39:15.887 [info] Lock '/home/spence8/.vscode-server/data/User/workspaceStorage/b63c153fe75fde838fd4a584bbbd26ef/vscode.lock': Lock acquired.
2024-03-08 12:39:15.898 [info] ExtensionService#_doActivateExtension vscode.git-base, startup: true, activationEvent: '*', root cause: vscode.git
2024-03-08 12:39:15.906 [info] ExtensionService#_doActivateExtension vscode.git, startup: true, activationEvent: '*'
2024-03-08 12:39:15.906 [info] ExtensionService#_doActivateExtension vscode.github, startup: true, activationEvent: '*'
2024-03-08 12:39:16.006 [info] Eager extensions activated
2024-03-08 12:39:16.006 [info] ExtensionService#_doActivateExtension vscode.debug-auto-launch, startup: false, activationEvent: 'onStartupFinished'
2024-03-08 12:39:16.006 [info] ExtensionService#_doActivateExtension vscode.merge-conflict, startup: false, activationEvent: 'onStartupFinished'
2024-03-08 12:39:16.006 [info] ExtensionService#_doActivateExtension ritwickdey.LiveServer, startup: false, activationEvent: 'onStartupFinished'
2024-03-08 12:39:16.189 [warning] [Decorations] CAPPING events from decorations provider vscode.git 8688
2024-03-08 12:39:19.060 [warning] [Decorations] CAPPING events from decorations provider vscode.git 8688
2024-03-08 12:39:24.150 [warning] [Decorations] CAPPING events from decorations provider vscode.git 8688
2024-03-08 12:39:29.241 [warning] [Decorations] CAPPING events from decorations provider vscode.git 8688
2024-03-08 12:39:32.665 [info] ExtensionService#_doActivateExtension vscode.html-language-features, startup: false, activationEvent: 'onLanguage:html'
2024-03-08 12:39:32.665 [info] ExtensionService#_doActivateExtension vscode.emmet, startup: false, activationEvent: 'onLanguage'
2024-03-08 12:39:34.331 [warning] [Decorations] CAPPING events from decorations provider vscode.git 8690
2024-03-08 12:39:42.616 [warning] [Decorations] CAPPING events from decorations provider vscode.git 8690
2024-03-08 12:40:00.255 [warning] [Decorations] CAPPING events from decorations provider vscode.git 8690
2024-03-08 12:40:05.357 [warning] [Decorations] CAPPING events from decorations provider vscode.git 8690
2024-03-08 12:40:10.446 [warning] [Decorations] CAPPING events from decorations provider vscode.git 8690
2024-03-08 12:40:15.537 [warning] [Decorations] CAPPING events from decorations provider vscode.git 8690
2024-03-08 12:40:20.632 [warning] [Decorations] CAPPING events from decorations provider vscode.git 8690
2024-03-08 12:40:25.726 [warning] [Decorations] CAPPING events from decorations provider vscode.git 8690
2024-03-08 12:40:30.823 [warning] [Decorations] CAPPING events from decorations provider vscode.git 8690
2024-03-08 12:40:35.919 [warning] [Decorations] CAPPING events from decorations provider vscode.git 8690
2024-03-08 12:40:41.016 [warning] [Decorations] CAPPING events from decorations provider vscode.git 8690
2024-03-08 12:40:46.114 [warning] [Decorations] CAPPING events from decorations provider vscode.git 8690
2024-03-08 12:40:51.205 [warning] [Decorations] CAPPING events from decorations provider vscode.git 8690
2024-03-08 12:40:56.296 [warning] [Decorations] CAPPING events from decorations provider vscode.git 8690
2024-03-08 12:41:01.386 [warning] [Decorations] CAPPING events from decorations provider vscode.git 8690
2024-03-08 12:41:06.485 [warning] [Decorations] CAPPING events from decorations provider vscode.git 8690
2024-03-08 12:41:11.575 [warning] [Decorations] CAPPING events from decorations provider vscode.git 8690
2024-03-08 12:41:16.662 [warning] [Decorations] CAPPING events from decorations provider vscode.git 8690
2024-03-08 12:41:21.749 [warning] [Decorations] CAPPING events from decorations provider vscode.git 8690
2024-03-08 12:41:26.845 [warning] [Decorations] CAPPING events from decorations provider vscode.git 8690
2024-03-08 12:41:31.941 [warning] [Decorations] CAPPING events from decorations provider vscode.git 8690
2024-03-08 12:41:37.034 [warning] [Decorations] CAPPING events from decorations provider vscode.git 8690
2024-03-08 12:41:42.127 [warning] [Decorations] CAPPING events from decorations provider vscode.git 8690
2024-03-08 12:41:47.218 [warning] [Decorations] CAPPING events from decorations provider vscode.git 8690
2024-03-08 12:41:52.311 [warning] [Decorations] CAPPING events from decorations provider vscode.git 8692
2024-03-08 12:41:53.960 [info] ExtensionService#_doActivateExtension vscode.tunnel-forwarding, startup: false, activationEvent: 'onTunnel'
2024-03-08 12:42:23.979 [warning] [Decorations] CAPPING events from decorations provider vscode.git 8692
2024-03-08 12:42:28.978 [warning] [Decorations] CAPPING events from decorations provider vscode.git 8692
2024-03-08 12:42:34.070 [warning] [Decorations] CAPPING events from decorations provider vscode.git 8692
2024-03-08 12:42:39.159 [warning] [Decorations] CAPPING events from decorations provider vscode.git 8692
2024-03-08 12:42:44.253 [warning] [Decorations] CAPPING events from decorations provider vscode.git 8692
2024-03-08 12:42:47.121 [info] ExtensionService#_doActivateExtension vscode.typescript-language-features, startup: false, activationEvent: 'onLanguage:javascript'
2024-03-08 12:42:49.348 [warning] [Decorations] CAPPING events from decorations provider vscode.git 8698
2024-03-08 12:42:54.445 [warning] [Decorations] CAPPING events from decorations provider vscode.git 8695
2024-03-08 12:42:59.539 [warning] [Decorations] CAPPING events from decorations provider vscode.git 8695
2024-03-08 12:43:04.641 [warning] [Decorations] CAPPING events from decorations provider vscode.git 8695
2024-03-08 12:43:17.157 [warning] [Decorations] CAPPING events from decorations provider vscode.git 8695
2024-03-08 12:43:22.252 [warning] [Decorations] CAPPING events from decorations provider vscode.git 8695
2024-03-08 12:43:27.342 [warning] [Decorations] CAPPING events from decorations provider vscode.git 8695
2024-03-08 12:43:32.435 [warning] [Decorations] CAPPING events from decorations provider vscode.git 8695
2024-03-08 12:43:37.526 [warning] [Decorations] CAPPING events from decorations provider vscode.git 8695
2024-03-08 12:43:42.616 [warning] [Decorations] CAPPING events from decorations provider vscode.git 8700
2024-03-08 12:43:47.707 [warning] [Decorations] CAPPING events from decorations provider vscode.git 8696
2024-03-08 12:43:52.811 [warning] [Decorations] CAPPING events from decorations provider vscode.git 8696
2024-03-08 12:44:14.595 [warning] [Decorations] CAPPING events from decorations provider vscode.git 8696
2024-03-08 12:44:19.692 [warning] [Decorations] CAPPING events from decorations provider vscode.git 8696
2024-03-08 12:45:17.944 [warning] [Decorations] CAPPING events from decorations provider vscode.git 8696
2024-03-08 12:46:01.864 [warning] [Decorations] CAPPING events from decorations provider vscode.git 8696
2024-03-08 12:46:06.860 [warning] [Decorations] CAPPING events from decorations provider vscode.git 8697
2024-03-08 12:46:19.903 [warning] [Decorations] CAPPING events from decorations provider vscode.git 8697
2024-03-08 12:47:17.828 [warning] [Decorations] CAPPING events from decorations provider vscode.git 8697
2024-03-08 12:47:22.916 [warning] [Decorations] CAPPING events from decorations provider vscode.git 8697
2024-03-08 12:47:28.009 [warning] [Decorations] CAPPING events from decorations provider vscode.git 8697
2024-03-08 12:47:33.102 [warning] [Decorations] CAPPING events from decorations provider vscode.git 8697
2024-03-08 12:47:38.193 [warning] [Decorations] CAPPING events from decorations provider vscode.git 8698
2024-03-08 12:47:45.246 [warning] [Decorations] CAPPING events from decorations provider vscode.git 8698
2024-03-08 12:47:51.091 [warning] [Decorations] CAPPING events from decorations provider vscode.git 8698
2024-03-08 12:47:58.494 [warning] [Decorations] CAPPING events from decorations provider vscode.git 8698
2024-03-08 12:48:11.811 [warning] [Decorations] CAPPING events from decorations provider vscode.git 8698
2024-03-08 12:48:16.902 [warning] [Decorations] CAPPING events from decorations provider vscode.git 8698
2024-03-08 12:48:24.003 [warning] [Decorations] CAPPING events from decorations provider vscode.git 8698
2024-03-08 12:48:29.094 [warning] [Decorations] CAPPING events from decorations provider vscode.git 8698
2024-03-08 12:48:34.182 [warning] [Decorations] CAPPING events from decorations provider vscode.git 8699
2024-03-08 12:49:11.090 [warning] [Decorations] CAPPING events from decorations provider vscode.git 8699
2024-03-08 12:49:16.091 [warning] [Decorations] CAPPING events from decorations provider vscode.git 8699
2024-03-08 12:49:21.179 [warning] [Decorations] CAPPING events from decorations provider vscode.git 8699
2024-03-08 12:49:39.033 [warning] [Decorations] CAPPING events from decorations provider vscode.git 8700
2024-03-08 12:49:44.123 [warning] [Decorations] CAPPING events from decorations provider vscode.git 8700
2024-03-08 12:49:49.214 [warning] [Decorations] CAPPING events from decorations provider vscode.git 8700
2024-03-08 12:49:54.310 [warning] [Decorations] CAPPING events from decorations provider vscode.git 8700
2024-03-08 12:49:59.403 [warning] [Decorations] CAPPING events from decorations provider vscode.git 8700
2024-03-08 12:50:04.495 [warning] [Decorations] CAPPING events from decorations provider vscode.git 8700
2024-03-08 12:50:09.588 [warning] [Decorations] CAPPING events from decorations provider vscode.git 8700
2024-03-08 12:50:14.680 [warning] [Decorations] CAPPING events from decorations provider vscode.git 8700
2024-03-08 12:50:19.772 [warning] [Decorations] CAPPING events from decorations provider vscode.git 8700
2024-03-08 12:50:35.634 [warning] [Decorations] CAPPING events from decorations provider vscode.git 8700
2024-03-08 12:50:40.724 [warning] [Decorations] CAPPING events from decorations provider vscode.git 8700
2024-03-08 12:50:45.815 [warning] [Decorations] CAPPING events from decorations provider vscode.git 8701
2024-03-08 13:32:13.996 [warning] [Decorations] CAPPING events from decorations provider vscode.git 8701
2024-03-08 13:32:28.755 [warning] [Decorations] CAPPING events from decorations provider vscode.git 8701
2024-03-08 13:33:10.518 [warning] [Decorations] CAPPING events from decorations provider vscode.git 8701
2024-03-08 13:35:51.088 [warning] [Decorations] CAPPING events from decorations provider vscode.git 8701
2024-03-08 13:35:56.059 [warning] [Decorations] CAPPING events from decorations provider vscode.git 8701
2024-03-08 13:36:37.730 [warning] [Decorations] CAPPING events from decorations provider vscode.git 8701
2024-03-08 13:43:06.247 [warning] [Decorations] CAPPING events from decorations provider vscode.git 8701
2024-03-08 13:43:11.228 [warning] [Decorations] CAPPING events from decorations provider vscode.git 8701
2024-03-08 13:43:36.203 [warning] [Decorations] CAPPING events from decorations provider vscode.git 8701
2024-03-08 13:56:43.936 [warning] [Decorations] CAPPING events from decorations provider vscode.git 8703
2024-03-08 13:56:56.600 [warning] [Decorations] CAPPING events from decorations provider vscode.git 8703
2024-03-08 13:57:01.695 [warning] [Decorations] CAPPING events from decorations provider vscode.git 8703
2024-03-08 13:57:06.784 [warning] [Decorations] CAPPING events from decorations provider vscode.git 8703
2024-03-08 13:57:11.881 [warning] [Decorations] CAPPING events from decorations provider vscode.git 8703
2024-03-08 13:57:16.974 [warning] [Decorations] CAPPING events from decorations provider vscode.git 8703
2024-03-08 13:57:22.066 [warning] [Decorations] CAPPING events from decorations provider vscode.git 8703
2024-03-08 13:57:27.159 [warning] [Decorations] CAPPING events from decorations provider vscode.git 8703
2024-03-08 13:57:32.253 [warning] [Decorations] CAPPING events from decorations provider vscode.git 8703
2024-03-08 13:57:37.343 [warning] [Decorations] CAPPING events from decorations provider vscode.git 8703
2024-03-08 13:57:42.438 [warning] [Decorations] CAPPING events from decorations provider vscode.git 8703
2024-03-08 13:57:47.529 [warning] [Decorations] CAPPING events from decorations provider vscode.git 8703
2024-03-08 13:57:52.624 [warning] [Decorations] CAPPING events from decorations provider vscode.git 8703
2024-03-08 13:57:57.711 [warning] [Decorations] CAPPING events from decorations provider vscode.git 8703
2024-03-08 13:58:02.802 [warning] [Decorations] CAPPING events from decorations provider vscode.git 8703
2024-03-08 13:58:07.892 [warning] [Decorations] CAPPING events from decorations provider vscode.git 8703
2024-03-08 13:58:12.988 [warning] [Decorations] CAPPING events from decorations provider vscode.git 8703
2024-03-08 13:58:18.082 [warning] [Decorations] CAPPING events from decorations provider vscode.git 8703
2024-03-08 13:58:23.174 [warning] [Decorations] CAPPING events from decorations provider vscode.git 8703
2024-03-08 13:58:28.264 [warning] [Decorations] CAPPING events from decorations provider vscode.git 8703
2024-03-08 13:58:33.359 [warning] [Decorations] CAPPING events from decorations provider vscode.git 8703
2024-03-08 13:58:38.447 [warning] [Decorations] CAPPING events from decorations provider vscode.git 8703
2024-03-08 13:58:43.536 [warning] [Decorations] CAPPING events from decorations provider vscode.git 8703
2024-03-08 13:58:48.627 [warning] [Decorations] CAPPING events from decorations provider vscode.git 8703
2024-03-08 13:58:53.720 [warning] [Decorations] CAPPING events from decorations provider vscode.git 8703
2024-03-08 13:58:58.810 [warning] [Decorations] CAPPING events from decorations provider vscode.git 8703
2024-03-08 13:59:03.905 [warning] [Decorations] CAPPING events from decorations provider vscode.git 8703
2024-03-08 13:59:08.998 [warning] [Decorations] CAPPING events from decorations provider vscode.git 8703
2024-03-08 13:59:14.089 [warning] [Decorations] CAPPING events from decorations provider vscode.git 8703
2024-03-08 13:59:19.183 [warning] [Decorations] CAPPING events from decorations provider vscode.git 8703
2024-03-08 13:59:24.275 [warning] [Decorations] CAPPING events from decorations provider vscode.git 8703
2024-03-08 13:59:29.365 [warning] [Decorations] CAPPING events from decorations provider vscode.git 8703
2024-03-08 13:59:34.452 [warning] [Decorations] CAPPING events from decorations provider vscode.git 8703
2024-03-08 13:59:39.541 [warning] [Decorations] CAPPING events from decorations provider vscode.git 8703
2024-03-08 13:59:44.045 [warning] [Decorations] CAPPING events from decorations provider vscode.git 8703
2024-03-08 13:59:44.766 [warning] [Decorations] CAPPING events from decorations provider vscode.git 8703
2024-03-08 13:59:49.857 [warning] [Decorations] CAPPING events from decorations provider vscode.git 8703
2024-03-08 13:59:54.947 [warning] [Decorations] CAPPING events from decorations provider vscode.git 8703
2024-03-08 14:00:00.044 [warning] [Decorations] CAPPING events from decorations provider vscode.git 8703
2024-03-08 14:00:05.828 [warning] [Decorations] CAPPING events from decorations provider vscode.git 8703
2024-03-08 14:00:10.918 [warning] [Decorations] CAPPING events from decorations provider vscode.git 8703
2024-03-08 14:00:16.010 [warning] [Decorations] CAPPING events from decorations provider vscode.git 8703
2024-03-08 14:00:21.099 [warning] [Decorations] CAPPING events from decorations provider vscode.git 8703
2024-03-08 14:00:26.184 [warning] [Decorations] CAPPING events from decorations provider vscode.git 8703
2024-03-08 14:00:31.274 [warning] [Decorations] CAPPING events from decorations provider vscode.git 8703
2024-03-08 14:00:36.362 [warning] [Decorations] CAPPING events from decorations provider vscode.git 8703
2024-03-08 14:00:41.449 [warning] [Decorations] CAPPING events from decorations provider vscode.git 8703
2024-03-08 14:00:46.537 [warning] [Decorations] CAPPING events from decorations provider vscode.git 8703
2024-03-08 14:00:51.631 [warning] [Decorations] CAPPING events from decorations provider vscode.git 8703
2024-03-08 14:00:56.718 [warning] [Decorations] CAPPING events from decorations provider vscode.git 8703
2024-03-08 14:01:01.811 [warning] [Decorations] CAPPING events from decorations provider vscode.git 8703
2024-03-08 14:01:06.899 [warning] [Decorations] CAPPING events from decorations provider vscode.git 8703
2024-03-08 14:01:11.985 [warning] [Decorations] CAPPING events from decorations provider vscode.git 8703
2024-03-08 14:01:17.077 [warning] [Decorations] CAPPING events from decorations provider vscode.git 8703
2024-03-08 14:01:22.169 [warning] [Decorations] CAPPING events from decorations provider vscode.git 8703
2024-03-08 14:01:27.261 [warning] [Decorations] CAPPING events from decorations provider vscode.git 8703
2024-03-08 14:01:32.354 [warning] [Decorations] CAPPING events from decorations provider vscode.git 8703
2024-03-08 14:01:37.445 [warning] [Decorations] CAPPING events from decorations provider vscode.git 8703
2024-03-08 14:01:42.538 [warning] [Decorations] CAPPING events from decorations provider vscode.git 8703
2024-03-08 14:01:47.628 [warning] [Decorations] CAPPING events from decorations provider vscode.git 8703
2024-03-08 14:01:52.717 [warning] [Decorations] CAPPING events from decorations provider vscode.git 8703
2024-03-08 14:01:57.804 [warning] [Decorations] CAPPING events from decorations provider vscode.git 8703
2024-03-08 14:02:02.895 [warning] [Decorations] CAPPING events from decorations provider vscode.git 8703
2024-03-08 14:02:07.988 [warning] [Decorations] CAPPING events from decorations provider vscode.git 8703
2024-03-08 14:02:13.080 [warning] [Decorations] CAPPING events from decorations provider vscode.git 8703
2024-03-08 14:02:18.172 [warning] [Decorations] CAPPING events from decorations provider vscode.git 8703
2024-03-08 14:02:23.262 [warning] [Decorations] CAPPING events from decorations provider vscode.git 8703
2024-03-08 14:02:28.355 [warning] [Decorations] CAPPING events from decorations provider vscode.git 8703
2024-03-08 14:02:33.443 [warning] [Decorations] CAPPING events from decorations provider vscode.git 8703
2024-03-08 14:02:38.534 [warning] [Decorations] CAPPING events from decorations provider vscode.git 8703
2024-03-08 14:02:43.625 [warning] [Decorations] CAPPING events from decorations provider vscode.git 8703
2024-03-08 14:02:44.331 [warning] [Decorations] CAPPING events from decorations provider vscode.git 8703
2024-03-08 14:02:48.721 [warning] [Decorations] CAPPING events from decorations provider vscode.git 8703
2024-03-08 14:02:53.811 [warning] [Decorations] CAPPING events from decorations provider vscode.git 8703
2024-03-08 14:02:58.905 [warning] [Decorations] CAPPING events from decorations provider vscode.git 8703
2024-03-08 14:03:03.996 [warning] [Decorations] CAPPING events from decorations provider vscode.git 8703
2024-03-08 14:03:09.087 [warning] [Decorations] CAPPING events from decorations provider vscode.git 8703
2024-03-08 14:03:14.179 [warning] [Decorations] CAPPING events from decorations provider vscode.git 8703
2024-03-08 14:03:19.269 [warning] [Decorations] CAPPING events from decorations provider vscode.git 8703
2024-03-08 14:03:24.358 [warning] [Decorations] CAPPING events from decorations provider vscode.git 8703
2024-03-08 14:03:29.451 [warning] [Decorations] CAPPING events from decorations provider vscode.git 8703
2024-03-08 14:03:34.542 [warning] [Decorations] CAPPING events from decorations provider vscode.git 8703
2024-03-08 14:03:39.636 [warning] [Decorations] CAPPING events from decorations provider vscode.git 8703
2024-03-08 14:03:44.723 [warning] [Decorations] CAPPING events from decorations provider vscode.git 8703
2024-03-08 14:03:49.813 [warning] [Decorations] CAPPING events from decorations provider vscode.git 8703
2024-03-08 14:03:54.904 [warning] [Decorations] CAPPING events from decorations provider vscode.git 8703
2024-03-08 14:04:00.000 [warning] [Decorations] CAPPING events from decorations provider vscode.git 8703
2024-03-08 14:04:05.095 [warning] [Decorations] CAPPING events from decorations provider vscode.git 8703
2024-03-08 14:04:10.186 [warning] [Decorations] CAPPING events from decorations provider vscode.git 8703
2024-03-08 14:04:15.278 [warning] [Decorations] CAPPING events from decorations provider vscode.git 8703
2024-03-08 14:04:20.368 [warning] [Decorations] CAPPING events from decorations provider vscode.git 8703
2024-03-08 14:04:25.463 [warning] [Decorations] CAPPING events from decorations provider vscode.git 8703
2024-03-08 14:04:30.552 [warning] [Decorations] CAPPING events from decorations provider vscode.git 8703
2024-03-08 14:04:35.646 [warning] [Decorations] CAPPING events from decorations provider vscode.git 8703
2024-03-08 14:04:40.743 [warning] [Decorations] CAPPING events from decorations provider vscode.git 8703
2024-03-08 14:04:45.833 [warning] [Decorations] CAPPING events from decorations provider vscode.git 8703
2024-03-08 14:04:50.926 [warning] [Decorations] CAPPING events from decorations provider vscode.git 8703
2024-03-08 14:04:56.014 [warning] [Decorations] CAPPING events from decorations provider vscode.git 8703
2024-03-08 14:05:01.104 [warning] [Decorations] CAPPING events from decorations provider vscode.git 8703
2024-03-08 14:05:06.199 [warning] [Decorations] CAPPING events from decorations provider vscode.git 8703
2024-03-08 14:05:11.293 [warning] [Decorations] CAPPING events from decorations provider vscode.git 8703
2024-03-08 14:05:16.383 [warning] [Decorations] CAPPING events from decorations provider vscode.git 8703
2024-03-08 14:05:21.476 [warning] [Decorations] CAPPING events from decorations provider vscode.git 8703
2024-03-08 14:05:26.563 [warning] [Decorations] CAPPING events from decorations provider vscode.git 8703
2024-03-08 14:05:31.654 [warning] [Decorations] CAPPING events from decorations provider vscode.git 8703
2024-03-08 14:05:36.748 [warning] [Decorations] CAPPING events from decorations provider vscode.git 8703
2024-03-08 14:05:41.840 [warning] [Decorations] CAPPING events from decorations provider vscode.git 8703
2024-03-08 14:05:44.434 [warning] [Decorations] CAPPING events from decorations provider vscode.git 8703
2024-03-08 14:05:46.928 [warning] [Decorations] CAPPING events from decorations provider vscode.git 8703
2024-03-08 14:05:52.020 [warning] [Decorations] CAPPING events from decorations provider vscode.git 8703
2024-03-08 14:05:57.109 [warning] [Decorations] CAPPING events from decorations provider vscode.git 8703
2024-03-08 14:06:02.198 [warning] [Decorations] CAPPING events from decorations provider vscode.git 8703
2024-03-08 14:06:07.292 [warning] [Decorations] CAPPING events from decorations provider vscode.git 8703
2024-03-08 14:06:12.387 [warning] [Decorations] CAPPING events from decorations provider vscode.git 8703
2024-03-08 14:06:17.483 [warning] [Decorations] CAPPING events from decorations provider vscode.git 8703
2024-03-08 14:06:22.578 [warning] [Decorations] CAPPING events from decorations provider vscode.git 8703
2024-03-08 14:06:27.668 [warning] [Decorations] CAPPING events from decorations provider vscode.git 8703
2024-03-08 14:06:32.755 [warning] [Decorations] CAPPING events from decorations provider vscode.git 8703
2024-03-08 14:06:37.842 [warning] [Decorations] CAPPING events from decorations provider vscode.git 8703
2024-03-08 14:06:42.931 [warning] [Decorations] CAPPING events from decorations provider vscode.git 8703
2024-03-08 14:06:48.018 [warning] [Decorations] CAPPING events from decorations provider vscode.git 8703
2024-03-08 14:06:53.107 [warning] [Decorations] CAPPING events from decorations provider vscode.git 8703
2024-03-08 14:06:58.199 [warning] [Decorations] CAPPING events from decorations provider vscode.git 8703
2024-03-08 14:07:03.292 [warning] [Decorations] CAPPING events from decorations provider vscode.git 8703
2024-03-08 14:07:08.389 [warning] [Decorations] CAPPING events from decorations provider vscode.git 8703
2024-03-08 14:07:13.481 [warning] [Decorations] CAPPING events from decorations provider vscode.git 8703
2024-03-08 14:07:18.572 [warning] [Decorations] CAPPING events from decorations provider vscode.git 8703
2024-03-08 14:07:23.662 [warning] [Decorations] CAPPING events from decorations provider vscode.git 8703
2024-03-08 14:07:28.755 [warning] [Decorations] CAPPING events from decorations provider vscode.git 8703
2024-03-10 20:37:24.253 [warning] [Decorations] CAPPING events from decorations provider vscode.git 8703
2024-03-10 20:37:26.087 [info] Extension host terminating: received terminate message from renderer
2024-03-10 20:37:26.087 [info] Lock '/home/spence8/.vscode-server/data/User/workspaceStorage/b63c153fe75fde838fd4a584bbbd26ef/vscode.lock': Marking the lockfile as scheduled to be released in 6000 ms.
2024-03-10 20:37:26.138 [error] Canceled: Canceled
	at new f (/home/spence8/.vscode-server/bin/903b1e9d8990623e3d7da1df3d33db3e42d80eda/out/vs/workbench/api/node/extensionHostProcess.js:140:45069)
	at d.U (/home/spence8/.vscode-server/bin/903b1e9d8990623e3d7da1df3d33db3e42d80eda/out/vs/workbench/api/node/extensionHostProcess.js:147:5557)
	at T.<computed>.O.charCodeAt.T.<computed> (/home/spence8/.vscode-server/bin/903b1e9d8990623e3d7da1df3d33db3e42d80eda/out/vs/workbench/api/node/extensionHostProcess.js:147:3008)
	at s.g (/home/spence8/.vscode-server/bin/903b1e9d8990623e3d7da1df3d33db3e42d80eda/out/vs/workbench/api/node/extensionHostProcess.js:150:174704)
	at s.executeCommand (/home/spence8/.vscode-server/bin/903b1e9d8990623e3d7da1df3d33db3e42d80eda/out/vs/workbench/api/node/extensionHostProcess.js:150:174142)
	at m.registerCommand.description (/home/spence8/.vscode-server/bin/903b1e9d8990623e3d7da1df3d33db3e42d80eda/out/vs/workbench/api/node/extensionHostProcess.js:150:173466)
	at s.h (/home/spence8/.vscode-server/bin/903b1e9d8990623e3d7da1df3d33db3e42d80eda/out/vs/workbench/api/node/extensionHostProcess.js:150:175243)
	at s.g (/home/spence8/.vscode-server/bin/903b1e9d8990623e3d7da1df3d33db3e42d80eda/out/vs/workbench/api/node/extensionHostProcess.js:150:174235)
	at s.executeCommand (/home/spence8/.vscode-server/bin/903b1e9d8990623e3d7da1df3d33db3e42d80eda/out/vs/workbench/api/node/extensionHostProcess.js:150:174142)
	at Object.executeCommand (/home/spence8/.vscode-server/bin/903b1e9d8990623e3d7da1df3d33db3e42d80eda/out/vs/workbench/api/node/extensionHostProcess.js:160:21634)
	at g.I [as value] (/home/spence8/.vscode-server/bin/903b1e9d8990623e3d7da1df3d33db3e42d80eda/extensions/git/dist/main.js:2:927298)
	at r.y (/home/spence8/.vscode-server/bin/903b1e9d8990623e3d7da1df3d33db3e42d80eda/out/vs/workbench/api/node/extensionHostProcess.js:80:1902)
	at r.z (/home/spence8/.vscode-server/bin/903b1e9d8990623e3d7da1df3d33db3e42d80eda/out/vs/workbench/api/node/extensionHostProcess.js:80:1972)
	at r.fire (/home/spence8/.vscode-server/bin/903b1e9d8990623e3d7da1df3d33db3e42d80eda/out/vs/workbench/api/node/extensionHostProcess.js:80:2188)
	at Object.m [as dispose] (/home/spence8/.vscode-server/bin/903b1e9d8990623e3d7da1df3d33db3e42d80eda/extensions/git/dist/main.js:2:943089)
	at /home/spence8/.vscode-server/bin/903b1e9d8990623e3d7da1df3d33db3e42d80eda/extensions/git/dist/main.js:2:947930
	at Array.forEach (<anonymous>)
	at p.dispose (/home/spence8/.vscode-server/bin/903b1e9d8990623e3d7da1df3d33db3e42d80eda/extensions/git/dist/main.js:2:947916)
	at c.<anonymous> (/home/spence8/.vscode-server/bin/903b1e9d8990623e3d7da1df3d33db3e42d80eda/out/vs/workbench/api/node/extensionHostProcess.js:148:3650)
	at c.dispose (/home/spence8/.vscode-server/bin/903b1e9d8990623e3d7da1df3d33db3e42d80eda/out/vs/workbench/api/node/extensionHostProcess.js:148:3747)
	at c.<anonymous> (/home/spence8/.vscode-server/bin/903b1e9d8990623e3d7da1df3d33db3e42d80eda/extensions/git/dist/main.js:2:929310)
	at c.dispose (/home/spence8/.vscode-server/bin/903b1e9d8990623e3d7da1df3d33db3e42d80eda/out/vs/workbench/api/node/extensionHostProcess.js:148:3747)
	at o (/home/spence8/.vscode-server/bin/903b1e9d8990623e3d7da1df3d33db3e42d80eda/out/vs/workbench/api/node/extensionHostProcess.js:30:754)
	at g.cb (/home/spence8/.vscode-server/bin/903b1e9d8990623e3d7da1df3d33db3e42d80eda/out/vs/workbench/api/node/extensionHostProcess.js:156:9874)
	at /home/spence8/.vscode-server/bin/903b1e9d8990623e3d7da1df3d33db3e42d80eda/out/vs/workbench/api/node/extensionHostProcess.js:156:7808
	at Array.map (<anonymous>)
	at g.Y (/home/spence8/.vscode-server/bin/903b1e9d8990623e3d7da1df3d33db3e42d80eda/out/vs/workbench/api/node/extensionHostProcess.js:156:7795)
	at g.terminate (/home/spence8/.vscode-server/bin/903b1e9d8990623e3d7da1df3d33db3e42d80eda/out/vs/workbench/api/node/extensionHostProcess.js:156:8068)
	at o.terminate (/home/spence8/.vscode-server/bin/903b1e9d8990623e3d7da1df3d33db3e42d80eda/out/vs/workbench/api/node/extensionHostProcess.js:160:1513)
	at t (/home/spence8/.vscode-server/bin/903b1e9d8990623e3d7da1df3d33db3e42d80eda/out/vs/workbench/api/node/extensionHostProcess.js:173:9950)
	at g.value (/home/spence8/.vscode-server/bin/903b1e9d8990623e3d7da1df3d33db3e42d80eda/out/vs/workbench/api/node/extensionHostProcess.js:173:7997)
	at r.y (/home/spence8/.vscode-server/bin/903b1e9d8990623e3d7da1df3d33db3e42d80eda/out/vs/workbench/api/node/extensionHostProcess.js:80:1902)
	at r.fire (/home/spence8/.vscode-server/bin/903b1e9d8990623e3d7da1df3d33db3e42d80eda/out/vs/workbench/api/node/extensionHostProcess.js:80:2119)
	at n.fire (/home/spence8/.vscode-server/bin/903b1e9d8990623e3d7da1df3d33db3e42d80eda/out/vs/workbench/api/node/extensionHostProcess.js:105:14073)
	at s.z (/home/spence8/.vscode-server/bin/903b1e9d8990623e3d7da1df3d33db3e42d80eda/out/vs/workbench/api/node/extensionHostProcess.js:105:17138)
	at g.value (/home/spence8/.vscode-server/bin/903b1e9d8990623e3d7da1df3d33db3e42d80eda/out/vs/workbench/api/node/extensionHostProcess.js:105:16543)
	at r.y (/home/spence8/.vscode-server/bin/903b1e9d8990623e3d7da1df3d33db3e42d80eda/out/vs/workbench/api/node/extensionHostProcess.js:80:1902)
	at r.fire (/home/spence8/.vscode-server/bin/903b1e9d8990623e3d7da1df3d33db3e42d80eda/out/vs/workbench/api/node/extensionHostProcess.js:80:2119)
	at g.acceptChunk (/home/spence8/.vscode-server/bin/903b1e9d8990623e3d7da1df3d33db3e42d80eda/out/vs/workbench/api/node/extensionHostProcess.js:105:11847)
	at g.value (/home/spence8/.vscode-server/bin/903b1e9d8990623e3d7da1df3d33db3e42d80eda/out/vs/workbench/api/node/extensionHostProcess.js:105:11134)
	at r.y (/home/spence8/.vscode-server/bin/903b1e9d8990623e3d7da1df3d33db3e42d80eda/out/vs/workbench/api/node/extensionHostProcess.js:80:1902)
	at r.fire (/home/spence8/.vscode-server/bin/903b1e9d8990623e3d7da1df3d33db3e42d80eda/out/vs/workbench/api/node/extensionHostProcess.js:80:2119)
	at r.z (/home/spence8/.vscode-server/bin/903b1e9d8990623e3d7da1df3d33db3e42d80eda/out/vs/workbench/api/node/extensionHostProcess.js:170:19768)
	at r.acceptFrame (/home/spence8/.vscode-server/bin/903b1e9d8990623e3d7da1df3d33db3e42d80eda/out/vs/workbench/api/node/extensionHostProcess.js:170:19574)
	at i.n (/home/spence8/.vscode-server/bin/903b1e9d8990623e3d7da1df3d33db3e42d80eda/out/vs/workbench/api/node/extensionHostProcess.js:170:18073)
	at /home/spence8/.vscode-server/bin/903b1e9d8990623e3d7da1df3d33db3e42d80eda/out/vs/workbench/api/node/extensionHostProcess.js:170:15293
	at Socket.y (/home/spence8/.vscode-server/bin/903b1e9d8990623e3d7da1df3d33db3e42d80eda/out/vs/workbench/api/node/extensionHostProcess.js:170:13198)
	at Socket.emit (node:events:514:28)
	at addChunk (node:internal/streams/readable:324:12)
	at readableAddChunk (node:internal/streams/readable:297:9)
	at Readable.push (node:internal/streams/readable:234:10)
	at TCP.onStreamRead (node:internal/stream_base_commons:190:23) setContext undefined
2024-03-10 20:37:26.138 [error] Canceled: Canceled
	at new f (/home/spence8/.vscode-server/bin/903b1e9d8990623e3d7da1df3d33db3e42d80eda/out/vs/workbench/api/node/extensionHostProcess.js:140:45069)
	at d.U (/home/spence8/.vscode-server/bin/903b1e9d8990623e3d7da1df3d33db3e42d80eda/out/vs/workbench/api/node/extensionHostProcess.js:147:5557)
	at T.<computed>.O.charCodeAt.T.<computed> (/home/spence8/.vscode-server/bin/903b1e9d8990623e3d7da1df3d33db3e42d80eda/out/vs/workbench/api/node/extensionHostProcess.js:147:3008)
	at s.g (/home/spence8/.vscode-server/bin/903b1e9d8990623e3d7da1df3d33db3e42d80eda/out/vs/workbench/api/node/extensionHostProcess.js:150:174704)
	at s.executeCommand (/home/spence8/.vscode-server/bin/903b1e9d8990623e3d7da1df3d33db3e42d80eda/out/vs/workbench/api/node/extensionHostProcess.js:150:174142)
	at m.registerCommand.description (/home/spence8/.vscode-server/bin/903b1e9d8990623e3d7da1df3d33db3e42d80eda/out/vs/workbench/api/node/extensionHostProcess.js:150:173466)
	at s.h (/home/spence8/.vscode-server/bin/903b1e9d8990623e3d7da1df3d33db3e42d80eda/out/vs/workbench/api/node/extensionHostProcess.js:150:175243)
	at s.g (/home/spence8/.vscode-server/bin/903b1e9d8990623e3d7da1df3d33db3e42d80eda/out/vs/workbench/api/node/extensionHostProcess.js:150:174235)
	at s.executeCommand (/home/spence8/.vscode-server/bin/903b1e9d8990623e3d7da1df3d33db3e42d80eda/out/vs/workbench/api/node/extensionHostProcess.js:150:174142)
	at Object.executeCommand (/home/spence8/.vscode-server/bin/903b1e9d8990623e3d7da1df3d33db3e42d80eda/out/vs/workbench/api/node/extensionHostProcess.js:160:21634)
	at set b [as b] (/home/spence8/.vscode-server/bin/903b1e9d8990623e3d7da1df3d33db3e42d80eda/extensions/github/dist/extension.js:2:322364)
	at /home/spence8/.vscode-server/bin/903b1e9d8990623e3d7da1df3d33db3e42d80eda/extensions/github/dist/extension.js:2:323005
	at g.value (/home/spence8/.vscode-server/bin/903b1e9d8990623e3d7da1df3d33db3e42d80eda/extensions/git/dist/main.js:2:1018251)
	at r.y (/home/spence8/.vscode-server/bin/903b1e9d8990623e3d7da1df3d33db3e42d80eda/out/vs/workbench/api/node/extensionHostProcess.js:80:1902)
	at r.z (/home/spence8/.vscode-server/bin/903b1e9d8990623e3d7da1df3d33db3e42d80eda/out/vs/workbench/api/node/extensionHostProcess.js:80:1972)
	at r.fire (/home/spence8/.vscode-server/bin/903b1e9d8990623e3d7da1df3d33db3e42d80eda/out/vs/workbench/api/node/extensionHostProcess.js:80:2188)
	at Object.m [as dispose] (/home/spence8/.vscode-server/bin/903b1e9d8990623e3d7da1df3d33db3e42d80eda/extensions/git/dist/main.js:2:943089)
	at /home/spence8/.vscode-server/bin/903b1e9d8990623e3d7da1df3d33db3e42d80eda/extensions/git/dist/main.js:2:947930
	at Array.forEach (<anonymous>)
	at p.dispose (/home/spence8/.vscode-server/bin/903b1e9d8990623e3d7da1df3d33db3e42d80eda/extensions/git/dist/main.js:2:947916)
	at c.<anonymous> (/home/spence8/.vscode-server/bin/903b1e9d8990623e3d7da1df3d33db3e42d80eda/out/vs/workbench/api/node/extensionHostProcess.js:148:3650)
	at c.dispose (/home/spence8/.vscode-server/bin/903b1e9d8990623e3d7da1df3d33db3e42d80eda/out/vs/workbench/api/node/extensionHostProcess.js:148:3747)
	at c.<anonymous> (/home/spence8/.vscode-server/bin/903b1e9d8990623e3d7da1df3d33db3e42d80eda/extensions/git/dist/main.js:2:929310)
	at c.dispose (/home/spence8/.vscode-server/bin/903b1e9d8990623e3d7da1df3d33db3e42d80eda/out/vs/workbench/api/node/extensionHostProcess.js:148:3747)
	at o (/home/spence8/.vscode-server/bin/903b1e9d8990623e3d7da1df3d33db3e42d80eda/out/vs/workbench/api/node/extensionHostProcess.js:30:754)
	at g.cb (/home/spence8/.vscode-server/bin/903b1e9d8990623e3d7da1df3d33db3e42d80eda/out/vs/workbench/api/node/extensionHostProcess.js:156:9874)
	at /home/spence8/.vscode-server/bin/903b1e9d8990623e3d7da1df3d33db3e42d80eda/out/vs/workbench/api/node/extensionHostProcess.js:156:7808
	at Array.map (<anonymous>)
	at g.Y (/home/spence8/.vscode-server/bin/903b1e9d8990623e3d7da1df3d33db3e42d80eda/out/vs/workbench/api/node/extensionHostProcess.js:156:7795)
	at g.terminate (/home/spence8/.vscode-server/bin/903b1e9d8990623e3d7da1df3d33db3e42d80eda/out/vs/workbench/api/node/extensionHostProcess.js:156:8068)
	at o.terminate (/home/spence8/.vscode-server/bin/903b1e9d8990623e3d7da1df3d33db3e42d80eda/out/vs/workbench/api/node/extensionHostProcess.js:160:1513)
	at t (/home/spence8/.vscode-server/bin/903b1e9d8990623e3d7da1df3d33db3e42d80eda/out/vs/workbench/api/node/extensionHostProcess.js:173:9950)
	at g.value (/home/spence8/.vscode-server/bin/903b1e9d8990623e3d7da1df3d33db3e42d80eda/out/vs/workbench/api/node/extensionHostProcess.js:173:7997)
	at r.y (/home/spence8/.vscode-server/bin/903b1e9d8990623e3d7da1df3d33db3e42d80eda/out/vs/workbench/api/node/extensionHostProcess.js:80:1902)
	at r.fire (/home/spence8/.vscode-server/bin/903b1e9d8990623e3d7da1df3d33db3e42d80eda/out/vs/workbench/api/node/extensionHostProcess.js:80:2119)
	at n.fire (/home/spence8/.vscode-server/bin/903b1e9d8990623e3d7da1df3d33db3e42d80eda/out/vs/workbench/api/node/extensionHostProcess.js:105:14073)
	at s.z (/home/spence8/.vscode-server/bin/903b1e9d8990623e3d7da1df3d33db3e42d80eda/out/vs/workbench/api/node/extensionHostProcess.js:105:17138)
	at g.value (/home/spence8/.vscode-server/bin/903b1e9d8990623e3d7da1df3d33db3e42d80eda/out/vs/workbench/api/node/extensionHostProcess.js:105:16543)
	at r.y (/home/spence8/.vscode-server/bin/903b1e9d8990623e3d7da1df3d33db3e42d80eda/out/vs/workbench/api/node/extensionHostProcess.js:80:1902)
	at r.fire (/home/spence8/.vscode-server/bin/903b1e9d8990623e3d7da1df3d33db3e42d80eda/out/vs/workbench/api/node/extensionHostProcess.js:80:2119)
	at g.acceptChunk (/home/spence8/.vscode-server/bin/903b1e9d8990623e3d7da1df3d33db3e42d80eda/out/vs/workbench/api/node/extensionHostProcess.js:105:11847)
	at g.value (/home/spence8/.vscode-server/bin/903b1e9d8990623e3d7da1df3d33db3e42d80eda/out/vs/workbench/api/node/extensionHostProcess.js:105:11134)
	at r.y (/home/spence8/.vscode-server/bin/903b1e9d8990623e3d7da1df3d33db3e42d80eda/out/vs/workbench/api/node/extensionHostProcess.js:80:1902)
	at r.fire (/home/spence8/.vscode-server/bin/903b1e9d8990623e3d7da1df3d33db3e42d80eda/out/vs/workbench/api/node/extensionHostProcess.js:80:2119)
	at r.z (/home/spence8/.vscode-server/bin/903b1e9d8990623e3d7da1df3d33db3e42d80eda/out/vs/workbench/api/node/extensionHostProcess.js:170:19768)
	at r.acceptFrame (/home/spence8/.vscode-server/bin/903b1e9d8990623e3d7da1df3d33db3e42d80eda/out/vs/workbench/api/node/extensionHostProcess.js:170:19574)
	at i.n (/home/spence8/.vscode-server/bin/903b1e9d8990623e3d7da1df3d33db3e42d80eda/out/vs/workbench/api/node/extensionHostProcess.js:170:18073)
	at /home/spence8/.vscode-server/bin/903b1e9d8990623e3d7da1df3d33db3e42d80eda/out/vs/workbench/api/node/extensionHostProcess.js:170:15293
	at Socket.y (/home/spence8/.vscode-server/bin/903b1e9d8990623e3d7da1df3d33db3e42d80eda/out/vs/workbench/api/node/extensionHostProcess.js:170:13198)
	at Socket.emit (node:events:514:28)
	at addChunk (node:internal/streams/readable:324:12)
	at readableAddChunk (node:internal/streams/readable:297:9)
	at Readable.push (node:internal/streams/readable:234:10)
	at TCP.onStreamRead (node:internal/stream_base_commons:190:23) setContext undefined
2024-03-10 20:37:26.144 [info] Extension host with pid 1947 exiting with code 0
