2024-01-10 08:37:39.299 [info] Log level: Info
2024-01-10 08:37:39.299 [info] Validating found git in: "git"
2024-01-10 08:37:39.299 [info] Using git "2.34.1" from "git"
2024-01-10 08:37:39.299 [info] > git rev-parse --show-toplevel [2ms]
2024-01-10 08:37:39.299 [info] > git rev-parse --git-dir --git-common-dir [16ms]
2024-01-10 08:37:39.299 [info] Open repository: /home/spence8/css-exercises
2024-01-10 08:37:39.300 [info] > git rev-parse --show-toplevel [6ms]
2024-01-10 08:37:39.301 [info] > git config --get commit.template [10ms]
2024-01-10 08:37:39.313 [info] > git rev-parse --show-toplevel [8ms]
2024-01-10 08:37:39.316 [info] > git rev-parse --show-toplevel [0ms]
2024-01-10 08:37:39.319 [info] > git for-each-ref --format=%(refname)%00%(upstream:short)%00%(objectname)%00%(upstream:track)%00%(upstream:remotename)%00%(upstream:remoteref) refs/heads/main refs/remotes/main [8ms]
2024-01-10 08:37:39.323 [warning] ENOENT: no such file or directory, open '/home/spence8/css-exercises/.git/refs/remotes/origin/main'
2024-01-10 08:37:39.324 [info] > git rev-parse refs/remotes/origin/main [0ms]
2024-01-10 08:37:39.337 [info] > git status -z -uall [10ms]
2024-01-10 08:37:39.348 [info] > git config --get commit.template [0ms]
2024-01-10 08:37:39.352 [info] > git for-each-ref --format=%(refname)%00%(upstream:short)%00%(objectname)%00%(upstream:track)%00%(upstream:remotename)%00%(upstream:remoteref) refs/heads/main refs/remotes/main [2ms]
2024-01-10 08:37:39.356 [warning] ENOENT: no such file or directory, open '/home/spence8/css-exercises/.git/refs/remotes/origin/main'
2024-01-10 08:37:39.357 [info] > git rev-parse refs/remotes/origin/main [1ms]
2024-01-10 08:37:39.363 [info] > git status -z -uall [2ms]
2024-01-10 08:37:39.625 [info] > git show --textconv :margin-and-padding/01-margin-and-padding-1/README.md [3ms]
2024-01-10 08:37:39.625 [info] > git ls-files --stage -- /home/spence8/css-exercises/margin-and-padding/01-margin-and-padding-1/README.md [0ms]
2024-01-10 08:37:39.628 [info] > git cat-file -s be69f293becad47b8afe070d3d0711e22ccbe569 [1ms]
2024-01-10 08:37:39.810 [info] > git check-ignore -v -z --stdin [1ms]
