2024-03-19 14:04:02.799 [info] Log level: Info
2024-03-19 14:04:02.799 [info] Validating found git in: "git"
2024-03-19 14:04:02.799 [info] Using git "2.34.1" from "git"
2024-03-19 14:04:02.799 [info] > git rev-parse --show-toplevel [3ms]
2024-03-19 14:04:02.799 [info] > git rev-parse --git-dir --git-common-dir [20ms]
2024-03-19 14:04:02.799 [info] Open repository: /home/spence8
2024-03-19 14:04:02.799 [info] > git rev-parse --show-toplevel [85ms]
2024-03-19 14:04:02.799 [info] > git config --get commit.template [90ms]
2024-03-19 14:04:02.826 [info] > git for-each-ref --format=%(refname)%00%(upstream:short)%00%(objectname)%00%(upstream:track)%00%(upstream:remotename)%00%(upstream:remoteref) refs/heads/home refs/remotes/home [23ms]
2024-03-19 14:04:02.938 [info] > git status -z -uall [95ms]
2024-03-19 14:04:02.953 [info] > git config --get commit.template [1ms]
2024-03-19 14:04:02.961 [info] > git for-each-ref --format=%(refname)%00%(upstream:short)%00%(objectname)%00%(upstream:track)%00%(upstream:remotename)%00%(upstream:remoteref) refs/heads/home refs/remotes/home [3ms]
2024-03-19 14:04:02.986 [info] > git status -z -uall [21ms]
2024-03-19 14:04:03.031 [info] > git fetch [327ms]
2024-03-19 14:04:03.035 [info] > git config --get commit.template [1ms]
2024-03-19 14:04:03.038 [info] > git for-each-ref --format=%(refname)%00%(upstream:short)%00%(objectname)%00%(upstream:track)%00%(upstream:remotename)%00%(upstream:remoteref) refs/heads/home refs/remotes/home [0ms]
2024-03-19 14:04:03.055 [info] > git status -z -uall [15ms]
2024-03-19 14:04:03.174 [info] > git show --textconv :number-guessing-game/index.html [3ms]
2024-03-19 14:04:03.175 [info] > git ls-files --stage -- /home/spence8/number-guessing-game/index.html [1ms]
2024-03-19 14:04:03.178 [info] > git cat-file -s 83785329bfd792bd196a01e3d6385e99b1bb1f0f [1ms]
2024-03-19 14:04:03.217 [info] > git check-ignore -v -z --stdin [1ms]
2024-03-19 14:04:04.292 [info] > git ls-files --stage -- /home/spence8/number-guessing-game/index.html [1ms]
2024-03-19 14:04:04.295 [info] > git cat-file -s 83785329bfd792bd196a01e3d6385e99b1bb1f0f [0ms]
2024-03-19 14:04:04.302 [info] > git show --textconv :number-guessing-game/index.html [2ms]
2024-03-19 14:04:05.272 [info] > git config --get commit.template [1ms]
2024-03-19 14:04:05.275 [info] > git for-each-ref --format=%(refname)%00%(upstream:short)%00%(objectname)%00%(upstream:track)%00%(upstream:remotename)%00%(upstream:remoteref) refs/heads/home refs/remotes/home [0ms]
2024-03-19 14:04:05.292 [info] > git status -z -uall [14ms]
2024-03-19 14:04:10.304 [info] > git config --get commit.template [3ms]
2024-03-19 14:04:10.305 [info] > git for-each-ref --format=%(refname)%00%(upstream:short)%00%(objectname)%00%(upstream:track)%00%(upstream:remotename)%00%(upstream:remoteref) refs/heads/home refs/remotes/home [1ms]
2024-03-19 14:04:10.321 [info] > git status -z -uall [14ms]
2024-03-19 14:04:15.328 [info] > git config --get commit.template [1ms]
2024-03-19 14:04:15.331 [info] > git for-each-ref --format=%(refname)%00%(upstream:short)%00%(objectname)%00%(upstream:track)%00%(upstream:remotename)%00%(upstream:remoteref) refs/heads/home refs/remotes/home [0ms]
2024-03-19 14:04:15.349 [info] > git status -z -uall [15ms]
2024-03-19 14:04:20.359 [info] > git config --get commit.template [3ms]
2024-03-19 14:04:20.359 [info] > git for-each-ref --format=%(refname)%00%(upstream:short)%00%(objectname)%00%(upstream:track)%00%(upstream:remotename)%00%(upstream:remoteref) refs/heads/home refs/remotes/home [1ms]
2024-03-19 14:04:20.375 [info] > git status -z -uall [14ms]
2024-03-19 14:04:25.398 [info] > git config --get commit.template [10ms]
2024-03-19 14:04:25.399 [info] > git for-each-ref --format=%(refname)%00%(upstream:short)%00%(objectname)%00%(upstream:track)%00%(upstream:remotename)%00%(upstream:remoteref) refs/heads/home refs/remotes/home [1ms]
2024-03-19 14:04:25.421 [info] > git status -z -uall [17ms]
2024-03-19 14:04:30.426 [info] > git config --get commit.template [1ms]
2024-03-19 14:04:30.429 [info] > git for-each-ref --format=%(refname)%00%(upstream:short)%00%(objectname)%00%(upstream:track)%00%(upstream:remotename)%00%(upstream:remoteref) refs/heads/home refs/remotes/home [1ms]
2024-03-19 14:04:30.447 [info] > git status -z -uall [15ms]
2024-03-19 14:04:35.457 [info] > git config --get commit.template [2ms]
2024-03-19 14:04:35.467 [info] > git for-each-ref --format=%(refname)%00%(upstream:short)%00%(objectname)%00%(upstream:track)%00%(upstream:remotename)%00%(upstream:remoteref) refs/heads/home refs/remotes/home [2ms]
2024-03-19 14:04:35.486 [info] > git status -z -uall [15ms]
2024-03-19 14:04:40.492 [info] > git config --get commit.template [1ms]
2024-03-19 14:04:40.496 [info] > git for-each-ref --format=%(refname)%00%(upstream:short)%00%(objectname)%00%(upstream:track)%00%(upstream:remotename)%00%(upstream:remoteref) refs/heads/home refs/remotes/home [1ms]
2024-03-19 14:04:40.514 [info] > git status -z -uall [15ms]
2024-03-19 14:04:45.522 [info] > git config --get commit.template [1ms]
2024-03-19 14:04:45.525 [info] > git for-each-ref --format=%(refname)%00%(upstream:short)%00%(objectname)%00%(upstream:track)%00%(upstream:remotename)%00%(upstream:remoteref) refs/heads/home refs/remotes/home [1ms]
2024-03-19 14:04:45.542 [info] > git status -z -uall [15ms]
2024-03-19 14:04:50.550 [info] > git config --get commit.template [0ms]
2024-03-19 14:04:50.552 [info] > git for-each-ref --format=%(refname)%00%(upstream:short)%00%(objectname)%00%(upstream:track)%00%(upstream:remotename)%00%(upstream:remoteref) refs/heads/home refs/remotes/home [1ms]
2024-03-19 14:04:50.571 [info] > git status -z -uall [14ms]
2024-03-19 14:04:55.580 [info] > git config --get commit.template [1ms]
2024-03-19 14:04:55.582 [info] > git for-each-ref --format=%(refname)%00%(upstream:short)%00%(objectname)%00%(upstream:track)%00%(upstream:remotename)%00%(upstream:remoteref) refs/heads/home refs/remotes/home [0ms]
2024-03-19 14:04:55.599 [info] > git status -z -uall [14ms]
2024-03-19 14:05:00.616 [info] > git config --get commit.template [4ms]
2024-03-19 14:05:00.616 [info] > git for-each-ref --format=%(refname)%00%(upstream:short)%00%(objectname)%00%(upstream:track)%00%(upstream:remotename)%00%(upstream:remoteref) refs/heads/home refs/remotes/home [1ms]
2024-03-19 14:05:00.633 [info] > git status -z -uall [13ms]
2024-03-19 14:05:05.646 [info] > git config --get commit.template [1ms]
2024-03-19 14:05:05.649 [info] > git for-each-ref --format=%(refname)%00%(upstream:short)%00%(objectname)%00%(upstream:track)%00%(upstream:remotename)%00%(upstream:remoteref) refs/heads/home refs/remotes/home [0ms]
2024-03-19 14:05:05.666 [info] > git status -z -uall [14ms]
2024-03-19 14:05:10.682 [info] > git config --get commit.template [4ms]
2024-03-19 14:05:10.683 [info] > git for-each-ref --format=%(refname)%00%(upstream:short)%00%(objectname)%00%(upstream:track)%00%(upstream:remotename)%00%(upstream:remoteref) refs/heads/home refs/remotes/home [1ms]
2024-03-19 14:05:10.700 [info] > git status -z -uall [14ms]
2024-03-19 14:05:15.715 [info] > git config --get commit.template [3ms]
2024-03-19 14:05:15.716 [info] > git for-each-ref --format=%(refname)%00%(upstream:short)%00%(objectname)%00%(upstream:track)%00%(upstream:remotename)%00%(upstream:remoteref) refs/heads/home refs/remotes/home [1ms]
2024-03-19 14:05:15.732 [info] > git status -z -uall [14ms]
2024-03-19 14:05:20.740 [info] > git config --get commit.template [3ms]
2024-03-19 14:05:20.740 [info] > git for-each-ref --format=%(refname)%00%(upstream:short)%00%(objectname)%00%(upstream:track)%00%(upstream:remotename)%00%(upstream:remoteref) refs/heads/home refs/remotes/home [1ms]
2024-03-19 14:05:20.757 [info] > git status -z -uall [15ms]
2024-03-19 14:05:25.773 [info] > git config --get commit.template [5ms]
2024-03-19 14:05:25.774 [info] > git for-each-ref --format=%(refname)%00%(upstream:short)%00%(objectname)%00%(upstream:track)%00%(upstream:remotename)%00%(upstream:remoteref) refs/heads/home refs/remotes/home [0ms]
2024-03-19 14:05:25.790 [info] > git status -z -uall [14ms]
2024-03-19 14:05:30.799 [info] > git config --get commit.template [1ms]
2024-03-19 14:05:30.802 [info] > git for-each-ref --format=%(refname)%00%(upstream:short)%00%(objectname)%00%(upstream:track)%00%(upstream:remotename)%00%(upstream:remoteref) refs/heads/home refs/remotes/home [1ms]
2024-03-19 14:05:30.818 [info] > git status -z -uall [14ms]
2024-03-19 14:05:35.824 [info] > git config --get commit.template [2ms]
2024-03-19 14:05:35.825 [info] > git for-each-ref --format=%(refname)%00%(upstream:short)%00%(objectname)%00%(upstream:track)%00%(upstream:remotename)%00%(upstream:remoteref) refs/heads/home refs/remotes/home [1ms]
2024-03-19 14:05:35.841 [info] > git status -z -uall [14ms]
2024-03-19 14:05:40.847 [info] > git config --get commit.template [0ms]
2024-03-19 14:05:40.850 [info] > git for-each-ref --format=%(refname)%00%(upstream:short)%00%(objectname)%00%(upstream:track)%00%(upstream:remotename)%00%(upstream:remoteref) refs/heads/home refs/remotes/home [1ms]
2024-03-19 14:05:40.866 [info] > git status -z -uall [14ms]
2024-03-19 14:05:45.880 [info] > git config --get commit.template [3ms]
2024-03-19 14:05:45.884 [info] > git for-each-ref --format=%(refname)%00%(upstream:short)%00%(objectname)%00%(upstream:track)%00%(upstream:remotename)%00%(upstream:remoteref) refs/heads/home refs/remotes/home [1ms]
2024-03-19 14:05:45.901 [info] > git status -z -uall [15ms]
2024-03-19 14:05:50.908 [info] > git config --get commit.template [0ms]
2024-03-19 14:05:50.910 [info] > git for-each-ref --format=%(refname)%00%(upstream:short)%00%(objectname)%00%(upstream:track)%00%(upstream:remotename)%00%(upstream:remoteref) refs/heads/home refs/remotes/home [0ms]
2024-03-19 14:05:50.927 [info] > git status -z -uall [14ms]
2024-03-19 14:05:55.942 [info] > git config --get commit.template [4ms]
2024-03-19 14:05:55.942 [info] > git for-each-ref --format=%(refname)%00%(upstream:short)%00%(objectname)%00%(upstream:track)%00%(upstream:remotename)%00%(upstream:remoteref) refs/heads/home refs/remotes/home [1ms]
2024-03-19 14:05:55.958 [info] > git status -z -uall [14ms]
2024-03-19 14:05:56.341 [info] > git merge-base refs/heads/home refs/remotes/number-guessing-game/home [1ms]
2024-03-19 14:05:56.345 [info] > git rev-list --count --left-right refs/heads/home...refs/remotes/number-guessing-game/home [1ms]
2024-03-19 14:05:57.023 [info] > git check-ignore -v -z --stdin [3ms]
2024-03-19 14:06:00.970 [info] > git config --get commit.template [1ms]
2024-03-19 14:06:00.974 [info] > git for-each-ref --format=%(refname)%00%(upstream:short)%00%(objectname)%00%(upstream:track)%00%(upstream:remotename)%00%(upstream:remoteref) refs/heads/home refs/remotes/home [0ms]
2024-03-19 14:06:00.993 [info] > git status -z -uall [16ms]
2024-03-19 14:06:03.247 [info] > git show --textconv HEAD:.vscode-server/data/User/workspaceStorage/780c4b8774eb61f5ce2a63d58620e677/vscode.lock [4ms]
2024-03-19 14:06:03.248 [info] > git ls-tree -l HEAD -- /home/spence8/.vscode-server/data/User/workspaceStorage/780c4b8774eb61f5ce2a63d58620e677/vscode.lock [1ms]
2024-03-19 14:06:03.755 [info] > git check-ignore -v -z --stdin [3ms]
2024-03-19 14:06:06.006 [info] > git config --get commit.template [4ms]
2024-03-19 14:06:06.006 [info] > git for-each-ref --format=%(refname)%00%(upstream:short)%00%(objectname)%00%(upstream:track)%00%(upstream:remotename)%00%(upstream:remoteref) refs/heads/home refs/remotes/home [0ms]
2024-03-19 14:06:06.024 [info] > git status -z -uall [15ms]
2024-03-19 14:06:08.822 [info] > git ls-tree -l HEAD -- /home/spence8/.vscode-server/data/User/workspaceStorage/780c4b8774eb61f5ce2a63d58620e677/vscode.lock [0ms]
2024-03-19 14:06:11.036 [info] > git config --get commit.template [4ms]
2024-03-19 14:06:11.036 [info] > git for-each-ref --format=%(refname)%00%(upstream:short)%00%(objectname)%00%(upstream:track)%00%(upstream:remotename)%00%(upstream:remoteref) refs/heads/home refs/remotes/home [1ms]
2024-03-19 14:06:11.053 [info] > git status -z -uall [15ms]
2024-03-19 14:06:16.063 [info] > git config --get commit.template [3ms]
2024-03-19 14:06:16.064 [info] > git for-each-ref --format=%(refname)%00%(upstream:short)%00%(objectname)%00%(upstream:track)%00%(upstream:remotename)%00%(upstream:remoteref) refs/heads/home refs/remotes/home [1ms]
2024-03-19 14:06:16.081 [info] > git status -z -uall [14ms]
2024-03-19 14:06:21.305 [info] > git config --get commit.template [3ms]
2024-03-19 14:06:21.305 [info] > git for-each-ref --format=%(refname)%00%(upstream:short)%00%(objectname)%00%(upstream:track)%00%(upstream:remotename)%00%(upstream:remoteref) refs/heads/home refs/remotes/home [0ms]
2024-03-19 14:06:21.323 [info] > git status -z -uall [15ms]
2024-03-19 14:11:26.473 [info] > git ls-tree -l HEAD -- /home/spence8/.vscode-server/data/User/workspaceStorage/780c4b8774eb61f5ce2a63d58620e677/vscode.lock [7ms]
2024-03-19 14:11:26.474 [info] > git config --get commit.template [2ms]
2024-03-19 14:11:26.478 [info] > git for-each-ref --format=%(refname)%00%(upstream:short)%00%(objectname)%00%(upstream:track)%00%(upstream:remotename)%00%(upstream:remoteref) refs/heads/home refs/remotes/home [0ms]
2024-03-19 14:11:26.499 [info] > git status -z -uall [17ms]
2024-03-19 14:11:26.791 [info] > git fetch [322ms]
2024-03-19 14:11:26.800 [info] > git config --get commit.template [4ms]
2024-03-19 14:11:26.800 [info] > git for-each-ref --format=%(refname)%00%(upstream:short)%00%(objectname)%00%(upstream:track)%00%(upstream:remotename)%00%(upstream:remoteref) refs/heads/home refs/remotes/home [0ms]
2024-03-19 14:11:26.818 [info] > git status -z -uall [15ms]
2024-03-19 14:11:28.104 [info] > git ls-tree -l HEAD -- /home/spence8/.vscode-server/data/User/workspaceStorage/780c4b8774eb61f5ce2a63d58620e677/vscode.lock [1ms]
2024-03-19 14:11:28.167 [info] > git show --textconv HEAD:.vscode-server/data/User/workspaceStorage/780c4b8774eb61f5ce2a63d58620e677/vscode.lock [2ms]
2024-03-19 14:11:31.505 [info] > git config --get commit.template [0ms]
2024-03-19 14:11:31.508 [info] > git for-each-ref --format=%(refname)%00%(upstream:short)%00%(objectname)%00%(upstream:track)%00%(upstream:remotename)%00%(upstream:remoteref) refs/heads/home refs/remotes/home [0ms]
2024-03-19 14:11:31.526 [info] > git status -z -uall [15ms]
2024-03-19 14:11:36.535 [info] > git config --get commit.template [1ms]
2024-03-19 14:11:36.539 [info] > git for-each-ref --format=%(refname)%00%(upstream:short)%00%(objectname)%00%(upstream:track)%00%(upstream:remotename)%00%(upstream:remoteref) refs/heads/home refs/remotes/home [0ms]
2024-03-19 14:11:36.558 [info] > git status -z -uall [15ms]
2024-03-19 14:12:06.672 [info] > git ls-tree -l HEAD -- /home/spence8/.vscode-server/data/User/workspaceStorage/780c4b8774eb61f5ce2a63d58620e677/vscode.lock [4ms]
2024-03-19 14:12:06.673 [info] > git config --get commit.template [1ms]
2024-03-19 14:12:06.676 [info] > git for-each-ref --format=%(refname)%00%(upstream:short)%00%(objectname)%00%(upstream:track)%00%(upstream:remotename)%00%(upstream:remoteref) refs/heads/home refs/remotes/home [0ms]
2024-03-19 14:12:06.693 [info] > git status -z -uall [15ms]
2024-03-19 14:14:15.479 [info] > git ls-tree -l HEAD -- /home/spence8/.vscode-server/data/User/workspaceStorage/780c4b8774eb61f5ce2a63d58620e677/vscode.lock [5ms]
2024-03-19 14:14:15.479 [info] > git config --get commit.template [1ms]
2024-03-19 14:14:15.483 [info] > git for-each-ref --format=%(refname)%00%(upstream:short)%00%(objectname)%00%(upstream:track)%00%(upstream:remotename)%00%(upstream:remoteref) refs/heads/home refs/remotes/home [0ms]
2024-03-19 14:14:15.502 [info] > git status -z -uall [15ms]
2024-03-19 14:14:20.510 [info] > git config --get commit.template [2ms]
2024-03-19 14:14:20.511 [info] > git for-each-ref --format=%(refname)%00%(upstream:short)%00%(objectname)%00%(upstream:track)%00%(upstream:remotename)%00%(upstream:remoteref) refs/heads/home refs/remotes/home [1ms]
2024-03-19 14:14:20.529 [info] > git status -z -uall [15ms]
