2023-12-13 09:43:33.066 [info] Extension host with pid 5674 started
2023-12-13 09:43:33.072 [info] Lock '/home/spence8/.vscode-server/data/User/workspaceStorage/74858cb3111772751a9e9919b190d515/vscode.lock': Lock acquired.
2023-12-13 09:43:33.150 [info] ExtensionService#_doActivateExtension vscode.html-language-features, startup: false, activationEvent: 'onLanguage:html'
2023-12-13 09:43:33.150 [info] ExtensionService#_doActivateExtension vscode.emmet, startup: false, activationEvent: 'onLanguage'
2023-12-13 09:43:33.433 [info] ExtensionService#_doActivateExtension vscode.git-base, startup: true, activationEvent: '*', root cause: vscode.git
2023-12-13 09:43:33.439 [info] ExtensionService#_doActivateExtension vscode.git, startup: true, activationEvent: '*'
2023-12-13 09:43:33.439 [info] ExtensionService#_doActivateExtension vscode.github, startup: true, activationEvent: '*'
2023-12-13 09:43:33.519 [info] Eager extensions activated
2023-12-13 09:43:33.519 [info] ExtensionService#_doActivateExtension vscode.debug-auto-launch, startup: false, activationEvent: 'onStartupFinished'
2023-12-13 09:43:33.520 [info] ExtensionService#_doActivateExtension vscode.merge-conflict, startup: false, activationEvent: 'onStartupFinished'
2023-12-13 09:43:33.520 [info] ExtensionService#_doActivateExtension ritwickdey.LiveServer, startup: false, activationEvent: 'onStartupFinished'
2023-12-13 09:43:35.384 [info] ExtensionService#_doActivateExtension vscode.tunnel-forwarding, startup: false, activationEvent: 'onTunnel'
2023-12-13 12:18:29.769 [info] ExtensionService#_doActivateExtension vscode.css-language-features, startup: false, activationEvent: 'onLanguage:css'
2023-12-13 13:13:42.194 [info] Extension host terminating: received terminate message from renderer
2023-12-13 13:13:42.194 [info] Lock '/home/spence8/.vscode-server/data/User/workspaceStorage/74858cb3111772751a9e9919b190d515/vscode.lock': Marking the lockfile as scheduled to be released in 6000 ms.
2023-12-13 13:13:42.209 [error] Canceled: Canceled
	at new g (/home/spence8/.vscode-server/bin/af28b32d7e553898b2a91af498b1fb666fdebe0c/out/vs/workbench/api/node/extensionHostProcess.js:141:110274)
	at u.U (/home/spence8/.vscode-server/bin/af28b32d7e553898b2a91af498b1fb666fdebe0c/out/vs/workbench/api/node/extensionHostProcess.js:150:10866)
	at P.<computed>.j.charCodeAt.P.<computed> (/home/spence8/.vscode-server/bin/af28b32d7e553898b2a91af498b1fb666fdebe0c/out/vs/workbench/api/node/extensionHostProcess.js:150:8317)
	at d.g (/home/spence8/.vscode-server/bin/af28b32d7e553898b2a91af498b1fb666fdebe0c/out/vs/workbench/api/node/extensionHostProcess.js:141:139555)
	at d.executeCommand (/home/spence8/.vscode-server/bin/af28b32d7e553898b2a91af498b1fb666fdebe0c/out/vs/workbench/api/node/extensionHostProcess.js:141:138993)
	at b.registerCommand.description (/home/spence8/.vscode-server/bin/af28b32d7e553898b2a91af498b1fb666fdebe0c/out/vs/workbench/api/node/extensionHostProcess.js:141:138317)
	at d.h (/home/spence8/.vscode-server/bin/af28b32d7e553898b2a91af498b1fb666fdebe0c/out/vs/workbench/api/node/extensionHostProcess.js:141:140094)
	at d.g (/home/spence8/.vscode-server/bin/af28b32d7e553898b2a91af498b1fb666fdebe0c/out/vs/workbench/api/node/extensionHostProcess.js:141:139086)
	at d.executeCommand (/home/spence8/.vscode-server/bin/af28b32d7e553898b2a91af498b1fb666fdebe0c/out/vs/workbench/api/node/extensionHostProcess.js:141:138993)
	at Object.executeCommand (/home/spence8/.vscode-server/bin/af28b32d7e553898b2a91af498b1fb666fdebe0c/out/vs/workbench/api/node/extensionHostProcess.js:158:21333)
	at f.I [as value] (/home/spence8/.vscode-server/bin/af28b32d7e553898b2a91af498b1fb666fdebe0c/extensions/git/dist/main.js:2:924696)
	at n.y (/home/spence8/.vscode-server/bin/af28b32d7e553898b2a91af498b1fb666fdebe0c/out/vs/workbench/api/node/extensionHostProcess.js:80:1902)
	at n.z (/home/spence8/.vscode-server/bin/af28b32d7e553898b2a91af498b1fb666fdebe0c/out/vs/workbench/api/node/extensionHostProcess.js:80:1972)
	at n.fire (/home/spence8/.vscode-server/bin/af28b32d7e553898b2a91af498b1fb666fdebe0c/out/vs/workbench/api/node/extensionHostProcess.js:80:2188)
	at Object.m [as dispose] (/home/spence8/.vscode-server/bin/af28b32d7e553898b2a91af498b1fb666fdebe0c/extensions/git/dist/main.js:2:940613)
	at /home/spence8/.vscode-server/bin/af28b32d7e553898b2a91af498b1fb666fdebe0c/extensions/git/dist/main.js:2:945566
	at Array.forEach (<anonymous>)
	at p.dispose (/home/spence8/.vscode-server/bin/af28b32d7e553898b2a91af498b1fb666fdebe0c/extensions/git/dist/main.js:2:945552)
	at l.<anonymous> (/home/spence8/.vscode-server/bin/af28b32d7e553898b2a91af498b1fb666fdebe0c/out/vs/workbench/api/node/extensionHostProcess.js:137:3620)
	at l.dispose (/home/spence8/.vscode-server/bin/af28b32d7e553898b2a91af498b1fb666fdebe0c/out/vs/workbench/api/node/extensionHostProcess.js:137:3717)
	at l.<anonymous> (/home/spence8/.vscode-server/bin/af28b32d7e553898b2a91af498b1fb666fdebe0c/extensions/git/dist/main.js:2:926708)
	at l.dispose (/home/spence8/.vscode-server/bin/af28b32d7e553898b2a91af498b1fb666fdebe0c/out/vs/workbench/api/node/extensionHostProcess.js:137:3717)
	at s (/home/spence8/.vscode-server/bin/af28b32d7e553898b2a91af498b1fb666fdebe0c/out/vs/workbench/api/node/extensionHostProcess.js:30:754)
	at f.cb (/home/spence8/.vscode-server/bin/af28b32d7e553898b2a91af498b1fb666fdebe0c/out/vs/workbench/api/node/extensionHostProcess.js:154:9873)
	at /home/spence8/.vscode-server/bin/af28b32d7e553898b2a91af498b1fb666fdebe0c/out/vs/workbench/api/node/extensionHostProcess.js:154:7808
	at Array.map (<anonymous>)
	at f.Y (/home/spence8/.vscode-server/bin/af28b32d7e553898b2a91af498b1fb666fdebe0c/out/vs/workbench/api/node/extensionHostProcess.js:154:7795)
	at f.terminate (/home/spence8/.vscode-server/bin/af28b32d7e553898b2a91af498b1fb666fdebe0c/out/vs/workbench/api/node/extensionHostProcess.js:154:8068)
	at s.terminate (/home/spence8/.vscode-server/bin/af28b32d7e553898b2a91af498b1fb666fdebe0c/out/vs/workbench/api/node/extensionHostProcess.js:158:1513)
	at a (/home/spence8/.vscode-server/bin/af28b32d7e553898b2a91af498b1fb666fdebe0c/out/vs/workbench/api/node/extensionHostProcess.js:171:9802)
	at f.value (/home/spence8/.vscode-server/bin/af28b32d7e553898b2a91af498b1fb666fdebe0c/out/vs/workbench/api/node/extensionHostProcess.js:171:7849)
	at n.y (/home/spence8/.vscode-server/bin/af28b32d7e553898b2a91af498b1fb666fdebe0c/out/vs/workbench/api/node/extensionHostProcess.js:80:1902)
	at n.fire (/home/spence8/.vscode-server/bin/af28b32d7e553898b2a91af498b1fb666fdebe0c/out/vs/workbench/api/node/extensionHostProcess.js:80:2119)
	at o.fire (/home/spence8/.vscode-server/bin/af28b32d7e553898b2a91af498b1fb666fdebe0c/out/vs/workbench/api/node/extensionHostProcess.js:103:14039)
	at d.z (/home/spence8/.vscode-server/bin/af28b32d7e553898b2a91af498b1fb666fdebe0c/out/vs/workbench/api/node/extensionHostProcess.js:103:17104)
	at f.value (/home/spence8/.vscode-server/bin/af28b32d7e553898b2a91af498b1fb666fdebe0c/out/vs/workbench/api/node/extensionHostProcess.js:103:15556)
	at n.y (/home/spence8/.vscode-server/bin/af28b32d7e553898b2a91af498b1fb666fdebe0c/out/vs/workbench/api/node/extensionHostProcess.js:80:1902)
	at n.fire (/home/spence8/.vscode-server/bin/af28b32d7e553898b2a91af498b1fb666fdebe0c/out/vs/workbench/api/node/extensionHostProcess.js:80:2119)
	at f.acceptChunk (/home/spence8/.vscode-server/bin/af28b32d7e553898b2a91af498b1fb666fdebe0c/out/vs/workbench/api/node/extensionHostProcess.js:103:11813)
	at f.value (/home/spence8/.vscode-server/bin/af28b32d7e553898b2a91af498b1fb666fdebe0c/out/vs/workbench/api/node/extensionHostProcess.js:103:11100)
	at n.y (/home/spence8/.vscode-server/bin/af28b32d7e553898b2a91af498b1fb666fdebe0c/out/vs/workbench/api/node/extensionHostProcess.js:80:1902)
	at n.fire (/home/spence8/.vscode-server/bin/af28b32d7e553898b2a91af498b1fb666fdebe0c/out/vs/workbench/api/node/extensionHostProcess.js:80:2119)
	at n.z (/home/spence8/.vscode-server/bin/af28b32d7e553898b2a91af498b1fb666fdebe0c/out/vs/workbench/api/node/extensionHostProcess.js:168:19527)
	at n.acceptFrame (/home/spence8/.vscode-server/bin/af28b32d7e553898b2a91af498b1fb666fdebe0c/out/vs/workbench/api/node/extensionHostProcess.js:168:19333)
	at i.n (/home/spence8/.vscode-server/bin/af28b32d7e553898b2a91af498b1fb666fdebe0c/out/vs/workbench/api/node/extensionHostProcess.js:168:17832)
	at /home/spence8/.vscode-server/bin/af28b32d7e553898b2a91af498b1fb666fdebe0c/out/vs/workbench/api/node/extensionHostProcess.js:168:15052
	at Socket.E (/home/spence8/.vscode-server/bin/af28b32d7e553898b2a91af498b1fb666fdebe0c/out/vs/workbench/api/node/extensionHostProcess.js:168:12957)
	at Socket.emit (node:events:513:28)
	at addChunk (node:internal/streams/readable:324:12)
	at readableAddChunk (node:internal/streams/readable:297:9)
	at Readable.push (node:internal/streams/readable:234:10)
	at TCP.onStreamRead (node:internal/stream_base_commons:190:23) setContext undefined
2023-12-13 13:13:42.210 [error] Canceled: Canceled
	at new g (/home/spence8/.vscode-server/bin/af28b32d7e553898b2a91af498b1fb666fdebe0c/out/vs/workbench/api/node/extensionHostProcess.js:141:110274)
	at u.U (/home/spence8/.vscode-server/bin/af28b32d7e553898b2a91af498b1fb666fdebe0c/out/vs/workbench/api/node/extensionHostProcess.js:150:10866)
	at P.<computed>.j.charCodeAt.P.<computed> (/home/spence8/.vscode-server/bin/af28b32d7e553898b2a91af498b1fb666fdebe0c/out/vs/workbench/api/node/extensionHostProcess.js:150:8317)
	at d.g (/home/spence8/.vscode-server/bin/af28b32d7e553898b2a91af498b1fb666fdebe0c/out/vs/workbench/api/node/extensionHostProcess.js:141:139555)
	at d.executeCommand (/home/spence8/.vscode-server/bin/af28b32d7e553898b2a91af498b1fb666fdebe0c/out/vs/workbench/api/node/extensionHostProcess.js:141:138993)
	at b.registerCommand.description (/home/spence8/.vscode-server/bin/af28b32d7e553898b2a91af498b1fb666fdebe0c/out/vs/workbench/api/node/extensionHostProcess.js:141:138317)
	at d.h (/home/spence8/.vscode-server/bin/af28b32d7e553898b2a91af498b1fb666fdebe0c/out/vs/workbench/api/node/extensionHostProcess.js:141:140094)
	at d.g (/home/spence8/.vscode-server/bin/af28b32d7e553898b2a91af498b1fb666fdebe0c/out/vs/workbench/api/node/extensionHostProcess.js:141:139086)
	at d.executeCommand (/home/spence8/.vscode-server/bin/af28b32d7e553898b2a91af498b1fb666fdebe0c/out/vs/workbench/api/node/extensionHostProcess.js:141:138993)
	at Object.executeCommand (/home/spence8/.vscode-server/bin/af28b32d7e553898b2a91af498b1fb666fdebe0c/out/vs/workbench/api/node/extensionHostProcess.js:158:21333)
	at set b [as b] (/home/spence8/.vscode-server/bin/af28b32d7e553898b2a91af498b1fb666fdebe0c/extensions/github/dist/extension.js:2:322364)
	at /home/spence8/.vscode-server/bin/af28b32d7e553898b2a91af498b1fb666fdebe0c/extensions/github/dist/extension.js:2:323005
	at f.value (/home/spence8/.vscode-server/bin/af28b32d7e553898b2a91af498b1fb666fdebe0c/extensions/git/dist/main.js:2:1016450)
	at n.y (/home/spence8/.vscode-server/bin/af28b32d7e553898b2a91af498b1fb666fdebe0c/out/vs/workbench/api/node/extensionHostProcess.js:80:1902)
	at n.z (/home/spence8/.vscode-server/bin/af28b32d7e553898b2a91af498b1fb666fdebe0c/out/vs/workbench/api/node/extensionHostProcess.js:80:1972)
	at n.fire (/home/spence8/.vscode-server/bin/af28b32d7e553898b2a91af498b1fb666fdebe0c/out/vs/workbench/api/node/extensionHostProcess.js:80:2188)
	at Object.m [as dispose] (/home/spence8/.vscode-server/bin/af28b32d7e553898b2a91af498b1fb666fdebe0c/extensions/git/dist/main.js:2:940613)
	at /home/spence8/.vscode-server/bin/af28b32d7e553898b2a91af498b1fb666fdebe0c/extensions/git/dist/main.js:2:945566
	at Array.forEach (<anonymous>)
	at p.dispose (/home/spence8/.vscode-server/bin/af28b32d7e553898b2a91af498b1fb666fdebe0c/extensions/git/dist/main.js:2:945552)
	at l.<anonymous> (/home/spence8/.vscode-server/bin/af28b32d7e553898b2a91af498b1fb666fdebe0c/out/vs/workbench/api/node/extensionHostProcess.js:137:3620)
	at l.dispose (/home/spence8/.vscode-server/bin/af28b32d7e553898b2a91af498b1fb666fdebe0c/out/vs/workbench/api/node/extensionHostProcess.js:137:3717)
	at l.<anonymous> (/home/spence8/.vscode-server/bin/af28b32d7e553898b2a91af498b1fb666fdebe0c/extensions/git/dist/main.js:2:926708)
	at l.dispose (/home/spence8/.vscode-server/bin/af28b32d7e553898b2a91af498b1fb666fdebe0c/out/vs/workbench/api/node/extensionHostProcess.js:137:3717)
	at s (/home/spence8/.vscode-server/bin/af28b32d7e553898b2a91af498b1fb666fdebe0c/out/vs/workbench/api/node/extensionHostProcess.js:30:754)
	at f.cb (/home/spence8/.vscode-server/bin/af28b32d7e553898b2a91af498b1fb666fdebe0c/out/vs/workbench/api/node/extensionHostProcess.js:154:9873)
	at /home/spence8/.vscode-server/bin/af28b32d7e553898b2a91af498b1fb666fdebe0c/out/vs/workbench/api/node/extensionHostProcess.js:154:7808
	at Array.map (<anonymous>)
	at f.Y (/home/spence8/.vscode-server/bin/af28b32d7e553898b2a91af498b1fb666fdebe0c/out/vs/workbench/api/node/extensionHostProcess.js:154:7795)
	at f.terminate (/home/spence8/.vscode-server/bin/af28b32d7e553898b2a91af498b1fb666fdebe0c/out/vs/workbench/api/node/extensionHostProcess.js:154:8068)
	at s.terminate (/home/spence8/.vscode-server/bin/af28b32d7e553898b2a91af498b1fb666fdebe0c/out/vs/workbench/api/node/extensionHostProcess.js:158:1513)
	at a (/home/spence8/.vscode-server/bin/af28b32d7e553898b2a91af498b1fb666fdebe0c/out/vs/workbench/api/node/extensionHostProcess.js:171:9802)
	at f.value (/home/spence8/.vscode-server/bin/af28b32d7e553898b2a91af498b1fb666fdebe0c/out/vs/workbench/api/node/extensionHostProcess.js:171:7849)
	at n.y (/home/spence8/.vscode-server/bin/af28b32d7e553898b2a91af498b1fb666fdebe0c/out/vs/workbench/api/node/extensionHostProcess.js:80:1902)
	at n.fire (/home/spence8/.vscode-server/bin/af28b32d7e553898b2a91af498b1fb666fdebe0c/out/vs/workbench/api/node/extensionHostProcess.js:80:2119)
	at o.fire (/home/spence8/.vscode-server/bin/af28b32d7e553898b2a91af498b1fb666fdebe0c/out/vs/workbench/api/node/extensionHostProcess.js:103:14039)
	at d.z (/home/spence8/.vscode-server/bin/af28b32d7e553898b2a91af498b1fb666fdebe0c/out/vs/workbench/api/node/extensionHostProcess.js:103:17104)
	at f.value (/home/spence8/.vscode-server/bin/af28b32d7e553898b2a91af498b1fb666fdebe0c/out/vs/workbench/api/node/extensionHostProcess.js:103:15556)
	at n.y (/home/spence8/.vscode-server/bin/af28b32d7e553898b2a91af498b1fb666fdebe0c/out/vs/workbench/api/node/extensionHostProcess.js:80:1902)
	at n.fire (/home/spence8/.vscode-server/bin/af28b32d7e553898b2a91af498b1fb666fdebe0c/out/vs/workbench/api/node/extensionHostProcess.js:80:2119)
	at f.acceptChunk (/home/spence8/.vscode-server/bin/af28b32d7e553898b2a91af498b1fb666fdebe0c/out/vs/workbench/api/node/extensionHostProcess.js:103:11813)
	at f.value (/home/spence8/.vscode-server/bin/af28b32d7e553898b2a91af498b1fb666fdebe0c/out/vs/workbench/api/node/extensionHostProcess.js:103:11100)
	at n.y (/home/spence8/.vscode-server/bin/af28b32d7e553898b2a91af498b1fb666fdebe0c/out/vs/workbench/api/node/extensionHostProcess.js:80:1902)
	at n.fire (/home/spence8/.vscode-server/bin/af28b32d7e553898b2a91af498b1fb666fdebe0c/out/vs/workbench/api/node/extensionHostProcess.js:80:2119)
	at n.z (/home/spence8/.vscode-server/bin/af28b32d7e553898b2a91af498b1fb666fdebe0c/out/vs/workbench/api/node/extensionHostProcess.js:168:19527)
	at n.acceptFrame (/home/spence8/.vscode-server/bin/af28b32d7e553898b2a91af498b1fb666fdebe0c/out/vs/workbench/api/node/extensionHostProcess.js:168:19333)
	at i.n (/home/spence8/.vscode-server/bin/af28b32d7e553898b2a91af498b1fb666fdebe0c/out/vs/workbench/api/node/extensionHostProcess.js:168:17832)
	at /home/spence8/.vscode-server/bin/af28b32d7e553898b2a91af498b1fb666fdebe0c/out/vs/workbench/api/node/extensionHostProcess.js:168:15052
	at Socket.E (/home/spence8/.vscode-server/bin/af28b32d7e553898b2a91af498b1fb666fdebe0c/out/vs/workbench/api/node/extensionHostProcess.js:168:12957)
	at Socket.emit (node:events:513:28)
	at addChunk (node:internal/streams/readable:324:12)
	at readableAddChunk (node:internal/streams/readable:297:9)
	at Readable.push (node:internal/streams/readable:234:10)
	at TCP.onStreamRead (node:internal/stream_base_commons:190:23) setContext undefined
2023-12-13 13:13:42.211 [info] Extension host with pid 5674 exiting with code 0
