2024-01-11 23:40:52.173 [info] Log level: Info
2024-01-11 23:40:52.173 [info] Validating found git in: "git"
2024-01-11 23:40:52.173 [info] Using git "2.34.1" from "git"
2024-01-11 23:40:52.173 [info] > git rev-parse --show-toplevel [19ms]
2024-01-11 23:40:52.173 [info] > git rev-parse --git-dir --git-common-dir [1ms]
2024-01-11 23:40:52.173 [info] Open repository: /home/spence8/member-spencer-odin-recipes
2024-01-11 23:40:52.180 [info] > git rev-parse --show-toplevel [2ms]
2024-01-11 23:40:52.181 [info] > git config --get commit.template [5ms]
2024-01-11 23:40:52.186 [info] > git rev-parse --show-toplevel [3ms]
2024-01-11 23:40:52.190 [info] > git for-each-ref --format=%(refname)%00%(upstream:short)%00%(objectname)%00%(upstream:track)%00%(upstream:remotename)%00%(upstream:remoteref) refs/heads/main refs/remotes/main [4ms]
2024-01-11 23:40:52.197 [info] > git status -z -uall [3ms]
2024-01-11 23:40:52.206 [info] > git config --get commit.template [1ms]
2024-01-11 23:40:52.210 [info] > git for-each-ref --format=%(refname)%00%(upstream:short)%00%(objectname)%00%(upstream:track)%00%(upstream:remotename)%00%(upstream:remoteref) refs/heads/main refs/remotes/main [1ms]
2024-01-11 23:40:52.215 [info] > git status -z -uall [1ms]
2024-01-11 23:40:52.753 [info] > git check-ignore -v -z --stdin [29ms]
2024-01-11 23:40:55.025 [info] > git show --textconv :index.html [3ms]
2024-01-11 23:40:55.025 [info] > git ls-files --stage -- /home/spence8/member-spencer-odin-recipes/index.html [1ms]
2024-01-11 23:40:55.028 [info] > git cat-file -s d55f0ba68075898f974ccceb2ce1812d34821777 [0ms]
2024-01-11 23:41:16.523 [info] > git show --textconv :recipes/hamburgers.html [3ms]
2024-01-11 23:41:16.523 [info] > git ls-files --stage -- /home/spence8/member-spencer-odin-recipes/recipes/hamburgers.html [1ms]
2024-01-11 23:41:16.525 [info] > git cat-file -s 2c8d716201c2acd8ca0dd16db1e136db27d898c0 [0ms]
2024-01-11 23:41:17.169 [info] > git show --textconv :index.html [3ms]
2024-01-11 23:41:17.170 [info] > git ls-files --stage -- /home/spence8/member-spencer-odin-recipes/index.html [1ms]
2024-01-11 23:41:17.173 [info] > git cat-file -s d55f0ba68075898f974ccceb2ce1812d34821777 [1ms]
2024-01-11 23:41:26.730 [info] > git show --textconv :recipes/hamburgers.html [3ms]
2024-01-11 23:41:26.731 [info] > git ls-files --stage -- /home/spence8/member-spencer-odin-recipes/recipes/hamburgers.html [2ms]
2024-01-11 23:41:26.734 [info] > git cat-file -s 2c8d716201c2acd8ca0dd16db1e136db27d898c0 [1ms]
2024-01-11 23:41:35.259 [info] > git show --textconv :style.css [4ms]
2024-01-11 23:41:35.262 [info] > git ls-files --stage -- /home/spence8/member-spencer-odin-recipes/style.css [4ms]
2024-01-11 23:41:35.265 [info] > git cat-file -s 327bf2f5e9b9bd4b20bf4f1fe5cb72f5f1ac5acd [1ms]
2024-01-11 23:41:36.491 [info] > git show --textconv :recipes/burger.css [3ms]
2024-01-11 23:41:36.491 [info] > git ls-files --stage -- /home/spence8/member-spencer-odin-recipes/recipes/burger.css [1ms]
2024-01-11 23:41:36.494 [info] > git cat-file -s 053c66c7617c58e50f1407a370f2a358e7dbda3f [1ms]
2024-01-11 23:42:48.110 [info] > git show --textconv :style.css [2ms]
2024-01-11 23:42:48.111 [info] > git ls-files --stage -- /home/spence8/member-spencer-odin-recipes/style.css [1ms]
2024-01-11 23:42:48.113 [info] > git cat-file -s 327bf2f5e9b9bd4b20bf4f1fe5cb72f5f1ac5acd [0ms]
2024-01-11 23:42:48.774 [info] > git show --textconv :readme.md [4ms]
2024-01-11 23:42:48.774 [info] > git ls-files --stage -- /home/spence8/member-spencer-odin-recipes/readme.md [1ms]
2024-01-11 23:42:48.778 [info] > git cat-file -s e681410bc0e2e1066e55aef6576e2508d4eb8767 [1ms]
2024-01-12 14:58:33.130 [info] > git fetch [1025ms]
2024-01-12 14:58:33.141 [info] > git config --get commit.template [6ms]
2024-01-12 14:58:33.142 [info] > git for-each-ref --format=%(refname)%00%(upstream:short)%00%(objectname)%00%(upstream:track)%00%(upstream:remotename)%00%(upstream:remoteref) refs/heads/main refs/remotes/main [2ms]
2024-01-12 14:58:33.148 [info] > git status -z -uall [2ms]
2024-01-12 14:58:34.256 [info] > git ls-files --stage -- /home/spence8/member-spencer-odin-recipes/readme.md [0ms]
2024-01-12 14:58:34.260 [info] > git cat-file -s e681410bc0e2e1066e55aef6576e2508d4eb8767 [1ms]
2024-01-12 14:58:34.269 [info] > git show --textconv :readme.md [1ms]
