2023-12-13 09:43:33.567 [info] Log level: Info
2023-12-13 09:43:33.567 [info] Validating found git in: "git"
2023-12-13 09:43:33.567 [info] Using git "2.34.1" from "git"
2023-12-13 09:43:33.567 [info] > git rev-parse --show-toplevel [2ms]
2023-12-13 09:43:33.567 [info] > git rev-parse --git-dir --git-common-dir [2ms]
2023-12-13 09:43:33.567 [info] Open repository: /home/spence8/member-spencer-odin-recipes
2023-12-13 09:43:33.568 [info] > git rev-parse --show-toplevel [1ms]
2023-12-13 09:43:33.568 [info] > git config --get commit.template [3ms]
2023-12-13 09:43:33.573 [info] > git rev-parse --show-toplevel [3ms]
2023-12-13 09:43:33.573 [info] > git for-each-ref --format=%(refname)%00%(upstream:short)%00%(objectname)%00%(upstream:track)%00%(upstream:remotename)%00%(upstream:remoteref) refs/heads/main refs/remotes/main [1ms]
2023-12-13 09:43:33.579 [info] > git status -z -uall [2ms]
2023-12-13 09:43:33.579 [info] > git rev-parse --show-toplevel [4ms]
2023-12-13 09:43:33.588 [info] > git config --get commit.template [0ms]
2023-12-13 09:43:33.590 [info] > git for-each-ref --format=%(refname)%00%(upstream:short)%00%(objectname)%00%(upstream:track)%00%(upstream:remotename)%00%(upstream:remoteref) refs/heads/main refs/remotes/main [1ms]
2023-12-13 09:43:33.593 [info] > git status -z -uall [1ms]
2023-12-13 09:43:33.902 [info] > git show --textconv :recipes/hamburgers.html [3ms]
2023-12-13 09:43:33.902 [info] > git ls-files --stage -- /home/spence8/member-spencer-odin-recipes/recipes/hamburgers.html [1ms]
2023-12-13 09:43:33.904 [info] > git cat-file -s adc6a2297868c302a61b97c456e0842f4e59110c [0ms]
2023-12-13 09:43:34.083 [info] > git check-ignore -v -z --stdin [0ms]
2023-12-13 09:43:37.233 [info] > git config --get commit.template [3ms]
2023-12-13 09:43:37.234 [info] > git for-each-ref --format=%(refname)%00%(upstream:short)%00%(objectname)%00%(upstream:track)%00%(upstream:remotename)%00%(upstream:remoteref) refs/heads/main refs/remotes/main [1ms]
2023-12-13 09:43:37.237 [info] > git status -z -uall [1ms]
2023-12-13 09:43:37.399 [info] > git merge-base refs/heads/main refs/remotes/origin/main [1ms]
2023-12-13 09:43:37.402 [info] > git rev-list --count --left-right refs/heads/main...refs/remotes/origin/main [0ms]
2023-12-13 09:43:37.897 [info] > git check-ignore -v -z --stdin [0ms]
2023-12-13 09:43:48.721 [info] > git add -A -- . [2ms]
2023-12-13 09:43:48.732 [info] > git -c user.useConfigOnly=true commit --quiet --allow-empty-message --file - [8ms]
2023-12-13 09:43:48.735 [info] > git config --get commit.template [0ms]
2023-12-13 09:43:48.741 [info] > git config --get commit.template [1ms]
2023-12-13 09:43:48.744 [info] > git for-each-ref --format=%(refname)%00%(upstream:short)%00%(objectname)%00%(upstream:track)%00%(upstream:remotename)%00%(upstream:remoteref) refs/heads/main refs/remotes/main [1ms]
2023-12-13 09:43:48.747 [info] > git status -z -uall [1ms]
2023-12-13 09:43:48.767 [info] > git merge-base refs/heads/main refs/remotes/origin/main [3ms]
2023-12-13 09:43:48.769 [info] > git config --get commit.template [3ms]
2023-12-13 09:43:48.769 [info] > git rev-list --count --left-right refs/heads/main...refs/remotes/origin/main [1ms]
2023-12-13 09:43:48.772 [info] > git for-each-ref --format=%(refname)%00%(upstream:short)%00%(objectname)%00%(upstream:track)%00%(upstream:remotename)%00%(upstream:remoteref) refs/heads/main refs/remotes/main [1ms]
2023-12-13 09:43:48.775 [info] > git status -z -uall [1ms]
2023-12-13 09:43:49.835 [info] > git config --get commit.template [1ms]
2023-12-13 09:43:49.838 [info] > git for-each-ref --format=%(refname)%00%(upstream:short)%00%(objectname)%00%(upstream:track)%00%(upstream:remotename)%00%(upstream:remoteref) refs/heads/main refs/remotes/main [1ms]
2023-12-13 09:43:49.840 [info] > git status -z -uall [0ms]
2023-12-13 09:43:49.941 [info] > git ls-files --stage -- /home/spence8/member-spencer-odin-recipes/recipes/hamburgers.html [1ms]
2023-12-13 09:43:49.944 [info] > git cat-file -s adc6a2297868c302a61b97c456e0842f4e59110c [1ms]
2023-12-13 09:43:49.951 [info] > git show --textconv :recipes/hamburgers.html [1ms]
2023-12-13 09:43:51.621 [info] > git log --oneline --cherry main...main@{upstream} -- [0ms]
2023-12-13 09:43:52.651 [info] > git pull --tags origin main [1027ms]
2023-12-13 09:43:52.651 [info] From github.com:agile-learning-institute/member-spencer-odin-recipes
 * branch            main       -> FETCH_HEAD
2023-12-13 09:43:53.891 [info] > git ls-files --stage -- /home/spence8/member-spencer-odin-recipes/recipes/hamburgers.html [1ms]
2023-12-13 09:43:53.893 [info] > git cat-file -s adc6a2297868c302a61b97c456e0842f4e59110c [0ms]
2023-12-13 09:43:53.898 [info] > git show --textconv :recipes/hamburgers.html [1ms]
2023-12-13 09:43:53.974 [info] > git push origin main:main [1319ms]
2023-12-13 09:43:53.974 [info] To github.com:agile-learning-institute/member-spencer-odin-recipes.git
   3071306..9a8aba7  main -> main
2023-12-13 09:43:53.982 [info] > git config --get commit.template [4ms]
2023-12-13 09:43:53.982 [info] > git for-each-ref --format=%(refname)%00%(upstream:short)%00%(objectname)%00%(upstream:track)%00%(upstream:remotename)%00%(upstream:remoteref) refs/heads/main refs/remotes/main [1ms]
2023-12-13 09:43:53.984 [info] > git status -z -uall [0ms]
2023-12-13 09:43:53.996 [info] > git merge-base refs/heads/main refs/remotes/origin/main [1ms]
2023-12-13 09:43:53.998 [info] > git rev-list --count --left-right refs/heads/main...refs/remotes/origin/main [0ms]
2023-12-13 09:43:55.159 [info] > git config --get commit.template [2ms]
2023-12-13 09:43:55.162 [info] > git for-each-ref --format=%(refname)%00%(upstream:short)%00%(objectname)%00%(upstream:track)%00%(upstream:remotename)%00%(upstream:remoteref) refs/heads/main refs/remotes/main [0ms]
2023-12-13 09:43:55.165 [info] > git status -z -uall [1ms]
2023-12-13 09:43:55.262 [info] > git ls-files --stage -- /home/spence8/member-spencer-odin-recipes/recipes/hamburgers.html [0ms]
2023-12-13 09:43:55.265 [info] > git cat-file -s adc6a2297868c302a61b97c456e0842f4e59110c [1ms]
2023-12-13 09:43:55.270 [info] > git show --textconv :recipes/hamburgers.html [1ms]
2023-12-13 12:18:29.977 [info] > git show --textconv :recipes/burger.css [2ms]
2023-12-13 12:18:29.978 [info] > git ls-files --stage -- /home/spence8/member-spencer-odin-recipes/recipes/burger.css [1ms]
2023-12-13 12:18:29.980 [info] > git cat-file -s 5dd3d551c69697ddd2fb2e4dafa10f5e07c68c3b [0ms]
2023-12-13 12:18:31.772 [info] > git show --textconv :style.css [3ms]
2023-12-13 12:18:31.772 [info] > git ls-files --stage -- /home/spence8/member-spencer-odin-recipes/style.css [0ms]
2023-12-13 12:18:31.775 [info] > git cat-file -s 417f412ca3fda3b0af732ee95157136050282a16 [1ms]
2023-12-13 12:18:37.269 [info] > git show --textconv :recipes/burger.css [3ms]
2023-12-13 12:18:37.269 [info] > git ls-files --stage -- /home/spence8/member-spencer-odin-recipes/recipes/burger.css [1ms]
2023-12-13 12:18:37.272 [info] > git cat-file -s 5dd3d551c69697ddd2fb2e4dafa10f5e07c68c3b [0ms]
2023-12-13 12:18:37.889 [info] > git show --textconv :style.css [2ms]
2023-12-13 12:18:37.889 [info] > git ls-files --stage -- /home/spence8/member-spencer-odin-recipes/style.css [0ms]
2023-12-13 12:18:37.892 [info] > git cat-file -s 417f412ca3fda3b0af732ee95157136050282a16 [1ms]
2023-12-13 12:18:39.039 [info] > git show --textconv :recipes/burger.css [3ms]
2023-12-13 12:18:39.039 [info] > git ls-files --stage -- /home/spence8/member-spencer-odin-recipes/recipes/burger.css [1ms]
2023-12-13 12:18:39.041 [info] > git cat-file -s 5dd3d551c69697ddd2fb2e4dafa10f5e07c68c3b [0ms]
2023-12-13 12:18:39.669 [info] > git show --textconv :style.css [3ms]
2023-12-13 12:18:39.670 [info] > git ls-files --stage -- /home/spence8/member-spencer-odin-recipes/style.css [1ms]
2023-12-13 12:18:39.672 [info] > git cat-file -s 417f412ca3fda3b0af732ee95157136050282a16 [1ms]
2023-12-13 12:18:40.187 [info] > git show --textconv :recipes/burger.css [3ms]
2023-12-13 12:18:40.188 [info] > git ls-files --stage -- /home/spence8/member-spencer-odin-recipes/recipes/burger.css [1ms]
2023-12-13 12:18:40.190 [info] > git cat-file -s 5dd3d551c69697ddd2fb2e4dafa10f5e07c68c3b [1ms]
2023-12-13 12:18:40.655 [info] > git show --textconv :style.css [2ms]
2023-12-13 12:18:40.656 [info] > git ls-files --stage -- /home/spence8/member-spencer-odin-recipes/style.css [1ms]
2023-12-13 12:18:40.658 [info] > git cat-file -s 417f412ca3fda3b0af732ee95157136050282a16 [1ms]
2023-12-13 12:18:41.408 [info] > git show --textconv :recipes/burger.css [2ms]
2023-12-13 12:18:41.408 [info] > git ls-files --stage -- /home/spence8/member-spencer-odin-recipes/recipes/burger.css [1ms]
2023-12-13 12:18:41.410 [info] > git cat-file -s 5dd3d551c69697ddd2fb2e4dafa10f5e07c68c3b [0ms]
2023-12-13 12:18:42.169 [info] > git show --textconv :style.css [3ms]
2023-12-13 12:18:42.170 [info] > git ls-files --stage -- /home/spence8/member-spencer-odin-recipes/style.css [1ms]
2023-12-13 12:18:42.172 [info] > git cat-file -s 417f412ca3fda3b0af732ee95157136050282a16 [0ms]
2023-12-13 12:18:58.955 [info] > git show --textconv :recipes/burger.css [2ms]
2023-12-13 12:18:58.956 [info] > git ls-files --stage -- /home/spence8/member-spencer-odin-recipes/recipes/burger.css [0ms]
2023-12-13 12:18:58.958 [info] > git cat-file -s 5dd3d551c69697ddd2fb2e4dafa10f5e07c68c3b [1ms]
2023-12-13 12:19:52.774 [info] > git show --textconv :style.css [2ms]
2023-12-13 12:19:52.774 [info] > git ls-files --stage -- /home/spence8/member-spencer-odin-recipes/style.css [0ms]
2023-12-13 12:19:52.777 [info] > git cat-file -s 417f412ca3fda3b0af732ee95157136050282a16 [1ms]
2023-12-13 12:20:06.047 [info] > git show --textconv :recipes/hamburgers.html [3ms]
2023-12-13 12:20:06.047 [info] > git ls-files --stage -- /home/spence8/member-spencer-odin-recipes/recipes/hamburgers.html [0ms]
2023-12-13 12:20:06.050 [info] > git cat-file -s adc6a2297868c302a61b97c456e0842f4e59110c [0ms]
2023-12-13 12:20:06.873 [info] > git show --textconv :index.html [3ms]
2023-12-13 12:20:06.873 [info] > git ls-files --stage -- /home/spence8/member-spencer-odin-recipes/index.html [0ms]
2023-12-13 12:20:06.875 [info] > git cat-file -s d55f0ba68075898f974ccceb2ce1812d34821777 [0ms]
2023-12-13 12:31:50.386 [info] > git show --textconv :style.css [3ms]
2023-12-13 12:31:50.386 [info] > git ls-files --stage -- /home/spence8/member-spencer-odin-recipes/style.css [1ms]
2023-12-13 12:31:50.388 [info] > git cat-file -s 417f412ca3fda3b0af732ee95157136050282a16 [0ms]
2023-12-13 12:31:59.313 [info] > git config --get commit.template [0ms]
2023-12-13 12:31:59.316 [info] > git for-each-ref --format=%(refname)%00%(upstream:short)%00%(objectname)%00%(upstream:track)%00%(upstream:remotename)%00%(upstream:remoteref) refs/heads/main refs/remotes/main [1ms]
2023-12-13 12:31:59.319 [info] > git status -z -uall [1ms]
2023-12-13 13:12:57.391 [info] > git config --get commit.template [4ms]
2023-12-13 13:12:57.391 [info] > git for-each-ref --format=%(refname)%00%(upstream:short)%00%(objectname)%00%(upstream:track)%00%(upstream:remotename)%00%(upstream:remoteref) refs/heads/main refs/remotes/main [1ms]
2023-12-13 13:12:57.394 [info] > git status -z -uall [1ms]
2023-12-13 13:13:26.023 [info] > git add -A -- . [2ms]
2023-12-13 13:13:26.029 [info] > git -c user.useConfigOnly=true commit --quiet --allow-empty-message --file - [3ms]
2023-12-13 13:13:26.032 [info] > git config --get commit.template [0ms]
2023-12-13 13:13:26.037 [info] > git config --get commit.template [2ms]
2023-12-13 13:13:26.041 [info] > git for-each-ref --format=%(refname)%00%(upstream:short)%00%(objectname)%00%(upstream:track)%00%(upstream:remotename)%00%(upstream:remoteref) refs/heads/main refs/remotes/main [0ms]
2023-12-13 13:13:26.044 [info] > git status -z -uall [0ms]
2023-12-13 13:13:26.060 [info] > git merge-base refs/heads/main refs/remotes/origin/main [2ms]
2023-12-13 13:13:26.063 [info] > git config --get commit.template [3ms]
2023-12-13 13:13:26.065 [info] > git rev-list --count --left-right refs/heads/main...refs/remotes/origin/main [2ms]
2023-12-13 13:13:26.066 [info] > git for-each-ref --format=%(refname)%00%(upstream:short)%00%(objectname)%00%(upstream:track)%00%(upstream:remotename)%00%(upstream:remoteref) refs/heads/main refs/remotes/main [1ms]
2023-12-13 13:13:26.068 [info] > git status -z -uall [0ms]
2023-12-13 13:13:27.128 [info] > git config --get commit.template [3ms]
2023-12-13 13:13:27.129 [info] > git for-each-ref --format=%(refname)%00%(upstream:short)%00%(objectname)%00%(upstream:track)%00%(upstream:remotename)%00%(upstream:remoteref) refs/heads/main refs/remotes/main [1ms]
2023-12-13 13:13:27.132 [info] > git status -z -uall [1ms]
2023-12-13 13:13:27.223 [info] > git ls-files --stage -- /home/spence8/member-spencer-odin-recipes/style.css [0ms]
2023-12-13 13:13:27.226 [info] > git cat-file -s dc4dcc15dd7e024071a60864073a4bec57877d2b [1ms]
2023-12-13 13:13:27.230 [info] > git show --textconv :style.css [0ms]
2023-12-13 13:13:32.615 [info] > git log --oneline --cherry main...main@{upstream} -- [1ms]
2023-12-13 13:13:33.615 [info] > git pull --tags origin main [997ms]
2023-12-13 13:13:33.615 [info] From github.com:agile-learning-institute/member-spencer-odin-recipes
 * branch            main       -> FETCH_HEAD
2023-12-13 13:13:34.825 [info] > git push origin main:main [1208ms]
2023-12-13 13:13:34.825 [info] To github.com:agile-learning-institute/member-spencer-odin-recipes.git
   9a8aba7..073630b  main -> main
2023-12-13 13:13:34.831 [info] > git config --get commit.template [2ms]
2023-12-13 13:13:34.832 [info] > git for-each-ref --format=%(refname)%00%(upstream:short)%00%(objectname)%00%(upstream:track)%00%(upstream:remotename)%00%(upstream:remoteref) refs/heads/main refs/remotes/main [1ms]
2023-12-13 13:13:34.834 [info] > git status -z -uall [0ms]
2023-12-13 13:13:34.848 [info] > git merge-base refs/heads/main refs/remotes/origin/main [1ms]
2023-12-13 13:13:34.852 [info] > git rev-list --count --left-right refs/heads/main...refs/remotes/origin/main [2ms]
2023-12-13 13:13:34.853 [info] > git ls-files --stage -- /home/spence8/member-spencer-odin-recipes/style.css [1ms]
2023-12-13 13:13:34.855 [info] > git cat-file -s dc4dcc15dd7e024071a60864073a4bec57877d2b [1ms]
2023-12-13 13:13:34.902 [info] > git show --textconv :style.css [0ms]
2023-12-13 13:13:36.014 [info] > git config --get commit.template [3ms]
2023-12-13 13:13:36.014 [info] > git for-each-ref --format=%(refname)%00%(upstream:short)%00%(objectname)%00%(upstream:track)%00%(upstream:remotename)%00%(upstream:remoteref) refs/heads/main refs/remotes/main [1ms]
2023-12-13 13:13:36.017 [info] > git status -z -uall [0ms]
2023-12-13 13:13:36.114 [info] > git ls-files --stage -- /home/spence8/member-spencer-odin-recipes/style.css [1ms]
2023-12-13 13:13:36.116 [info] > git cat-file -s dc4dcc15dd7e024071a60864073a4bec57877d2b [0ms]
2023-12-13 13:13:36.121 [info] > git show --textconv :style.css [1ms]
