2024-03-17 10:30:48.504 [info] Extension host with pid 567 started
2024-03-17 10:30:48.511 [info] Lock '/home/spence8/.vscode-server/data/User/workspaceStorage/bdb9f71e0a0cb83aef9104ebedeb63e5/vscode.lock': Lock acquired.
2024-03-17 10:30:48.533 [info] ExtensionService#_doActivateExtension vscode.tunnel-forwarding, startup: false, activationEvent: 'onTunnel'
2024-03-17 10:30:48.533 [info] ExtensionService#_doActivateExtension vscode.typescript-language-features, startup: false, activationEvent: 'onLanguage:javascript'
2024-03-17 10:30:48.534 [info] ExtensionService#_doActivateExtension vscode.emmet, startup: false, activationEvent: 'onLanguage'
2024-03-17 10:30:48.672 [info] ExtensionService#_doActivateExtension vscode.git-base, startup: true, activationEvent: '*', root cause: vscode.git
2024-03-17 10:30:48.701 [info] ExtensionService#_doActivateExtension vscode.git, startup: true, activationEvent: '*'
2024-03-17 10:30:48.701 [info] ExtensionService#_doActivateExtension vscode.github, startup: true, activationEvent: '*'
2024-03-17 10:30:48.853 [info] Eager extensions activated
2024-03-17 10:30:48.853 [info] ExtensionService#_doActivateExtension vscode.debug-auto-launch, startup: false, activationEvent: 'onStartupFinished'
2024-03-17 10:30:48.854 [info] ExtensionService#_doActivateExtension vscode.merge-conflict, startup: false, activationEvent: 'onStartupFinished'
2024-03-17 10:30:48.854 [info] ExtensionService#_doActivateExtension ritwickdey.LiveServer, startup: false, activationEvent: 'onStartupFinished'
2024-03-17 10:30:49.032 [info] ExtensionService#_doActivateExtension vscode.json-language-features, startup: false, activationEvent: 'onLanguage:jsonc'
2024-03-17 10:34:20.151 [info] Extension host terminating: received terminate message from renderer
2024-03-17 10:34:20.152 [info] Lock '/home/spence8/.vscode-server/data/User/workspaceStorage/bdb9f71e0a0cb83aef9104ebedeb63e5/vscode.lock': Marking the lockfile as scheduled to be released in 6000 ms.
2024-03-17 10:34:20.176 [error] Canceled: Canceled
	at new $ (/home/spence8/.vscode-server/bin/863d2581ecda6849923a2118d93a088b0745d9d6/out/vs/workbench/api/node/extensionHostProcess.js:140:45885)
	at s.U (/home/spence8/.vscode-server/bin/863d2581ecda6849923a2118d93a088b0745d9d6/out/vs/workbench/api/node/extensionHostProcess.js:147:5556)
	at z.<computed>.T.charCodeAt.z.<computed> (/home/spence8/.vscode-server/bin/863d2581ecda6849923a2118d93a088b0745d9d6/out/vs/workbench/api/node/extensionHostProcess.js:147:3007)
	at u.g (/home/spence8/.vscode-server/bin/863d2581ecda6849923a2118d93a088b0745d9d6/out/vs/workbench/api/node/extensionHostProcess.js:150:184300)
	at u.executeCommand (/home/spence8/.vscode-server/bin/863d2581ecda6849923a2118d93a088b0745d9d6/out/vs/workbench/api/node/extensionHostProcess.js:150:183738)
	at f.registerCommand.description (/home/spence8/.vscode-server/bin/863d2581ecda6849923a2118d93a088b0745d9d6/out/vs/workbench/api/node/extensionHostProcess.js:150:183062)
	at u.h (/home/spence8/.vscode-server/bin/863d2581ecda6849923a2118d93a088b0745d9d6/out/vs/workbench/api/node/extensionHostProcess.js:150:184839)
	at u.g (/home/spence8/.vscode-server/bin/863d2581ecda6849923a2118d93a088b0745d9d6/out/vs/workbench/api/node/extensionHostProcess.js:150:183831)
	at u.executeCommand (/home/spence8/.vscode-server/bin/863d2581ecda6849923a2118d93a088b0745d9d6/out/vs/workbench/api/node/extensionHostProcess.js:150:183738)
	at Object.executeCommand (/home/spence8/.vscode-server/bin/863d2581ecda6849923a2118d93a088b0745d9d6/out/vs/workbench/api/node/extensionHostProcess.js:160:21654)
	at p.O [as value] (/home/spence8/.vscode-server/bin/863d2581ecda6849923a2118d93a088b0745d9d6/extensions/git/dist/main.js:2:943479)
	at n.y (/home/spence8/.vscode-server/bin/863d2581ecda6849923a2118d93a088b0745d9d6/out/vs/workbench/api/node/extensionHostProcess.js:80:1902)
	at n.z (/home/spence8/.vscode-server/bin/863d2581ecda6849923a2118d93a088b0745d9d6/out/vs/workbench/api/node/extensionHostProcess.js:80:1972)
	at n.fire (/home/spence8/.vscode-server/bin/863d2581ecda6849923a2118d93a088b0745d9d6/out/vs/workbench/api/node/extensionHostProcess.js:80:2188)
	at Object.m [as dispose] (/home/spence8/.vscode-server/bin/863d2581ecda6849923a2118d93a088b0745d9d6/extensions/git/dist/main.js:2:962791)
	at /home/spence8/.vscode-server/bin/863d2581ecda6849923a2118d93a088b0745d9d6/extensions/git/dist/main.js:2:968825
	at Array.forEach (<anonymous>)
	at f.dispose (/home/spence8/.vscode-server/bin/863d2581ecda6849923a2118d93a088b0745d9d6/extensions/git/dist/main.js:2:968811)
	at l.<anonymous> (/home/spence8/.vscode-server/bin/863d2581ecda6849923a2118d93a088b0745d9d6/out/vs/workbench/api/node/extensionHostProcess.js:148:3704)
	at l.dispose (/home/spence8/.vscode-server/bin/863d2581ecda6849923a2118d93a088b0745d9d6/out/vs/workbench/api/node/extensionHostProcess.js:148:3801)
	at l.<anonymous> (/home/spence8/.vscode-server/bin/863d2581ecda6849923a2118d93a088b0745d9d6/extensions/git/dist/main.js:2:945736)
	at l.dispose (/home/spence8/.vscode-server/bin/863d2581ecda6849923a2118d93a088b0745d9d6/out/vs/workbench/api/node/extensionHostProcess.js:148:3801)
	at o (/home/spence8/.vscode-server/bin/863d2581ecda6849923a2118d93a088b0745d9d6/out/vs/workbench/api/node/extensionHostProcess.js:30:754)
	at p.cb (/home/spence8/.vscode-server/bin/863d2581ecda6849923a2118d93a088b0745d9d6/out/vs/workbench/api/node/extensionHostProcess.js:156:9882)
	at /home/spence8/.vscode-server/bin/863d2581ecda6849923a2118d93a088b0745d9d6/out/vs/workbench/api/node/extensionHostProcess.js:156:7816
	at Array.map (<anonymous>)
	at p.Y (/home/spence8/.vscode-server/bin/863d2581ecda6849923a2118d93a088b0745d9d6/out/vs/workbench/api/node/extensionHostProcess.js:156:7803)
	at p.terminate (/home/spence8/.vscode-server/bin/863d2581ecda6849923a2118d93a088b0745d9d6/out/vs/workbench/api/node/extensionHostProcess.js:156:8076)
	at o.terminate (/home/spence8/.vscode-server/bin/863d2581ecda6849923a2118d93a088b0745d9d6/out/vs/workbench/api/node/extensionHostProcess.js:160:1513)
	at t (/home/spence8/.vscode-server/bin/863d2581ecda6849923a2118d93a088b0745d9d6/out/vs/workbench/api/node/extensionHostProcess.js:173:9949)
	at p.value (/home/spence8/.vscode-server/bin/863d2581ecda6849923a2118d93a088b0745d9d6/out/vs/workbench/api/node/extensionHostProcess.js:173:7996)
	at n.y (/home/spence8/.vscode-server/bin/863d2581ecda6849923a2118d93a088b0745d9d6/out/vs/workbench/api/node/extensionHostProcess.js:80:1902)
	at n.fire (/home/spence8/.vscode-server/bin/863d2581ecda6849923a2118d93a088b0745d9d6/out/vs/workbench/api/node/extensionHostProcess.js:80:2119)
	at r.fire (/home/spence8/.vscode-server/bin/863d2581ecda6849923a2118d93a088b0745d9d6/out/vs/workbench/api/node/extensionHostProcess.js:105:14091)
	at u.z (/home/spence8/.vscode-server/bin/863d2581ecda6849923a2118d93a088b0745d9d6/out/vs/workbench/api/node/extensionHostProcess.js:105:17156)
	at p.value (/home/spence8/.vscode-server/bin/863d2581ecda6849923a2118d93a088b0745d9d6/out/vs/workbench/api/node/extensionHostProcess.js:105:15608)
	at n.y (/home/spence8/.vscode-server/bin/863d2581ecda6849923a2118d93a088b0745d9d6/out/vs/workbench/api/node/extensionHostProcess.js:80:1902)
	at n.fire (/home/spence8/.vscode-server/bin/863d2581ecda6849923a2118d93a088b0745d9d6/out/vs/workbench/api/node/extensionHostProcess.js:80:2119)
	at p.acceptChunk (/home/spence8/.vscode-server/bin/863d2581ecda6849923a2118d93a088b0745d9d6/out/vs/workbench/api/node/extensionHostProcess.js:105:11865)
	at p.value (/home/spence8/.vscode-server/bin/863d2581ecda6849923a2118d93a088b0745d9d6/out/vs/workbench/api/node/extensionHostProcess.js:105:11152)
	at n.y (/home/spence8/.vscode-server/bin/863d2581ecda6849923a2118d93a088b0745d9d6/out/vs/workbench/api/node/extensionHostProcess.js:80:1902)
	at n.fire (/home/spence8/.vscode-server/bin/863d2581ecda6849923a2118d93a088b0745d9d6/out/vs/workbench/api/node/extensionHostProcess.js:80:2119)
	at n.z (/home/spence8/.vscode-server/bin/863d2581ecda6849923a2118d93a088b0745d9d6/out/vs/workbench/api/node/extensionHostProcess.js:170:19768)
	at n.acceptFrame (/home/spence8/.vscode-server/bin/863d2581ecda6849923a2118d93a088b0745d9d6/out/vs/workbench/api/node/extensionHostProcess.js:170:19574)
	at i.n (/home/spence8/.vscode-server/bin/863d2581ecda6849923a2118d93a088b0745d9d6/out/vs/workbench/api/node/extensionHostProcess.js:170:18073)
	at /home/spence8/.vscode-server/bin/863d2581ecda6849923a2118d93a088b0745d9d6/out/vs/workbench/api/node/extensionHostProcess.js:170:15293
	at Socket.y (/home/spence8/.vscode-server/bin/863d2581ecda6849923a2118d93a088b0745d9d6/out/vs/workbench/api/node/extensionHostProcess.js:170:13198)
	at Socket.emit (node:events:514:28)
	at addChunk (node:internal/streams/readable:324:12)
	at readableAddChunk (node:internal/streams/readable:297:9)
	at Readable.push (node:internal/streams/readable:234:10)
	at TCP.onStreamRead (node:internal/stream_base_commons:190:23) setContext undefined
2024-03-17 10:34:20.176 [error] Canceled: Canceled
	at new $ (/home/spence8/.vscode-server/bin/863d2581ecda6849923a2118d93a088b0745d9d6/out/vs/workbench/api/node/extensionHostProcess.js:140:45885)
	at s.U (/home/spence8/.vscode-server/bin/863d2581ecda6849923a2118d93a088b0745d9d6/out/vs/workbench/api/node/extensionHostProcess.js:147:5556)
	at z.<computed>.T.charCodeAt.z.<computed> (/home/spence8/.vscode-server/bin/863d2581ecda6849923a2118d93a088b0745d9d6/out/vs/workbench/api/node/extensionHostProcess.js:147:3007)
	at u.g (/home/spence8/.vscode-server/bin/863d2581ecda6849923a2118d93a088b0745d9d6/out/vs/workbench/api/node/extensionHostProcess.js:150:184300)
	at u.executeCommand (/home/spence8/.vscode-server/bin/863d2581ecda6849923a2118d93a088b0745d9d6/out/vs/workbench/api/node/extensionHostProcess.js:150:183738)
	at f.registerCommand.description (/home/spence8/.vscode-server/bin/863d2581ecda6849923a2118d93a088b0745d9d6/out/vs/workbench/api/node/extensionHostProcess.js:150:183062)
	at u.h (/home/spence8/.vscode-server/bin/863d2581ecda6849923a2118d93a088b0745d9d6/out/vs/workbench/api/node/extensionHostProcess.js:150:184839)
	at u.g (/home/spence8/.vscode-server/bin/863d2581ecda6849923a2118d93a088b0745d9d6/out/vs/workbench/api/node/extensionHostProcess.js:150:183831)
	at u.executeCommand (/home/spence8/.vscode-server/bin/863d2581ecda6849923a2118d93a088b0745d9d6/out/vs/workbench/api/node/extensionHostProcess.js:150:183738)
	at Object.executeCommand (/home/spence8/.vscode-server/bin/863d2581ecda6849923a2118d93a088b0745d9d6/out/vs/workbench/api/node/extensionHostProcess.js:160:21654)
	at set hasGitHubRepositories [as hasGitHubRepositories] (/home/spence8/.vscode-server/bin/863d2581ecda6849923a2118d93a088b0745d9d6/extensions/github/dist/extension.js:2:325214)
	at /home/spence8/.vscode-server/bin/863d2581ecda6849923a2118d93a088b0745d9d6/extensions/github/dist/extension.js:2:326173
	at p.value (/home/spence8/.vscode-server/bin/863d2581ecda6849923a2118d93a088b0745d9d6/extensions/git/dist/main.js:2:1050811)
	at n.y (/home/spence8/.vscode-server/bin/863d2581ecda6849923a2118d93a088b0745d9d6/out/vs/workbench/api/node/extensionHostProcess.js:80:1902)
	at n.z (/home/spence8/.vscode-server/bin/863d2581ecda6849923a2118d93a088b0745d9d6/out/vs/workbench/api/node/extensionHostProcess.js:80:1972)
	at n.fire (/home/spence8/.vscode-server/bin/863d2581ecda6849923a2118d93a088b0745d9d6/out/vs/workbench/api/node/extensionHostProcess.js:80:2188)
	at Object.m [as dispose] (/home/spence8/.vscode-server/bin/863d2581ecda6849923a2118d93a088b0745d9d6/extensions/git/dist/main.js:2:962791)
	at /home/spence8/.vscode-server/bin/863d2581ecda6849923a2118d93a088b0745d9d6/extensions/git/dist/main.js:2:968825
	at Array.forEach (<anonymous>)
	at f.dispose (/home/spence8/.vscode-server/bin/863d2581ecda6849923a2118d93a088b0745d9d6/extensions/git/dist/main.js:2:968811)
	at l.<anonymous> (/home/spence8/.vscode-server/bin/863d2581ecda6849923a2118d93a088b0745d9d6/out/vs/workbench/api/node/extensionHostProcess.js:148:3704)
	at l.dispose (/home/spence8/.vscode-server/bin/863d2581ecda6849923a2118d93a088b0745d9d6/out/vs/workbench/api/node/extensionHostProcess.js:148:3801)
	at l.<anonymous> (/home/spence8/.vscode-server/bin/863d2581ecda6849923a2118d93a088b0745d9d6/extensions/git/dist/main.js:2:945736)
	at l.dispose (/home/spence8/.vscode-server/bin/863d2581ecda6849923a2118d93a088b0745d9d6/out/vs/workbench/api/node/extensionHostProcess.js:148:3801)
	at o (/home/spence8/.vscode-server/bin/863d2581ecda6849923a2118d93a088b0745d9d6/out/vs/workbench/api/node/extensionHostProcess.js:30:754)
	at p.cb (/home/spence8/.vscode-server/bin/863d2581ecda6849923a2118d93a088b0745d9d6/out/vs/workbench/api/node/extensionHostProcess.js:156:9882)
	at /home/spence8/.vscode-server/bin/863d2581ecda6849923a2118d93a088b0745d9d6/out/vs/workbench/api/node/extensionHostProcess.js:156:7816
	at Array.map (<anonymous>)
	at p.Y (/home/spence8/.vscode-server/bin/863d2581ecda6849923a2118d93a088b0745d9d6/out/vs/workbench/api/node/extensionHostProcess.js:156:7803)
	at p.terminate (/home/spence8/.vscode-server/bin/863d2581ecda6849923a2118d93a088b0745d9d6/out/vs/workbench/api/node/extensionHostProcess.js:156:8076)
	at o.terminate (/home/spence8/.vscode-server/bin/863d2581ecda6849923a2118d93a088b0745d9d6/out/vs/workbench/api/node/extensionHostProcess.js:160:1513)
	at t (/home/spence8/.vscode-server/bin/863d2581ecda6849923a2118d93a088b0745d9d6/out/vs/workbench/api/node/extensionHostProcess.js:173:9949)
	at p.value (/home/spence8/.vscode-server/bin/863d2581ecda6849923a2118d93a088b0745d9d6/out/vs/workbench/api/node/extensionHostProcess.js:173:7996)
	at n.y (/home/spence8/.vscode-server/bin/863d2581ecda6849923a2118d93a088b0745d9d6/out/vs/workbench/api/node/extensionHostProcess.js:80:1902)
	at n.fire (/home/spence8/.vscode-server/bin/863d2581ecda6849923a2118d93a088b0745d9d6/out/vs/workbench/api/node/extensionHostProcess.js:80:2119)
	at r.fire (/home/spence8/.vscode-server/bin/863d2581ecda6849923a2118d93a088b0745d9d6/out/vs/workbench/api/node/extensionHostProcess.js:105:14091)
	at u.z (/home/spence8/.vscode-server/bin/863d2581ecda6849923a2118d93a088b0745d9d6/out/vs/workbench/api/node/extensionHostProcess.js:105:17156)
	at p.value (/home/spence8/.vscode-server/bin/863d2581ecda6849923a2118d93a088b0745d9d6/out/vs/workbench/api/node/extensionHostProcess.js:105:15608)
	at n.y (/home/spence8/.vscode-server/bin/863d2581ecda6849923a2118d93a088b0745d9d6/out/vs/workbench/api/node/extensionHostProcess.js:80:1902)
	at n.fire (/home/spence8/.vscode-server/bin/863d2581ecda6849923a2118d93a088b0745d9d6/out/vs/workbench/api/node/extensionHostProcess.js:80:2119)
	at p.acceptChunk (/home/spence8/.vscode-server/bin/863d2581ecda6849923a2118d93a088b0745d9d6/out/vs/workbench/api/node/extensionHostProcess.js:105:11865)
	at p.value (/home/spence8/.vscode-server/bin/863d2581ecda6849923a2118d93a088b0745d9d6/out/vs/workbench/api/node/extensionHostProcess.js:105:11152)
	at n.y (/home/spence8/.vscode-server/bin/863d2581ecda6849923a2118d93a088b0745d9d6/out/vs/workbench/api/node/extensionHostProcess.js:80:1902)
	at n.fire (/home/spence8/.vscode-server/bin/863d2581ecda6849923a2118d93a088b0745d9d6/out/vs/workbench/api/node/extensionHostProcess.js:80:2119)
	at n.z (/home/spence8/.vscode-server/bin/863d2581ecda6849923a2118d93a088b0745d9d6/out/vs/workbench/api/node/extensionHostProcess.js:170:19768)
	at n.acceptFrame (/home/spence8/.vscode-server/bin/863d2581ecda6849923a2118d93a088b0745d9d6/out/vs/workbench/api/node/extensionHostProcess.js:170:19574)
	at i.n (/home/spence8/.vscode-server/bin/863d2581ecda6849923a2118d93a088b0745d9d6/out/vs/workbench/api/node/extensionHostProcess.js:170:18073)
	at /home/spence8/.vscode-server/bin/863d2581ecda6849923a2118d93a088b0745d9d6/out/vs/workbench/api/node/extensionHostProcess.js:170:15293
	at Socket.y (/home/spence8/.vscode-server/bin/863d2581ecda6849923a2118d93a088b0745d9d6/out/vs/workbench/api/node/extensionHostProcess.js:170:13198)
	at Socket.emit (node:events:514:28)
	at addChunk (node:internal/streams/readable:324:12)
	at readableAddChunk (node:internal/streams/readable:297:9)
	at Readable.push (node:internal/streams/readable:234:10)
	at TCP.onStreamRead (node:internal/stream_base_commons:190:23) setContext undefined
2024-03-17 10:34:20.180 [info] Extension host with pid 567 exiting with code 0
