2024-01-03 13:41:49.277 [info] Log level: Info
2024-01-03 13:41:49.277 [info] Validating found git in: "git"
2024-01-03 13:41:49.277 [info] Using git "2.34.1" from "git"
2024-01-03 13:41:49.277 [info] > git rev-parse --show-toplevel [2ms]
2024-01-03 13:41:49.277 [info] > git rev-parse --git-dir --git-common-dir [1ms]
2024-01-03 13:41:49.277 [info] Open repository: /home/spence8/member-spencer-odin-recipes
2024-01-03 13:41:49.303 [info] > git rev-parse --show-toplevel [22ms]
2024-01-03 13:41:49.304 [info] > git config --get commit.template [24ms]
2024-01-03 13:41:49.314 [info] > git rev-parse --show-toplevel [7ms]
2024-01-03 13:41:49.317 [info] > git for-each-ref --format=%(refname)%00%(upstream:short)%00%(objectname)%00%(upstream:track)%00%(upstream:remotename)%00%(upstream:remoteref) refs/heads/main refs/remotes/main [4ms]
2024-01-03 13:41:49.323 [info] > git status -z -uall [2ms]
2024-01-03 13:41:49.331 [info] > git config --get commit.template [0ms]
2024-01-03 13:41:49.337 [info] > git for-each-ref --format=%(refname)%00%(upstream:short)%00%(objectname)%00%(upstream:track)%00%(upstream:remotename)%00%(upstream:remoteref) refs/heads/main refs/remotes/main [1ms]
2024-01-03 13:41:49.341 [info] > git status -z -uall [1ms]
2024-01-03 13:41:49.628 [info] > git show --textconv :style.css [2ms]
2024-01-03 13:41:49.629 [info] > git ls-files --stage -- /home/spence8/member-spencer-odin-recipes/style.css [1ms]
2024-01-03 13:41:49.632 [info] > git cat-file -s dc4dcc15dd7e024071a60864073a4bec57877d2b [1ms]
2024-01-03 13:41:49.818 [info] > git check-ignore -v -z --stdin [26ms]
2024-01-03 13:42:28.064 [info] > git show --textconv :index.html [3ms]
2024-01-03 13:42:28.064 [info] > git ls-files --stage -- /home/spence8/member-spencer-odin-recipes/index.html [1ms]
2024-01-03 13:42:28.068 [info] > git cat-file -s d55f0ba68075898f974ccceb2ce1812d34821777 [1ms]
2024-01-03 13:42:35.500 [info] > git show --textconv :style.css [3ms]
2024-01-03 13:42:35.500 [info] > git ls-files --stage -- /home/spence8/member-spencer-odin-recipes/style.css [1ms]
2024-01-03 13:42:35.502 [info] > git cat-file -s dc4dcc15dd7e024071a60864073a4bec57877d2b [0ms]
2024-01-03 13:42:53.206 [info] > git config --get commit.template [4ms]
2024-01-03 13:42:53.206 [info] > git for-each-ref --format=%(refname)%00%(upstream:short)%00%(objectname)%00%(upstream:track)%00%(upstream:remotename)%00%(upstream:remoteref) refs/heads/main refs/remotes/main [1ms]
2024-01-03 13:42:53.209 [info] > git status -z -uall [0ms]
2024-01-03 13:43:04.564 [info] > git config --get commit.template [0ms]
2024-01-03 13:43:04.567 [info] > git for-each-ref --format=%(refname)%00%(upstream:short)%00%(objectname)%00%(upstream:track)%00%(upstream:remotename)%00%(upstream:remoteref) refs/heads/main refs/remotes/main [0ms]
2024-01-03 13:43:04.571 [info] > git status -z -uall [1ms]
2024-01-03 13:43:25.340 [info] > git config --get commit.template [1ms]
2024-01-03 13:43:25.344 [info] > git for-each-ref --format=%(refname)%00%(upstream:short)%00%(objectname)%00%(upstream:track)%00%(upstream:remotename)%00%(upstream:remoteref) refs/heads/main refs/remotes/main [1ms]
2024-01-03 13:43:25.347 [info] > git status -z -uall [1ms]
2024-01-03 13:43:42.206 [info] > git show --textconv :index.html [4ms]
2024-01-03 13:43:42.206 [info] > git ls-files --stage -- /home/spence8/member-spencer-odin-recipes/index.html [1ms]
2024-01-03 13:43:42.209 [info] > git cat-file -s d55f0ba68075898f974ccceb2ce1812d34821777 [1ms]
2024-01-03 13:45:02.638 [info] > git show --textconv :style.css [5ms]
2024-01-03 13:45:02.638 [info] > git ls-files --stage -- /home/spence8/member-spencer-odin-recipes/style.css [1ms]
2024-01-03 13:45:02.642 [info] > git cat-file -s dc4dcc15dd7e024071a60864073a4bec57877d2b [2ms]
2024-01-03 13:45:30.501 [info] > git config --get commit.template [1ms]
2024-01-03 13:45:30.505 [info] > git for-each-ref --format=%(refname)%00%(upstream:short)%00%(objectname)%00%(upstream:track)%00%(upstream:remotename)%00%(upstream:remoteref) refs/heads/main refs/remotes/main [0ms]
2024-01-03 13:45:30.509 [info] > git status -z -uall [1ms]
2024-01-03 13:45:41.670 [info] > git merge-base refs/heads/main refs/remotes/origin/main [1ms]
2024-01-03 13:45:41.675 [info] > git rev-list --count --left-right refs/heads/main...refs/remotes/origin/main [2ms]
2024-01-03 13:46:02.722 [info] > git add -A -- . [2ms]
2024-01-03 13:46:02.733 [info] > git -c user.useConfigOnly=true commit --quiet --allow-empty-message --file - [9ms]
2024-01-03 13:46:02.738 [info] > git config --get commit.template [1ms]
2024-01-03 13:46:02.745 [info] > git config --get commit.template [3ms]
2024-01-03 13:46:02.746 [info] > git for-each-ref --format=%(refname)%00%(upstream:short)%00%(objectname)%00%(upstream:track)%00%(upstream:remotename)%00%(upstream:remoteref) refs/heads/main refs/remotes/main [0ms]
2024-01-03 13:46:02.750 [info] > git status -z -uall [1ms]
2024-01-03 13:46:02.769 [info] > git config --get commit.template [4ms]
2024-01-03 13:46:02.772 [info] > git merge-base refs/heads/main refs/remotes/origin/main [4ms]
2024-01-03 13:46:02.775 [info] > git for-each-ref --format=%(refname)%00%(upstream:short)%00%(objectname)%00%(upstream:track)%00%(upstream:remotename)%00%(upstream:remoteref) refs/heads/main refs/remotes/main [3ms]
2024-01-03 13:46:02.776 [info] > git rev-list --count --left-right refs/heads/main...refs/remotes/origin/main [1ms]
2024-01-03 13:46:02.779 [info] > git status -z -uall [1ms]
2024-01-03 13:46:03.837 [info] > git config --get commit.template [0ms]
2024-01-03 13:46:03.841 [info] > git for-each-ref --format=%(refname)%00%(upstream:short)%00%(objectname)%00%(upstream:track)%00%(upstream:remotename)%00%(upstream:remoteref) refs/heads/main refs/remotes/main [1ms]
2024-01-03 13:46:03.844 [info] > git status -z -uall [1ms]
2024-01-03 13:46:03.935 [info] > git ls-files --stage -- /home/spence8/member-spencer-odin-recipes/style.css [1ms]
2024-01-03 13:46:03.938 [info] > git cat-file -s 327bf2f5e9b9bd4b20bf4f1fe5cb72f5f1ac5acd [1ms]
2024-01-03 13:46:03.943 [info] > git show --textconv :style.css [1ms]
2024-01-03 13:47:00.416 [info] > git show --textconv :index.html [4ms]
2024-01-03 13:47:00.416 [info] > git ls-files --stage -- /home/spence8/member-spencer-odin-recipes/index.html [1ms]
2024-01-03 13:47:00.419 [info] > git cat-file -s d55f0ba68075898f974ccceb2ce1812d34821777 [1ms]
