2024-02-15 11:54:14.163 [info] Log level: Info
2024-02-15 11:54:14.163 [info] Validating found git in: "git"
2024-02-15 11:54:14.163 [info] Using git "2.34.1" from "git"
2024-02-15 11:54:14.163 [info] > git rev-parse --show-toplevel [3ms]
2024-02-15 11:54:14.163 [info] > git rev-parse --git-dir --git-common-dir [1ms]
2024-02-15 11:54:14.174 [info] Open repository: /home/spence8/member-spencer-odin-recipes
2024-02-15 11:54:14.201 [info] > git rev-parse --show-toplevel [22ms]
2024-02-15 11:54:14.201 [info] > git config --get commit.template [24ms]
2024-02-15 11:54:14.207 [info] > git rev-parse --show-toplevel [3ms]
2024-02-15 11:54:14.209 [info] > git for-each-ref --format=%(refname)%00%(upstream:short)%00%(objectname)%00%(upstream:track)%00%(upstream:remotename)%00%(upstream:remoteref) refs/heads/main refs/remotes/main [2ms]
2024-02-15 11:54:14.214 [info] > git status -z -uall [1ms]
2024-02-15 11:54:14.221 [info] > git config --get commit.template [0ms]
2024-02-15 11:54:14.223 [info] > git for-each-ref --format=%(refname)%00%(upstream:short)%00%(objectname)%00%(upstream:track)%00%(upstream:remotename)%00%(upstream:remoteref) refs/heads/main refs/remotes/main [1ms]
2024-02-15 11:54:14.226 [info] > git status -z -uall [1ms]
2024-02-15 11:54:14.529 [info] > git show --textconv :readme.md [22ms]
2024-02-15 11:54:14.530 [info] > git ls-files --stage -- /home/spence8/member-spencer-odin-recipes/readme.md [20ms]
2024-02-15 11:54:14.533 [info] > git cat-file -s e681410bc0e2e1066e55aef6576e2508d4eb8767 [1ms]
2024-02-15 11:54:14.687 [info] > git check-ignore -v -z --stdin [0ms]
2024-02-15 11:54:15.191 [info] > git fetch [1018ms]
2024-02-15 11:54:15.198 [info] > git config --get commit.template [3ms]
2024-02-15 11:54:15.199 [info] > git for-each-ref --format=%(refname)%00%(upstream:short)%00%(objectname)%00%(upstream:track)%00%(upstream:remotename)%00%(upstream:remoteref) refs/heads/main refs/remotes/main [0ms]
2024-02-15 11:54:15.202 [info] > git status -z -uall [1ms]
2024-02-15 11:54:16.272 [info] > git config --get commit.template [18ms]
2024-02-15 11:54:16.274 [info] > git for-each-ref --format=%(refname)%00%(upstream:short)%00%(objectname)%00%(upstream:track)%00%(upstream:remotename)%00%(upstream:remoteref) refs/heads/main refs/remotes/main [0ms]
2024-02-15 11:54:16.277 [info] > git status -z -uall [0ms]
2024-02-15 11:54:16.355 [info] > git ls-files --stage -- /home/spence8/member-spencer-odin-recipes/readme.md [0ms]
2024-02-15 11:54:16.358 [info] > git cat-file -s e681410bc0e2e1066e55aef6576e2508d4eb8767 [0ms]
2024-02-15 11:54:16.363 [info] > git show --textconv :readme.md [0ms]
2024-02-15 11:56:44.644 [info] > git merge-base refs/heads/main refs/remotes/origin/main [0ms]
2024-02-15 11:56:44.647 [info] > git rev-list --count --left-right refs/heads/main...refs/remotes/origin/main [0ms]
